[2026-06-13 14:09:29,025] INFO [QuorumController id=1] Creating new QuorumController with clusterId O99loMBmT1mHF8DTrO4k2g. (org.apache.kafka.controller.QuorumController)
[2026-06-13 14:09:29,030] INFO [QuorumController id=1] Becoming the active controller at epoch 1, next write offset 1. (org.apache.kafka.controller.QuorumController)
[2026-06-13 14:09:29,038] WARN [QuorumController id=1] Performing controller activation. The metadata log appears to be empty. Appending 1 bootstrap record(s) in metadata transaction at metadata.version 3.6-IV2 from bootstrap source 'the binary bootstrap metadata file: \tmp\kraft-combined-logs\bootstrap.checkpoint'. Setting the ZK migration state to NONE since this is a de-novo KRaft cluster. (org.apache.kafka.controller.QuorumController)
[2026-06-13 14:09:29,039] INFO [QuorumController id=1] Replayed BeginTransactionRecord(name='Bootstrap records') at offset 1. (org.apache.kafka.controller.OffsetControlManager)
[2026-06-13 14:09:29,040] INFO [QuorumController id=1] Replayed a FeatureLevelRecord setting metadata version to 3.6-IV2 (org.apache.kafka.controller.FeatureControlManager)
[2026-06-13 14:09:29,041] INFO [QuorumController id=1] Replayed EndTransactionRecord() at offset 4. (org.apache.kafka.controller.OffsetControlManager)
[2026-06-13 14:09:29,427] INFO [QuorumController id=1] Replayed initial RegisterBrokerRecord for broker 1: RegisterBrokerRecord(brokerId=1, isMigratingZkBroker=false, incarnationId=EyD2SdN7TMOTNG-WjxJpwg, brokerEpoch=5, endPoints=[BrokerEndpoint(name='PLAINTEXT', host='localhost', port=9092, securityProtocol=0)], features=[BrokerFeature(name='metadata.version', minSupportedVersion=1, maxSupportedVersion=14)], rack=null, fenced=true, inControlledShutdown=false) (org.apache.kafka.controller.ClusterControlManager)
[2026-06-13 14:09:29,504] INFO [QuorumController id=1] The request from broker 1 to unfence has been granted because it has caught up with the offset of its register broker record 5. (org.apache.kafka.controller.BrokerHeartbeatManager)
[2026-06-13 14:09:29,512] INFO [QuorumController id=1] Replayed BrokerRegistrationChangeRecord modifying the registration for broker 1: BrokerRegistrationChangeRecord(brokerId=1, brokerEpoch=5, fenced=-1, inControlledShutdown=0) (org.apache.kafka.controller.ClusterControlManager)
[2026-06-13 14:09:29,552] INFO [QuorumController id=1] Unfenced broker 1 has requested and been granted an immediate shutdown. (org.apache.kafka.controller.BrokerHeartbeatManager)
[2026-06-13 14:09:29,553] INFO [QuorumController id=1] Replayed BrokerRegistrationChangeRecord modifying the registration for broker 1: BrokerRegistrationChangeRecord(brokerId=1, brokerEpoch=5, fenced=1, inControlledShutdown=0) (org.apache.kafka.controller.ClusterControlManager)
[2026-06-13 14:09:29,810] INFO [QuorumController id=1] writeNoOpRecord: event unable to start processing because of RejectedExecutionException (treated as TimeoutException). (org.apache.kafka.controller.QuorumController)
[2026-06-13 14:10:55,051] INFO [QuorumController id=1] Creating new QuorumController with clusterId O99loMBmT1mHF8DTrO4k2g. (org.apache.kafka.controller.QuorumController)
[2026-06-13 14:10:55,057] INFO [QuorumController id=1] Replayed BeginTransactionRecord(name='Bootstrap records') at offset 1. (org.apache.kafka.controller.OffsetControlManager)
[2026-06-13 14:10:55,058] INFO [QuorumController id=1] Replayed a FeatureLevelRecord setting metadata version to 3.6-IV2 (org.apache.kafka.controller.FeatureControlManager)
[2026-06-13 14:10:55,058] INFO [QuorumController id=1] Replayed EndTransactionRecord() at offset 4. (org.apache.kafka.controller.OffsetControlManager)
[2026-06-13 14:10:55,060] INFO [QuorumController id=1] Replayed initial RegisterBrokerRecord for broker 1: RegisterBrokerRecord(brokerId=1, isMigratingZkBroker=false, incarnationId=EyD2SdN7TMOTNG-WjxJpwg, brokerEpoch=5, endPoints=[BrokerEndpoint(name='PLAINTEXT', host='localhost', port=9092, securityProtocol=0)], features=[BrokerFeature(name='metadata.version', minSupportedVersion=1, maxSupportedVersion=14)], rack=null, fenced=true, inControlledShutdown=false) (org.apache.kafka.controller.ClusterControlManager)
[2026-06-13 14:10:55,061] INFO [QuorumController id=1] Replayed BrokerRegistrationChangeRecord modifying the registration for broker 1: BrokerRegistrationChangeRecord(brokerId=1, brokerEpoch=5, fenced=-1, inControlledShutdown=0) (org.apache.kafka.controller.ClusterControlManager)
[2026-06-13 14:10:55,062] INFO [QuorumController id=1] Replayed BrokerRegistrationChangeRecord modifying the registration for broker 1: BrokerRegistrationChangeRecord(brokerId=1, brokerEpoch=5, fenced=1, inControlledShutdown=0) (org.apache.kafka.controller.ClusterControlManager)
[2026-06-13 14:10:55,063] INFO [QuorumController id=1] Becoming the active controller at epoch 2, next write offset 10. (org.apache.kafka.controller.QuorumController)
[2026-06-13 14:10:55,071] WARN [QuorumController id=1] Performing controller activation. Loaded ZK migration state of NONE. (org.apache.kafka.controller.QuorumController)
[2026-06-13 14:10:55,394] INFO [QuorumController id=1] Replayed RegisterBrokerRecord establishing a new incarnation of broker 1: RegisterBrokerRecord(brokerId=1, isMigratingZkBroker=false, incarnationId=LLv_--DiRg6EfGVBn0u29w, brokerEpoch=10, endPoints=[BrokerEndpoint(name='PLAINTEXT', host='localhost', port=9092, securityProtocol=0)], features=[BrokerFeature(name='metadata.version', minSupportedVersion=1, maxSupportedVersion=14)], rack=null, fenced=true, inControlledShutdown=false) (org.apache.kafka.controller.ClusterControlManager)
[2026-06-13 14:10:55,482] INFO [QuorumController id=1] The request from broker 1 to unfence has been granted because it has caught up with the offset of its register broker record 10. (org.apache.kafka.controller.BrokerHeartbeatManager)
[2026-06-13 14:10:55,487] INFO [QuorumController id=1] Replayed BrokerRegistrationChangeRecord modifying the registration for broker 1: BrokerRegistrationChangeRecord(brokerId=1, brokerEpoch=10, fenced=-1, inControlledShutdown=0) (org.apache.kafka.controller.ClusterControlManager)
[2026-06-13 14:11:18,776] INFO [QuorumController id=1] Unfenced broker 1 has requested and been granted an immediate shutdown. (org.apache.kafka.controller.BrokerHeartbeatManager)
[2026-06-13 14:11:18,776] INFO [QuorumController id=1] Replayed BrokerRegistrationChangeRecord modifying the registration for broker 1: BrokerRegistrationChangeRecord(brokerId=1, brokerEpoch=10, fenced=1, inControlledShutdown=0) (org.apache.kafka.controller.ClusterControlManager)
[2026-06-13 14:11:19,106] INFO [QuorumController id=1] writeNoOpRecord: event unable to start processing because of RejectedExecutionException (treated as TimeoutException). (org.apache.kafka.controller.QuorumController)
[2026-06-13 14:13:29,121] INFO [QuorumController id=1] Creating new QuorumController with clusterId O99loMBmT1mHF8DTrO4k2g. (org.apache.kafka.controller.QuorumController)
[2026-06-13 14:13:29,126] INFO [QuorumController id=1] Replayed BeginTransactionRecord(name='Bootstrap records') at offset 1. (org.apache.kafka.controller.OffsetControlManager)
[2026-06-13 14:13:29,126] INFO [QuorumController id=1] Replayed a FeatureLevelRecord setting metadata version to 3.6-IV2 (org.apache.kafka.controller.FeatureControlManager)
[2026-06-13 14:13:29,126] INFO [QuorumController id=1] Replayed EndTransactionRecord() at offset 4. (org.apache.kafka.controller.OffsetControlManager)
[2026-06-13 14:13:29,127] INFO [QuorumController id=1] Replayed initial RegisterBrokerRecord for broker 1: RegisterBrokerRecord(brokerId=1, isMigratingZkBroker=false, incarnationId=EyD2SdN7TMOTNG-WjxJpwg, brokerEpoch=5, endPoints=[BrokerEndpoint(name='PLAINTEXT', host='localhost', port=9092, securityProtocol=0)], features=[BrokerFeature(name='metadata.version', minSupportedVersion=1, maxSupportedVersion=14)], rack=null, fenced=true, inControlledShutdown=false) (org.apache.kafka.controller.ClusterControlManager)
[2026-06-13 14:13:29,128] INFO [QuorumController id=1] Replayed BrokerRegistrationChangeRecord modifying the registration for broker 1: BrokerRegistrationChangeRecord(brokerId=1, brokerEpoch=5, fenced=-1, inControlledShutdown=0) (org.apache.kafka.controller.ClusterControlManager)
[2026-06-13 14:13:29,129] INFO [QuorumController id=1] Replayed BrokerRegistrationChangeRecord modifying the registration for broker 1: BrokerRegistrationChangeRecord(brokerId=1, brokerEpoch=5, fenced=1, inControlledShutdown=0) (org.apache.kafka.controller.ClusterControlManager)
[2026-06-13 14:13:29,129] INFO [QuorumController id=1] Replayed RegisterBrokerRecord establishing a new incarnation of broker 1: RegisterBrokerRecord(brokerId=1, isMigratingZkBroker=false, incarnationId=LLv_--DiRg6EfGVBn0u29w, brokerEpoch=10, endPoints=[BrokerEndpoint(name='PLAINTEXT', host='localhost', port=9092, securityProtocol=0)], features=[BrokerFeature(name='metadata.version', minSupportedVersion=1, maxSupportedVersion=14)], rack=null, fenced=true, inControlledShutdown=false) (org.apache.kafka.controller.ClusterControlManager)
[2026-06-13 14:13:29,129] INFO [QuorumController id=1] Replayed BrokerRegistrationChangeRecord modifying the registration for broker 1: BrokerRegistrationChangeRecord(brokerId=1, brokerEpoch=10, fenced=-1, inControlledShutdown=0) (org.apache.kafka.controller.ClusterControlManager)
[2026-06-13 14:13:29,133] INFO [QuorumController id=1] Replayed BrokerRegistrationChangeRecord modifying the registration for broker 1: BrokerRegistrationChangeRecord(brokerId=1, brokerEpoch=10, fenced=1, inControlledShutdown=0) (org.apache.kafka.controller.ClusterControlManager)
[2026-06-13 14:13:29,135] INFO [QuorumController id=1] Becoming the active controller at epoch 3, next write offset 61. (org.apache.kafka.controller.QuorumController)
[2026-06-13 14:13:29,139] WARN [QuorumController id=1] Performing controller activation. Loaded ZK migration state of NONE. (org.apache.kafka.controller.QuorumController)
[2026-06-13 14:13:29,450] INFO [QuorumController id=1] Replayed RegisterBrokerRecord establishing a new incarnation of broker 1: RegisterBrokerRecord(brokerId=1, isMigratingZkBroker=false, incarnationId=2ojzEcikTJeRajhVKVBP6Q, brokerEpoch=61, endPoints=[BrokerEndpoint(name='PLAINTEXT', host='localhost', port=9092, securityProtocol=0)], features=[BrokerFeature(name='metadata.version', minSupportedVersion=1, maxSupportedVersion=14)], rack=null, fenced=true, inControlledShutdown=false) (org.apache.kafka.controller.ClusterControlManager)
[2026-06-13 14:13:29,527] INFO [QuorumController id=1] The request from broker 1 to unfence has been granted because it has caught up with the offset of its register broker record 61. (org.apache.kafka.controller.BrokerHeartbeatManager)
[2026-06-13 14:13:29,532] INFO [QuorumController id=1] Replayed BrokerRegistrationChangeRecord modifying the registration for broker 1: BrokerRegistrationChangeRecord(brokerId=1, brokerEpoch=61, fenced=-1, inControlledShutdown=0) (org.apache.kafka.controller.ClusterControlManager)
[2026-06-13 14:14:00,190] INFO [QuorumController id=1] Unfenced broker 1 has requested and been granted an immediate shutdown. (org.apache.kafka.controller.BrokerHeartbeatManager)
[2026-06-13 14:14:00,191] INFO [QuorumController id=1] Replayed BrokerRegistrationChangeRecord modifying the registration for broker 1: BrokerRegistrationChangeRecord(brokerId=1, brokerEpoch=61, fenced=1, inControlledShutdown=0) (org.apache.kafka.controller.ClusterControlManager)
[2026-06-13 14:14:00,516] INFO [QuorumController id=1] writeNoOpRecord: event unable to start processing because of RejectedExecutionException (treated as TimeoutException). (org.apache.kafka.controller.QuorumController)
[2026-06-13 14:43:26,134] INFO [QuorumController id=1] Creating new QuorumController with clusterId egKCZKBtRluEbP81xder5A. (org.apache.kafka.controller.QuorumController)
[2026-06-13 14:43:27,611] INFO [QuorumController id=1] In the new epoch 1, the leader is (none). (org.apache.kafka.controller.QuorumController)
[2026-06-13 14:43:29,061] INFO [QuorumController id=1] In the new epoch 2, the leader is (none). (org.apache.kafka.controller.QuorumController)
[2026-06-13 14:43:30,379] INFO [QuorumController id=1] In the new epoch 3, the leader is (none). (org.apache.kafka.controller.QuorumController)
[2026-06-13 14:43:32,532] INFO [QuorumController id=1] In the new epoch 4, the leader is (none). (org.apache.kafka.controller.QuorumController)
[2026-06-13 14:43:34,979] INFO [QuorumController id=1] In the new epoch 5, the leader is (none). (org.apache.kafka.controller.QuorumController)
[2026-06-13 14:43:37,293] INFO [QuorumController id=1] In the new epoch 6, the leader is (none). (org.apache.kafka.controller.QuorumController)
[2026-06-13 14:43:39,327] INFO [QuorumController id=1] In the new epoch 7, the leader is (none). (org.apache.kafka.controller.QuorumController)
[2026-06-13 14:43:41,993] INFO [QuorumController id=1] In the new epoch 8, the leader is (none). (org.apache.kafka.controller.QuorumController)
[2026-06-13 14:43:44,842] INFO [QuorumController id=1] In the new epoch 9, the leader is (none). (org.apache.kafka.controller.QuorumController)
[2026-06-13 14:43:47,527] INFO [QuorumController id=1] In the new epoch 10, the leader is (none). (org.apache.kafka.controller.QuorumController)
[2026-06-13 14:43:50,040] INFO [QuorumController id=1] In the new epoch 11, the leader is (none). (org.apache.kafka.controller.QuorumController)
[2026-06-13 14:43:52,104] INFO [QuorumController id=1] In the new epoch 12, the leader is (none). (org.apache.kafka.controller.QuorumController)
[2026-06-13 14:43:54,518] INFO [QuorumController id=1] In the new epoch 13, the leader is (none). (org.apache.kafka.controller.QuorumController)
[2026-06-13 14:43:57,147] INFO [QuorumController id=1] In the new epoch 14, the leader is (none). (org.apache.kafka.controller.QuorumController)
[2026-06-13 14:43:59,495] INFO [QuorumController id=1] In the new epoch 15, the leader is (none). (org.apache.kafka.controller.QuorumController)
[2026-06-13 14:44:01,809] INFO [QuorumController id=1] In the new epoch 16, the leader is (none). (org.apache.kafka.controller.QuorumController)
[2026-06-13 14:44:04,630] INFO [QuorumController id=1] In the new epoch 17, the leader is (none). (org.apache.kafka.controller.QuorumController)
[2026-06-13 14:44:06,762] INFO [QuorumController id=1] In the new epoch 18, the leader is (none). (org.apache.kafka.controller.QuorumController)
[2026-06-13 14:44:09,539] INFO [QuorumController id=1] In the new epoch 19, the leader is (none). (org.apache.kafka.controller.QuorumController)
[2026-06-13 14:44:12,500] INFO [QuorumController id=1] In the new epoch 20, the leader is (none). (org.apache.kafka.controller.QuorumController)
[2026-06-13 14:44:14,927] INFO [QuorumController id=1] In the new epoch 21, the leader is (none). (org.apache.kafka.controller.QuorumController)
[2026-06-13 14:44:17,197] INFO [QuorumController id=1] In the new epoch 22, the leader is (none). (org.apache.kafka.controller.QuorumController)
[2026-06-13 14:44:19,481] INFO [QuorumController id=1] In the new epoch 23, the leader is (none). (org.apache.kafka.controller.QuorumController)
[2026-06-13 14:44:21,950] INFO [QuorumController id=1] In the new epoch 24, the leader is (none). (org.apache.kafka.controller.QuorumController)
[2026-06-13 14:44:24,398] INFO [QuorumController id=1] In the new epoch 25, the leader is (none). (org.apache.kafka.controller.QuorumController)
[2026-06-13 14:47:34,141] INFO [QuorumController id=3] Creating new QuorumController with clusterId egKCZKBtRluEbP81xder5A. (org.apache.kafka.controller.QuorumController)
[2026-06-13 14:47:35,479] INFO [QuorumController id=3] In the new epoch 1, the leader is (none). (org.apache.kafka.controller.QuorumController)
[2026-06-13 14:47:36,837] INFO [QuorumController id=3] In the new epoch 2, the leader is (none). (org.apache.kafka.controller.QuorumController)
[2026-06-13 14:47:38,052] INFO [QuorumController id=3] In the new epoch 3, the leader is (none). (org.apache.kafka.controller.QuorumController)
[2026-06-13 14:47:40,267] INFO [QuorumController id=3] In the new epoch 4, the leader is (none). (org.apache.kafka.controller.QuorumController)
[2026-06-13 14:47:42,063] INFO [QuorumController id=3] In the new epoch 5, the leader is (none). (org.apache.kafka.controller.QuorumController)
[2026-06-13 14:47:44,468] INFO [QuorumController id=3] In the new epoch 6, the leader is (none). (org.apache.kafka.controller.QuorumController)
[2026-06-13 14:47:46,668] INFO [QuorumController id=3] In the new epoch 7, the leader is (none). (org.apache.kafka.controller.QuorumController)
[2026-06-13 14:47:49,314] INFO [QuorumController id=3] In the new epoch 8, the leader is (none). (org.apache.kafka.controller.QuorumController)
[2026-06-13 14:47:52,215] INFO [QuorumController id=3] In the new epoch 9, the leader is (none). (org.apache.kafka.controller.QuorumController)
[2026-06-13 14:47:55,085] INFO [QuorumController id=3] In the new epoch 10, the leader is (none). (org.apache.kafka.controller.QuorumController)
[2026-06-13 14:47:57,126] INFO [QuorumController id=2] Creating new QuorumController with clusterId egKCZKBtRluEbP81xder5A. (org.apache.kafka.controller.QuorumController)
[2026-06-13 14:47:57,134] INFO [QuorumController id=3] In the new epoch 11, the leader is (none). (org.apache.kafka.controller.QuorumController)
[2026-06-13 14:47:57,730] INFO [QuorumController id=2] In the new epoch 11, the leader is (none). (org.apache.kafka.controller.QuorumController)
[2026-06-13 14:47:57,798] INFO [QuorumController id=3] registerBroker: event failed with NotControllerException in 947 microseconds. (org.apache.kafka.controller.QuorumController)
[2026-06-13 14:47:57,802] INFO [QuorumController id=2] In the new epoch 11, the leader is 3. (org.apache.kafka.controller.QuorumController)
[2026-06-13 14:47:57,834] INFO [QuorumController id=3] registerBroker: event failed with NotControllerException in 115 microseconds. (org.apache.kafka.controller.QuorumController)
[2026-06-13 14:47:57,858] INFO [QuorumController id=3] registerBroker: event failed with NotControllerException in 98 microseconds. (org.apache.kafka.controller.QuorumController)
[2026-06-13 14:47:57,898] INFO [QuorumController id=3] registerBroker: event failed with NotControllerException in 113 microseconds. (org.apache.kafka.controller.QuorumController)
[2026-06-13 14:47:57,919] INFO [QuorumController id=3] registerBroker: event failed with NotControllerException in 33 microseconds. (org.apache.kafka.controller.QuorumController)
[2026-06-13 14:47:57,919] INFO [QuorumController id=3] Becoming the active controller at epoch 11, next write offset 1. (org.apache.kafka.controller.QuorumController)
[2026-06-13 14:47:57,925] WARN [QuorumController id=3] Performing controller activation. The metadata log appears to be empty. Appending 1 bootstrap record(s) in metadata transaction at metadata.version 3.6-IV2 from bootstrap source 'the binary bootstrap metadata file: \tmp\server-3\kraft-combined-logs\bootstrap.checkpoint'. Setting the ZK migration state to NONE since this is a de-novo KRaft cluster. (org.apache.kafka.controller.QuorumController)
[2026-06-13 14:47:57,927] INFO [QuorumController id=3] Replayed BeginTransactionRecord(name='Bootstrap records') at offset 1. (org.apache.kafka.controller.OffsetControlManager)
[2026-06-13 14:47:57,928] INFO [QuorumController id=3] Replayed a FeatureLevelRecord setting metadata version to 3.6-IV2 (org.apache.kafka.controller.FeatureControlManager)
[2026-06-13 14:47:57,928] INFO [QuorumController id=3] Replayed EndTransactionRecord() at offset 4. (org.apache.kafka.controller.OffsetControlManager)
[2026-06-13 14:47:57,961] INFO [QuorumController id=3] Replayed initial RegisterBrokerRecord for broker 2: RegisterBrokerRecord(brokerId=2, isMigratingZkBroker=false, incarnationId=zud48KvzStutD1n5WSIwHg, brokerEpoch=5, endPoints=[BrokerEndpoint(name='PLAINTEXT', host='::1', port=9094, securityProtocol=0)], features=[BrokerFeature(name='metadata.version', minSupportedVersion=1, maxSupportedVersion=14)], rack=null, fenced=true, inControlledShutdown=false) (org.apache.kafka.controller.ClusterControlManager)
[2026-06-13 14:47:57,974] INFO [QuorumController id=3] Replayed initial RegisterBrokerRecord for broker 3: RegisterBrokerRecord(brokerId=3, isMigratingZkBroker=false, incarnationId=tLEcznPDSDaruMAaJnSWhw, brokerEpoch=6, endPoints=[BrokerEndpoint(name='PLAINTEXT', host='::1', port=9096, securityProtocol=0)], features=[BrokerFeature(name='metadata.version', minSupportedVersion=1, maxSupportedVersion=14)], rack=null, fenced=true, inControlledShutdown=false) (org.apache.kafka.controller.ClusterControlManager)
[2026-06-13 14:47:58,004] INFO [QuorumController id=2] Replayed BeginTransactionRecord(name='Bootstrap records') at offset 1. (org.apache.kafka.controller.OffsetControlManager)
[2026-06-13 14:47:58,006] INFO [QuorumController id=2] Replayed a FeatureLevelRecord setting metadata version to 3.6-IV2 (org.apache.kafka.controller.FeatureControlManager)
[2026-06-13 14:47:58,007] INFO [QuorumController id=2] Replayed EndTransactionRecord() at offset 4. (org.apache.kafka.controller.OffsetControlManager)
[2026-06-13 14:47:58,216] INFO [QuorumController id=3] The request from broker 3 to unfence has been granted because it has caught up with the offset of its register broker record 6. (org.apache.kafka.controller.BrokerHeartbeatManager)
[2026-06-13 14:47:58,223] INFO [QuorumController id=3] Replayed BrokerRegistrationChangeRecord modifying the registration for broker 3: BrokerRegistrationChangeRecord(brokerId=3, brokerEpoch=6, fenced=-1, inControlledShutdown=0) (org.apache.kafka.controller.ClusterControlManager)
[2026-06-13 14:47:58,259] INFO [QuorumController id=2] Replayed initial RegisterBrokerRecord for broker 2: RegisterBrokerRecord(brokerId=2, isMigratingZkBroker=false, incarnationId=zud48KvzStutD1n5WSIwHg, brokerEpoch=5, endPoints=[BrokerEndpoint(name='PLAINTEXT', host='::1', port=9094, securityProtocol=0)], features=[BrokerFeature(name='metadata.version', minSupportedVersion=1, maxSupportedVersion=14)], rack=null, fenced=true, inControlledShutdown=false) (org.apache.kafka.controller.ClusterControlManager)
[2026-06-13 14:47:58,259] INFO [QuorumController id=2] Replayed initial RegisterBrokerRecord for broker 3: RegisterBrokerRecord(brokerId=3, isMigratingZkBroker=false, incarnationId=tLEcznPDSDaruMAaJnSWhw, brokerEpoch=6, endPoints=[BrokerEndpoint(name='PLAINTEXT', host='::1', port=9096, securityProtocol=0)], features=[BrokerFeature(name='metadata.version', minSupportedVersion=1, maxSupportedVersion=14)], rack=null, fenced=true, inControlledShutdown=false) (org.apache.kafka.controller.ClusterControlManager)
[2026-06-13 14:47:58,282] INFO [QuorumController id=3] The request from broker 2 to unfence has been granted because it has caught up with the offset of its register broker record 5. (org.apache.kafka.controller.BrokerHeartbeatManager)
[2026-06-13 14:47:58,282] INFO [QuorumController id=3] Replayed BrokerRegistrationChangeRecord modifying the registration for broker 2: BrokerRegistrationChangeRecord(brokerId=2, brokerEpoch=5, fenced=-1, inControlledShutdown=0) (org.apache.kafka.controller.ClusterControlManager)
[2026-06-13 14:47:58,320] INFO [QuorumController id=2] Replayed BrokerRegistrationChangeRecord modifying the registration for broker 3: BrokerRegistrationChangeRecord(brokerId=3, brokerEpoch=6, fenced=-1, inControlledShutdown=0) (org.apache.kafka.controller.ClusterControlManager)
[2026-06-13 14:47:58,461] INFO [QuorumController id=2] Replayed BrokerRegistrationChangeRecord modifying the registration for broker 2: BrokerRegistrationChangeRecord(brokerId=2, brokerEpoch=5, fenced=-1, inControlledShutdown=0) (org.apache.kafka.controller.ClusterControlManager)
[2026-06-13 14:48:10,484] INFO [QuorumController id=2] In the new epoch 25, the leader is (none). (org.apache.kafka.controller.QuorumController)
[2026-06-13 14:48:10,485] WARN [QuorumController id=3] Renouncing the leadership due to a metadata log event. We were the leader at epoch 11, but in the new epoch 25, the leader is (none). Reverting to last stable offset 32. (org.apache.kafka.controller.QuorumController)
[2026-06-13 14:48:10,486] INFO [QuorumController id=3] writeNoOpRecord: event failed with NotControllerException in 36021 microseconds. (org.apache.kafka.controller.QuorumController)
[2026-06-13 14:48:10,494] INFO [QuorumController id=1] Creating new QuorumController with clusterId egKCZKBtRluEbP81xder5A. (org.apache.kafka.controller.QuorumController)
[2026-06-13 14:48:10,500] INFO [QuorumController id=3] In the new epoch 26, the leader is (none). (org.apache.kafka.controller.QuorumController)
[2026-06-13 14:48:10,500] INFO [QuorumController id=2] In the new epoch 26, the leader is (none). (org.apache.kafka.controller.QuorumController)
[2026-06-13 14:48:10,809] INFO [QuorumController id=1] In the new epoch 27, the leader is (none). (org.apache.kafka.controller.QuorumController)
[2026-06-13 14:48:10,812] INFO [QuorumController id=3] In the new epoch 27, the leader is (none). (org.apache.kafka.controller.QuorumController)
[2026-06-13 14:48:10,813] INFO [QuorumController id=2] In the new epoch 27, the leader is (none). (org.apache.kafka.controller.QuorumController)
[2026-06-13 14:48:11,420] INFO [QuorumController id=1] In the new epoch 28, the leader is (none). (org.apache.kafka.controller.QuorumController)
[2026-06-13 14:48:11,425] INFO [QuorumController id=3] In the new epoch 28, the leader is (none). (org.apache.kafka.controller.QuorumController)
[2026-06-13 14:48:11,426] INFO [QuorumController id=2] In the new epoch 28, the leader is (none). (org.apache.kafka.controller.QuorumController)
[2026-06-13 14:48:11,687] INFO [QuorumController id=3] In the new epoch 29, the leader is (none). (org.apache.kafka.controller.QuorumController)
[2026-06-13 14:48:11,687] INFO [QuorumController id=2] In the new epoch 29, the leader is (none). (org.apache.kafka.controller.QuorumController)
[2026-06-13 14:48:11,712] INFO [QuorumController id=1] In the new epoch 29, the leader is (none). (org.apache.kafka.controller.QuorumController)
[2026-06-13 14:48:11,728] INFO [QuorumController id=2] In the new epoch 29, the leader is 3. (org.apache.kafka.controller.QuorumController)
[2026-06-13 14:48:11,729] INFO [QuorumController id=1] In the new epoch 29, the leader is 3. (org.apache.kafka.controller.QuorumController)
[2026-06-13 14:48:11,737] INFO [QuorumController id=3] Becoming the active controller at epoch 29, next write offset 35. (org.apache.kafka.controller.QuorumController)
[2026-06-13 14:48:11,737] WARN [QuorumController id=3] Performing controller activation. Loaded ZK migration state of NONE. (org.apache.kafka.controller.QuorumController)
[2026-06-13 14:48:11,754] INFO [QuorumController id=3] Replayed initial RegisterBrokerRecord for broker 1: RegisterBrokerRecord(brokerId=1, isMigratingZkBroker=false, incarnationId=24cPTPvuTLGrFXN-cNY8RQ, brokerEpoch=35, endPoints=[BrokerEndpoint(name='PLAINTEXT', host='::1', port=9092, securityProtocol=0)], features=[BrokerFeature(name='metadata.version', minSupportedVersion=1, maxSupportedVersion=14)], rack=null, fenced=true, inControlledShutdown=false) (org.apache.kafka.controller.ClusterControlManager)
[2026-06-13 14:48:11,799] INFO [QuorumController id=1] Replayed BeginTransactionRecord(name='Bootstrap records') at offset 1. (org.apache.kafka.controller.OffsetControlManager)
[2026-06-13 14:48:11,799] INFO [QuorumController id=1] Replayed a FeatureLevelRecord setting metadata version to 3.6-IV2 (org.apache.kafka.controller.FeatureControlManager)
[2026-06-13 14:48:11,800] INFO [QuorumController id=1] Replayed EndTransactionRecord() at offset 4. (org.apache.kafka.controller.OffsetControlManager)
[2026-06-13 14:48:11,802] INFO [QuorumController id=1] Replayed initial RegisterBrokerRecord for broker 2: RegisterBrokerRecord(brokerId=2, isMigratingZkBroker=false, incarnationId=zud48KvzStutD1n5WSIwHg, brokerEpoch=5, endPoints=[BrokerEndpoint(name='PLAINTEXT', host='::1', port=9094, securityProtocol=0)], features=[BrokerFeature(name='metadata.version', minSupportedVersion=1, maxSupportedVersion=14)], rack=null, fenced=true, inControlledShutdown=false) (org.apache.kafka.controller.ClusterControlManager)
[2026-06-13 14:48:11,802] INFO [QuorumController id=1] Replayed initial RegisterBrokerRecord for broker 3: RegisterBrokerRecord(brokerId=3, isMigratingZkBroker=false, incarnationId=tLEcznPDSDaruMAaJnSWhw, brokerEpoch=6, endPoints=[BrokerEndpoint(name='PLAINTEXT', host='::1', port=9096, securityProtocol=0)], features=[BrokerFeature(name='metadata.version', minSupportedVersion=1, maxSupportedVersion=14)], rack=null, fenced=true, inControlledShutdown=false) (org.apache.kafka.controller.ClusterControlManager)
[2026-06-13 14:48:11,804] INFO [QuorumController id=1] Replayed BrokerRegistrationChangeRecord modifying the registration for broker 3: BrokerRegistrationChangeRecord(brokerId=3, brokerEpoch=6, fenced=-1, inControlledShutdown=0) (org.apache.kafka.controller.ClusterControlManager)
[2026-06-13 14:48:11,804] INFO [QuorumController id=1] Replayed BrokerRegistrationChangeRecord modifying the registration for broker 2: BrokerRegistrationChangeRecord(brokerId=2, brokerEpoch=5, fenced=-1, inControlledShutdown=0) (org.apache.kafka.controller.ClusterControlManager)
[2026-06-13 14:48:12,283] INFO [QuorumController id=2] Replayed initial RegisterBrokerRecord for broker 1: RegisterBrokerRecord(brokerId=1, isMigratingZkBroker=false, incarnationId=24cPTPvuTLGrFXN-cNY8RQ, brokerEpoch=35, endPoints=[BrokerEndpoint(name='PLAINTEXT', host='::1', port=9092, securityProtocol=0)], features=[BrokerFeature(name='metadata.version', minSupportedVersion=1, maxSupportedVersion=14)], rack=null, fenced=true, inControlledShutdown=false) (org.apache.kafka.controller.ClusterControlManager)
[2026-06-13 14:48:12,287] INFO [QuorumController id=1] Replayed initial RegisterBrokerRecord for broker 1: RegisterBrokerRecord(brokerId=1, isMigratingZkBroker=false, incarnationId=24cPTPvuTLGrFXN-cNY8RQ, brokerEpoch=35, endPoints=[BrokerEndpoint(name='PLAINTEXT', host='::1', port=9092, securityProtocol=0)], features=[BrokerFeature(name='metadata.version', minSupportedVersion=1, maxSupportedVersion=14)], rack=null, fenced=true, inControlledShutdown=false) (org.apache.kafka.controller.ClusterControlManager)
[2026-06-13 14:48:12,305] INFO [QuorumController id=3] The request from broker 1 to unfence has been granted because it has caught up with the offset of its register broker record 35. (org.apache.kafka.controller.BrokerHeartbeatManager)
[2026-06-13 14:48:12,305] INFO [QuorumController id=3] Replayed BrokerRegistrationChangeRecord modifying the registration for broker 1: BrokerRegistrationChangeRecord(brokerId=1, brokerEpoch=35, fenced=-1, inControlledShutdown=0) (org.apache.kafka.controller.ClusterControlManager)
[2026-06-13 14:48:12,774] INFO [QuorumController id=2] Replayed BrokerRegistrationChangeRecord modifying the registration for broker 1: BrokerRegistrationChangeRecord(brokerId=1, brokerEpoch=35, fenced=-1, inControlledShutdown=0) (org.apache.kafka.controller.ClusterControlManager)
[2026-06-13 14:48:12,775] INFO [QuorumController id=1] Replayed BrokerRegistrationChangeRecord modifying the registration for broker 1: BrokerRegistrationChangeRecord(brokerId=1, brokerEpoch=35, fenced=-1, inControlledShutdown=0) (org.apache.kafka.controller.ClusterControlManager)
[2026-06-13 16:20:52,475] INFO [QuorumController id=3] Unfenced broker 1 has requested and been granted an immediate shutdown. (org.apache.kafka.controller.BrokerHeartbeatManager)
[2026-06-13 16:20:52,476] INFO [QuorumController id=3] Replayed BrokerRegistrationChangeRecord modifying the registration for broker 1: BrokerRegistrationChangeRecord(brokerId=1, brokerEpoch=35, fenced=1, inControlledShutdown=0) (org.apache.kafka.controller.ClusterControlManager)
[2026-06-13 16:20:52,955] INFO [QuorumController id=2] Replayed BrokerRegistrationChangeRecord modifying the registration for broker 1: BrokerRegistrationChangeRecord(brokerId=1, brokerEpoch=35, fenced=1, inControlledShutdown=0) (org.apache.kafka.controller.ClusterControlManager)
[2026-06-13 16:21:00,269] INFO [QuorumController id=3] Unfenced broker 2 has requested and been granted an immediate shutdown. (org.apache.kafka.controller.BrokerHeartbeatManager)
[2026-06-13 16:21:00,270] INFO [QuorumController id=3] Replayed BrokerRegistrationChangeRecord modifying the registration for broker 2: BrokerRegistrationChangeRecord(brokerId=2, brokerEpoch=5, fenced=1, inControlledShutdown=0) (org.apache.kafka.controller.ClusterControlManager)
[2026-06-13 16:21:00,469] INFO [QuorumController id=2] Replayed BrokerRegistrationChangeRecord modifying the registration for broker 2: BrokerRegistrationChangeRecord(brokerId=2, brokerEpoch=5, fenced=1, inControlledShutdown=0) (org.apache.kafka.controller.ClusterControlManager)
[2026-06-13 16:21:09,006] INFO [QuorumController id=3] Unfenced broker 3 has requested and been granted an immediate shutdown. (org.apache.kafka.controller.BrokerHeartbeatManager)
[2026-06-13 16:21:09,007] INFO [QuorumController id=3] Replayed BrokerRegistrationChangeRecord modifying the registration for broker 3: BrokerRegistrationChangeRecord(brokerId=3, brokerEpoch=6, fenced=1, inControlledShutdown=0) (org.apache.kafka.controller.ClusterControlManager)
[2026-06-13 16:21:13,907] INFO [QuorumController id=3] Fenced broker 3 has requested and been granted an immediate shutdown. (org.apache.kafka.controller.BrokerHeartbeatManager)
[2026-06-13 16:21:13,908] INFO [QuorumController id=3] Ignoring no-op registration change for BrokerRegistration(id=3, epoch=6, incarnationId=tLEcznPDSDaruMAaJnSWhw, listeners=[Endpoint(listenerName='PLAINTEXT', securityProtocol=PLAINTEXT, host='::1', port=9096)], supportedFeatures={metadata.version: 1-14}, rack=Optional.empty, fenced=true, inControlledShutdown=false, isMigratingZkBroker=false) (org.apache.kafka.controller.ClusterControlManager)
[2026-06-13 16:21:19,199] INFO [QuorumController id=3] Fenced broker 3 has requested and been granted an immediate shutdown. (org.apache.kafka.controller.BrokerHeartbeatManager)
[2026-06-13 16:21:19,199] INFO [QuorumController id=3] Ignoring no-op registration change for BrokerRegistration(id=3, epoch=6, incarnationId=tLEcznPDSDaruMAaJnSWhw, listeners=[Endpoint(listenerName='PLAINTEXT', securityProtocol=PLAINTEXT, host='::1', port=9096)], supportedFeatures={metadata.version: 1-14}, rack=Optional.empty, fenced=true, inControlledShutdown=false, isMigratingZkBroker=false) (org.apache.kafka.controller.ClusterControlManager)
[2026-06-13 16:21:25,279] INFO [QuorumController id=3] Fenced broker 3 has requested and been granted an immediate shutdown. (org.apache.kafka.controller.BrokerHeartbeatManager)
[2026-06-13 16:21:25,279] INFO [QuorumController id=3] Ignoring no-op registration change for BrokerRegistration(id=3, epoch=6, incarnationId=tLEcznPDSDaruMAaJnSWhw, listeners=[Endpoint(listenerName='PLAINTEXT', securityProtocol=PLAINTEXT, host='::1', port=9096)], supportedFeatures={metadata.version: 1-14}, rack=Optional.empty, fenced=true, inControlledShutdown=false, isMigratingZkBroker=false) (org.apache.kafka.controller.ClusterControlManager)
[2026-06-13 16:21:37,523] INFO [QuorumController id=3] Fenced broker 3 has requested and been granted an immediate shutdown. (org.apache.kafka.controller.BrokerHeartbeatManager)
[2026-06-13 16:21:37,524] INFO [QuorumController id=3] Ignoring no-op registration change for BrokerRegistration(id=3, epoch=6, incarnationId=tLEcznPDSDaruMAaJnSWhw, listeners=[Endpoint(listenerName='PLAINTEXT', securityProtocol=PLAINTEXT, host='::1', port=9096)], supportedFeatures={metadata.version: 1-14}, rack=Optional.empty, fenced=true, inControlledShutdown=false, isMigratingZkBroker=false) (org.apache.kafka.controller.ClusterControlManager)
[2026-06-13 16:21:39,267] INFO [QuorumController id=1] Creating new QuorumController with clusterId egKCZKBtRluEbP81xder5A. (org.apache.kafka.controller.QuorumController)
[2026-06-13 16:21:39,325] INFO [QuorumController id=1] Starting to load snapshot 00000000000000007145-0000000029. Previous lastCommittedOffset was -1. Previous transactionStartOffset was -1. (org.apache.kafka.controller.OffsetControlManager)
[2026-06-13 16:21:39,338] INFO [QuorumController id=1] Replayed a FeatureLevelRecord setting metadata version to 3.6-IV2 (org.apache.kafka.controller.FeatureControlManager)
[2026-06-13 16:21:39,344] INFO [QuorumController id=1] Replayed initial RegisterBrokerRecord for broker 1: RegisterBrokerRecord(brokerId=1, isMigratingZkBroker=false, incarnationId=24cPTPvuTLGrFXN-cNY8RQ, brokerEpoch=35, endPoints=[BrokerEndpoint(name='PLAINTEXT', host='::1', port=9092, securityProtocol=0)], features=[BrokerFeature(name='metadata.version', minSupportedVersion=1, maxSupportedVersion=14)], rack=null, fenced=false, inControlledShutdown=false) (org.apache.kafka.controller.ClusterControlManager)
[2026-06-13 16:21:39,345] INFO [QuorumController id=1] Replayed initial RegisterBrokerRecord for broker 2: RegisterBrokerRecord(brokerId=2, isMigratingZkBroker=false, incarnationId=zud48KvzStutD1n5WSIwHg, brokerEpoch=5, endPoints=[BrokerEndpoint(name='PLAINTEXT', host='::1', port=9094, securityProtocol=0)], features=[BrokerFeature(name='metadata.version', minSupportedVersion=1, maxSupportedVersion=14)], rack=null, fenced=false, inControlledShutdown=false) (org.apache.kafka.controller.ClusterControlManager)
[2026-06-13 16:21:39,346] INFO [QuorumController id=1] Replayed initial RegisterBrokerRecord for broker 3: RegisterBrokerRecord(brokerId=3, isMigratingZkBroker=false, incarnationId=tLEcznPDSDaruMAaJnSWhw, brokerEpoch=6, endPoints=[BrokerEndpoint(name='PLAINTEXT', host='::1', port=9096, securityProtocol=0)], features=[BrokerFeature(name='metadata.version', minSupportedVersion=1, maxSupportedVersion=14)], rack=null, fenced=false, inControlledShutdown=false) (org.apache.kafka.controller.ClusterControlManager)
[2026-06-13 16:21:39,346] INFO [QuorumController id=1] Successfully loaded snapshot 00000000000000007145-0000000029. (org.apache.kafka.controller.OffsetControlManager)
[2026-06-13 16:21:39,450] INFO [QuorumController id=1] Replayed BrokerRegistrationChangeRecord modifying the registration for broker 1: BrokerRegistrationChangeRecord(brokerId=1, brokerEpoch=35, fenced=1, inControlledShutdown=0) (org.apache.kafka.controller.ClusterControlManager)
[2026-06-13 16:21:39,451] INFO [QuorumController id=1] Replayed BrokerRegistrationChangeRecord modifying the registration for broker 2: BrokerRegistrationChangeRecord(brokerId=2, brokerEpoch=5, fenced=1, inControlledShutdown=0) (org.apache.kafka.controller.ClusterControlManager)
[2026-06-13 16:21:39,548] INFO [QuorumController id=1] Replayed BrokerRegistrationChangeRecord modifying the registration for broker 3: BrokerRegistrationChangeRecord(brokerId=3, brokerEpoch=6, fenced=1, inControlledShutdown=0) (org.apache.kafka.controller.ClusterControlManager)
[2026-06-13 16:21:39,552] INFO [QuorumController id=1] Ignoring no-op registration change for BrokerRegistration(id=3, epoch=6, incarnationId=tLEcznPDSDaruMAaJnSWhw, listeners=[Endpoint(listenerName='PLAINTEXT', securityProtocol=PLAINTEXT, host='::1', port=9096)], supportedFeatures={metadata.version: 1-14}, rack=Optional.empty, fenced=true, inControlledShutdown=false, isMigratingZkBroker=false) (org.apache.kafka.controller.ClusterControlManager)
[2026-06-13 16:21:39,553] INFO [QuorumController id=1] Ignoring no-op registration change for BrokerRegistration(id=3, epoch=6, incarnationId=tLEcznPDSDaruMAaJnSWhw, listeners=[Endpoint(listenerName='PLAINTEXT', securityProtocol=PLAINTEXT, host='::1', port=9096)], supportedFeatures={metadata.version: 1-14}, rack=Optional.empty, fenced=true, inControlledShutdown=false, isMigratingZkBroker=false) (org.apache.kafka.controller.ClusterControlManager)
[2026-06-13 16:21:39,554] INFO [QuorumController id=1] Ignoring no-op registration change for BrokerRegistration(id=3, epoch=6, incarnationId=tLEcznPDSDaruMAaJnSWhw, listeners=[Endpoint(listenerName='PLAINTEXT', securityProtocol=PLAINTEXT, host='::1', port=9096)], supportedFeatures={metadata.version: 1-14}, rack=Optional.empty, fenced=true, inControlledShutdown=false, isMigratingZkBroker=false) (org.apache.kafka.controller.ClusterControlManager)
[2026-06-13 16:21:39,554] INFO [QuorumController id=1] Ignoring no-op registration change for BrokerRegistration(id=3, epoch=6, incarnationId=tLEcznPDSDaruMAaJnSWhw, listeners=[Endpoint(listenerName='PLAINTEXT', securityProtocol=PLAINTEXT, host='::1', port=9096)], supportedFeatures={metadata.version: 1-14}, rack=Optional.empty, fenced=true, inControlledShutdown=false, isMigratingZkBroker=false) (org.apache.kafka.controller.ClusterControlManager)
[2026-06-13 16:21:39,766] INFO [QuorumController id=1] In the new epoch 30, the leader is (none). (org.apache.kafka.controller.QuorumController)
[2026-06-13 16:21:39,784] WARN [QuorumController id=3] Renouncing the leadership due to a metadata log event. We were the leader at epoch 29, but in the new epoch 30, the leader is (none). Reverting to last stable offset 11118. (org.apache.kafka.controller.QuorumController)
[2026-06-13 16:21:39,824] INFO [QuorumController id=1] registerBroker: event failed with NotControllerException in 950 microseconds. (org.apache.kafka.controller.QuorumController)
[2026-06-13 16:21:39,836] INFO [QuorumController id=3] In the new epoch 30, the leader is 1. (org.apache.kafka.controller.QuorumController)
[2026-06-13 16:21:39,889] INFO [QuorumController id=1] registerBroker: event failed with NotControllerException in 193 microseconds. (org.apache.kafka.controller.QuorumController)
[2026-06-13 16:21:39,949] INFO [QuorumController id=1] registerBroker: event failed with NotControllerException in 80 microseconds. (org.apache.kafka.controller.QuorumController)
[2026-06-13 16:21:40,005] INFO [QuorumController id=1] registerBroker: event failed with NotControllerException in 50 microseconds. (org.apache.kafka.controller.QuorumController)
[2026-06-13 16:21:40,060] INFO [QuorumController id=1] registerBroker: event failed with NotControllerException in 24 microseconds. (org.apache.kafka.controller.QuorumController)
[2026-06-13 16:21:40,115] INFO [QuorumController id=1] registerBroker: event failed with NotControllerException in 50 microseconds. (org.apache.kafka.controller.QuorumController)
[2026-06-13 16:21:40,170] INFO [QuorumController id=1] registerBroker: event failed with NotControllerException in 60 microseconds. (org.apache.kafka.controller.QuorumController)
[2026-06-13 16:21:40,225] INFO [QuorumController id=1] registerBroker: event failed with NotControllerException in 40 microseconds. (org.apache.kafka.controller.QuorumController)
[2026-06-13 16:21:40,279] INFO [QuorumController id=1] registerBroker: event failed with NotControllerException in 33 microseconds. (org.apache.kafka.controller.QuorumController)
[2026-06-13 16:21:40,338] INFO [QuorumController id=1] registerBroker: event failed with NotControllerException in 33 microseconds. (org.apache.kafka.controller.QuorumController)
[2026-06-13 16:21:40,391] INFO [QuorumController id=1] registerBroker: event failed with NotControllerException in 35 microseconds. (org.apache.kafka.controller.QuorumController)
[2026-06-13 16:21:40,445] INFO [QuorumController id=1] registerBroker: event failed with NotControllerException in 80 microseconds. (org.apache.kafka.controller.QuorumController)
[2026-06-13 16:21:40,499] INFO [QuorumController id=1] registerBroker: event failed with NotControllerException in 30 microseconds. (org.apache.kafka.controller.QuorumController)
[2026-06-13 16:21:40,552] INFO [QuorumController id=1] registerBroker: event failed with NotControllerException in 25 microseconds. (org.apache.kafka.controller.QuorumController)
[2026-06-13 16:21:40,607] INFO [QuorumController id=1] registerBroker: event failed with NotControllerException in 25 microseconds. (org.apache.kafka.controller.QuorumController)
[2026-06-13 16:21:40,661] INFO [QuorumController id=1] registerBroker: event failed with NotControllerException in 46 microseconds. (org.apache.kafka.controller.QuorumController)
[2026-06-13 16:21:40,717] INFO [QuorumController id=1] registerBroker: event failed with NotControllerException in 27 microseconds. (org.apache.kafka.controller.QuorumController)
[2026-06-13 16:21:40,770] INFO [QuorumController id=1] registerBroker: event failed with NotControllerException in 33 microseconds. (org.apache.kafka.controller.QuorumController)
[2026-06-13 16:21:40,823] INFO [QuorumController id=1] registerBroker: event failed with NotControllerException in 32 microseconds. (org.apache.kafka.controller.QuorumController)
[2026-06-13 16:21:40,876] INFO [QuorumController id=1] registerBroker: event failed with NotControllerException in 28 microseconds. (org.apache.kafka.controller.QuorumController)
[2026-06-13 16:21:40,931] INFO [QuorumController id=1] registerBroker: event failed with NotControllerException in 26 microseconds. (org.apache.kafka.controller.QuorumController)
[2026-06-13 16:21:40,984] INFO [QuorumController id=1] registerBroker: event failed with NotControllerException in 29 microseconds. (org.apache.kafka.controller.QuorumController)
[2026-06-13 16:21:41,038] INFO [QuorumController id=1] registerBroker: event failed with NotControllerException in 27 microseconds. (org.apache.kafka.controller.QuorumController)
[2026-06-13 16:21:41,094] INFO [QuorumController id=1] registerBroker: event failed with NotControllerException in 56 microseconds. (org.apache.kafka.controller.QuorumController)
[2026-06-13 16:21:41,149] INFO [QuorumController id=1] registerBroker: event failed with NotControllerException in 26 microseconds. (org.apache.kafka.controller.QuorumController)
[2026-06-13 16:21:41,203] INFO [QuorumController id=1] registerBroker: event failed with NotControllerException in 37 microseconds. (org.apache.kafka.controller.QuorumController)
[2026-06-13 16:21:41,257] INFO [QuorumController id=1] registerBroker: event failed with NotControllerException in 19 microseconds. (org.apache.kafka.controller.QuorumController)
[2026-06-13 16:21:41,310] INFO [QuorumController id=1] registerBroker: event failed with NotControllerException in 28 microseconds. (org.apache.kafka.controller.QuorumController)
[2026-06-13 16:21:41,363] INFO [QuorumController id=1] registerBroker: event failed with NotControllerException in 32 microseconds. (org.apache.kafka.controller.QuorumController)
[2026-06-13 16:21:41,417] INFO [QuorumController id=1] registerBroker: event failed with NotControllerException in 26 microseconds. (org.apache.kafka.controller.QuorumController)
[2026-06-13 16:21:41,470] INFO [QuorumController id=1] registerBroker: event failed with NotControllerException in 40 microseconds. (org.apache.kafka.controller.QuorumController)
[2026-06-13 16:21:41,526] INFO [QuorumController id=1] registerBroker: event failed with NotControllerException in 25 microseconds. (org.apache.kafka.controller.QuorumController)
[2026-06-13 16:21:41,579] INFO [QuorumController id=1] registerBroker: event failed with NotControllerException in 24 microseconds. (org.apache.kafka.controller.QuorumController)
[2026-06-13 16:21:41,633] INFO [QuorumController id=1] registerBroker: event failed with NotControllerException in 22 microseconds. (org.apache.kafka.controller.QuorumController)
[2026-06-13 16:21:41,687] INFO [QuorumController id=1] registerBroker: event failed with NotControllerException in 29 microseconds. (org.apache.kafka.controller.QuorumController)
[2026-06-13 16:21:41,740] INFO [QuorumController id=1] registerBroker: event failed with NotControllerException in 26 microseconds. (org.apache.kafka.controller.QuorumController)
[2026-06-13 16:21:41,794] INFO [QuorumController id=1] registerBroker: event failed with NotControllerException in 25 microseconds. (org.apache.kafka.controller.QuorumController)
[2026-06-13 16:21:41,848] INFO [QuorumController id=1] registerBroker: event failed with NotControllerException in 21 microseconds. (org.apache.kafka.controller.QuorumController)
[2026-06-13 16:21:41,902] INFO [QuorumController id=1] registerBroker: event failed with NotControllerException in 31 microseconds. (org.apache.kafka.controller.QuorumController)
[2026-06-13 16:21:41,954] INFO [QuorumController id=1] registerBroker: event failed with NotControllerException in 23 microseconds. (org.apache.kafka.controller.QuorumController)
[2026-06-13 16:21:42,008] INFO [QuorumController id=1] registerBroker: event failed with NotControllerException in 31 microseconds. (org.apache.kafka.controller.QuorumController)
[2026-06-13 16:21:42,062] INFO [QuorumController id=1] registerBroker: event failed with NotControllerException in 24 microseconds. (org.apache.kafka.controller.QuorumController)
[2026-06-13 16:21:42,116] INFO [QuorumController id=1] registerBroker: event failed with NotControllerException in 52 microseconds. (org.apache.kafka.controller.QuorumController)
[2026-06-13 16:21:42,170] INFO [QuorumController id=1] registerBroker: event failed with NotControllerException in 36 microseconds. (org.apache.kafka.controller.QuorumController)
[2026-06-13 16:21:42,222] INFO [QuorumController id=1] registerBroker: event failed with NotControllerException in 24 microseconds. (org.apache.kafka.controller.QuorumController)
[2026-06-13 16:21:42,277] INFO [QuorumController id=1] registerBroker: event failed with NotControllerException in 26 microseconds. (org.apache.kafka.controller.QuorumController)
[2026-06-13 16:21:42,331] INFO [QuorumController id=1] registerBroker: event failed with NotControllerException in 25 microseconds. (org.apache.kafka.controller.QuorumController)
[2026-06-13 16:21:42,383] INFO [QuorumController id=1] registerBroker: event failed with NotControllerException in 28 microseconds. (org.apache.kafka.controller.QuorumController)
[2026-06-13 16:21:42,437] INFO [QuorumController id=1] registerBroker: event failed with NotControllerException in 21 microseconds. (org.apache.kafka.controller.QuorumController)
[2026-06-13 16:21:42,490] INFO [QuorumController id=1] registerBroker: event failed with NotControllerException in 19 microseconds. (org.apache.kafka.controller.QuorumController)
[2026-06-13 16:21:42,543] INFO [QuorumController id=1] registerBroker: event failed with NotControllerException in 19 microseconds. (org.apache.kafka.controller.QuorumController)
[2026-06-13 16:21:42,597] INFO [QuorumController id=1] registerBroker: event failed with NotControllerException in 38 microseconds. (org.apache.kafka.controller.QuorumController)
[2026-06-13 16:21:42,650] INFO [QuorumController id=1] registerBroker: event failed with NotControllerException in 21 microseconds. (org.apache.kafka.controller.QuorumController)
[2026-06-13 16:21:42,703] INFO [QuorumController id=1] registerBroker: event failed with NotControllerException in 22 microseconds. (org.apache.kafka.controller.QuorumController)
[2026-06-13 16:21:42,755] INFO [QuorumController id=1] registerBroker: event failed with NotControllerException in 21 microseconds. (org.apache.kafka.controller.QuorumController)
[2026-06-13 16:21:42,809] INFO [QuorumController id=1] registerBroker: event failed with NotControllerException in 25 microseconds. (org.apache.kafka.controller.QuorumController)
[2026-06-13 16:21:42,864] INFO [QuorumController id=1] registerBroker: event failed with NotControllerException in 28 microseconds. (org.apache.kafka.controller.QuorumController)
[2026-06-13 16:21:42,918] INFO [QuorumController id=1] registerBroker: event failed with NotControllerException in 29 microseconds. (org.apache.kafka.controller.QuorumController)
[2026-06-13 16:21:42,972] INFO [QuorumController id=1] registerBroker: event failed with NotControllerException in 36 microseconds. (org.apache.kafka.controller.QuorumController)
[2026-06-13 16:21:43,027] INFO [QuorumController id=1] registerBroker: event failed with NotControllerException in 42 microseconds. (org.apache.kafka.controller.QuorumController)
[2026-06-13 16:21:43,080] INFO [QuorumController id=1] registerBroker: event failed with NotControllerException in 35 microseconds. (org.apache.kafka.controller.QuorumController)
[2026-06-13 16:21:43,132] INFO [QuorumController id=1] registerBroker: event failed with NotControllerException in 25 microseconds. (org.apache.kafka.controller.QuorumController)
[2026-06-13 16:21:43,187] INFO [QuorumController id=1] registerBroker: event failed with NotControllerException in 42 microseconds. (org.apache.kafka.controller.QuorumController)
[2026-06-13 16:21:43,247] INFO [QuorumController id=1] registerBroker: event failed with NotControllerException in 94 microseconds. (org.apache.kafka.controller.QuorumController)
[2026-06-13 16:21:43,301] INFO [QuorumController id=1] registerBroker: event failed with NotControllerException in 42 microseconds. (org.apache.kafka.controller.QuorumController)
[2026-06-13 16:21:43,354] INFO [QuorumController id=1] registerBroker: event failed with NotControllerException in 29 microseconds. (org.apache.kafka.controller.QuorumController)
[2026-06-13 16:21:43,408] INFO [QuorumController id=1] registerBroker: event failed with NotControllerException in 31 microseconds. (org.apache.kafka.controller.QuorumController)
[2026-06-13 16:21:43,462] INFO [QuorumController id=1] registerBroker: event failed with NotControllerException in 60 microseconds. (org.apache.kafka.controller.QuorumController)
[2026-06-13 16:21:43,516] INFO [QuorumController id=1] registerBroker: event failed with NotControllerException in 32 microseconds. (org.apache.kafka.controller.QuorumController)
[2026-06-13 16:21:43,570] INFO [QuorumController id=1] registerBroker: event failed with NotControllerException in 27 microseconds. (org.apache.kafka.controller.QuorumController)
[2026-06-13 16:21:43,623] INFO [QuorumController id=1] registerBroker: event failed with NotControllerException in 23 microseconds. (org.apache.kafka.controller.QuorumController)
[2026-06-13 16:21:43,677] INFO [QuorumController id=1] registerBroker: event failed with NotControllerException in 38 microseconds. (org.apache.kafka.controller.QuorumController)
[2026-06-13 16:21:43,732] INFO [QuorumController id=1] registerBroker: event failed with NotControllerException in 31 microseconds. (org.apache.kafka.controller.QuorumController)
[2026-06-13 16:21:43,784] INFO [QuorumController id=1] registerBroker: event failed with NotControllerException in 34 microseconds. (org.apache.kafka.controller.QuorumController)
[2026-06-13 16:21:43,837] INFO [QuorumController id=1] registerBroker: event failed with NotControllerException in 33 microseconds. (org.apache.kafka.controller.QuorumController)
[2026-06-13 16:21:43,892] INFO [QuorumController id=1] registerBroker: event failed with NotControllerException in 52 microseconds. (org.apache.kafka.controller.QuorumController)
[2026-06-13 16:21:43,947] INFO [QuorumController id=1] registerBroker: event failed with NotControllerException in 53 microseconds. (org.apache.kafka.controller.QuorumController)
[2026-06-13 16:21:44,001] INFO [QuorumController id=1] registerBroker: event failed with NotControllerException in 45 microseconds. (org.apache.kafka.controller.QuorumController)
[2026-06-13 16:21:44,057] INFO [QuorumController id=1] registerBroker: event failed with NotControllerException in 30 microseconds. (org.apache.kafka.controller.QuorumController)
[2026-06-13 16:21:44,111] INFO [QuorumController id=1] registerBroker: event failed with NotControllerException in 52 microseconds. (org.apache.kafka.controller.QuorumController)
[2026-06-13 16:21:44,164] INFO [QuorumController id=1] registerBroker: event failed with NotControllerException in 55 microseconds. (org.apache.kafka.controller.QuorumController)
[2026-06-13 16:21:44,219] INFO [QuorumController id=1] registerBroker: event failed with NotControllerException in 42 microseconds. (org.apache.kafka.controller.QuorumController)
[2026-06-13 16:21:44,274] INFO [QuorumController id=1] registerBroker: event failed with NotControllerException in 49 microseconds. (org.apache.kafka.controller.QuorumController)
[2026-06-13 16:21:44,432] INFO [QuorumController id=1] registerBroker: event failed with NotControllerException in 50 microseconds. (org.apache.kafka.controller.QuorumController)
[2026-06-13 16:21:44,490] INFO [QuorumController id=1] registerBroker: event failed with NotControllerException in 67 microseconds. (org.apache.kafka.controller.QuorumController)
[2026-06-13 16:21:44,544] INFO [QuorumController id=1] registerBroker: event failed with NotControllerException in 38 microseconds. (org.apache.kafka.controller.QuorumController)
[2026-06-13 16:21:44,597] INFO [QuorumController id=1] registerBroker: event failed with NotControllerException in 24 microseconds. (org.apache.kafka.controller.QuorumController)
[2026-06-13 16:21:44,651] INFO [QuorumController id=1] registerBroker: event failed with NotControllerException in 44 microseconds. (org.apache.kafka.controller.QuorumController)
[2026-06-13 16:21:44,690] INFO [QuorumController id=2] Creating new QuorumController with clusterId egKCZKBtRluEbP81xder5A. (org.apache.kafka.controller.QuorumController)
[2026-06-13 16:21:44,706] INFO [QuorumController id=1] registerBroker: event failed with NotControllerException in 57 microseconds. (org.apache.kafka.controller.QuorumController)
[2026-06-13 16:21:44,763] INFO [QuorumController id=1] registerBroker: event failed with NotControllerException in 51 microseconds. (org.apache.kafka.controller.QuorumController)
[2026-06-13 16:21:44,819] INFO [QuorumController id=1] registerBroker: event failed with NotControllerException in 48 microseconds. (org.apache.kafka.controller.QuorumController)
[2026-06-13 16:21:44,875] INFO [QuorumController id=1] registerBroker: event failed with NotControllerException in 88 microseconds. (org.apache.kafka.controller.QuorumController)
[2026-06-13 16:21:44,932] INFO [QuorumController id=1] registerBroker: event failed with NotControllerException in 44 microseconds. (org.apache.kafka.controller.QuorumController)
[2026-06-13 16:21:44,987] INFO [QuorumController id=1] registerBroker: event failed with NotControllerException in 50 microseconds. (org.apache.kafka.controller.QuorumController)
[2026-06-13 16:21:45,041] INFO [QuorumController id=1] registerBroker: event failed with NotControllerException in 31 microseconds. (org.apache.kafka.controller.QuorumController)
[2026-06-13 16:21:45,096] INFO [QuorumController id=1] registerBroker: event failed with NotControllerException in 39 microseconds. (org.apache.kafka.controller.QuorumController)
[2026-06-13 16:21:45,150] INFO [QuorumController id=1] registerBroker: event failed with NotControllerException in 28 microseconds. (org.apache.kafka.controller.QuorumController)
[2026-06-13 16:21:45,202] INFO [QuorumController id=1] registerBroker: event failed with NotControllerException in 28 microseconds. (org.apache.kafka.controller.QuorumController)
[2026-06-13 16:21:45,254] INFO [QuorumController id=1] registerBroker: event failed with NotControllerException in 32 microseconds. (org.apache.kafka.controller.QuorumController)
[2026-06-13 16:21:45,296] INFO [QuorumController id=2] In the new epoch 30, the leader is 1. (org.apache.kafka.controller.QuorumController)
[2026-06-13 16:21:45,309] INFO [QuorumController id=1] registerBroker: event failed with NotControllerException in 34 microseconds. (org.apache.kafka.controller.QuorumController)
[2026-06-13 16:21:45,321] INFO [QuorumController id=1] registerBroker: event failed with NotControllerException in 36 microseconds. (org.apache.kafka.controller.QuorumController)
[2026-06-13 16:21:45,353] INFO [QuorumController id=1] Becoming the active controller at epoch 30, next write offset 11120. (org.apache.kafka.controller.QuorumController)
[2026-06-13 16:21:45,355] WARN [QuorumController id=1] Performing controller activation. Loaded ZK migration state of NONE. (org.apache.kafka.controller.QuorumController)
[2026-06-13 16:21:45,365] INFO [QuorumController id=1] Replayed RegisterBrokerRecord establishing a new incarnation of broker 1: RegisterBrokerRecord(brokerId=1, isMigratingZkBroker=false, incarnationId=zca0Ux9ST6G2ICFsLXqOgw, brokerEpoch=11120, endPoints=[BrokerEndpoint(name='PLAINTEXT', host='::1', port=9092, securityProtocol=0)], features=[BrokerFeature(name='metadata.version', minSupportedVersion=1, maxSupportedVersion=14)], rack=null, fenced=true, inControlledShutdown=false) (org.apache.kafka.controller.ClusterControlManager)
[2026-06-13 16:21:45,379] INFO [QuorumController id=1] Replayed RegisterBrokerRecord establishing a new incarnation of broker 2: RegisterBrokerRecord(brokerId=2, isMigratingZkBroker=false, incarnationId=hmcjbb-LRoWreROCvoisxQ, brokerEpoch=11121, endPoints=[BrokerEndpoint(name='PLAINTEXT', host='::1', port=9094, securityProtocol=0)], features=[BrokerFeature(name='metadata.version', minSupportedVersion=1, maxSupportedVersion=14)], rack=null, fenced=true, inControlledShutdown=false) (org.apache.kafka.controller.ClusterControlManager)
[2026-06-13 16:21:45,404] INFO [QuorumController id=2] Starting to load snapshot 00000000000000007118-0000000029. Previous lastCommittedOffset was -1. Previous transactionStartOffset was -1. (org.apache.kafka.controller.OffsetControlManager)
[2026-06-13 16:21:45,412] INFO [QuorumController id=2] Replayed a FeatureLevelRecord setting metadata version to 3.6-IV2 (org.apache.kafka.controller.FeatureControlManager)
[2026-06-13 16:21:45,414] INFO [QuorumController id=2] Replayed initial RegisterBrokerRecord for broker 1: RegisterBrokerRecord(brokerId=1, isMigratingZkBroker=false, incarnationId=24cPTPvuTLGrFXN-cNY8RQ, brokerEpoch=35, endPoints=[BrokerEndpoint(name='PLAINTEXT', host='::1', port=9092, securityProtocol=0)], features=[BrokerFeature(name='metadata.version', minSupportedVersion=1, maxSupportedVersion=14)], rack=null, fenced=false, inControlledShutdown=false) (org.apache.kafka.controller.ClusterControlManager)
[2026-06-13 16:21:45,415] INFO [QuorumController id=2] Replayed initial RegisterBrokerRecord for broker 2: RegisterBrokerRecord(brokerId=2, isMigratingZkBroker=false, incarnationId=zud48KvzStutD1n5WSIwHg, brokerEpoch=5, endPoints=[BrokerEndpoint(name='PLAINTEXT', host='::1', port=9094, securityProtocol=0)], features=[BrokerFeature(name='metadata.version', minSupportedVersion=1, maxSupportedVersion=14)], rack=null, fenced=false, inControlledShutdown=false) (org.apache.kafka.controller.ClusterControlManager)
[2026-06-13 16:21:45,415] INFO [QuorumController id=2] Replayed initial RegisterBrokerRecord for broker 3: RegisterBrokerRecord(brokerId=3, isMigratingZkBroker=false, incarnationId=tLEcznPDSDaruMAaJnSWhw, brokerEpoch=6, endPoints=[BrokerEndpoint(name='PLAINTEXT', host='::1', port=9096, securityProtocol=0)], features=[BrokerFeature(name='metadata.version', minSupportedVersion=1, maxSupportedVersion=14)], rack=null, fenced=false, inControlledShutdown=false) (org.apache.kafka.controller.ClusterControlManager)
[2026-06-13 16:21:45,415] INFO [QuorumController id=2] Successfully loaded snapshot 00000000000000007118-0000000029. (org.apache.kafka.controller.OffsetControlManager)
[2026-06-13 16:21:45,465] INFO [QuorumController id=1] The request from broker 1 to unfence has been granted because it has caught up with the offset of its register broker record 11120. (org.apache.kafka.controller.BrokerHeartbeatManager)
[2026-06-13 16:21:45,475] INFO [QuorumController id=1] Replayed BrokerRegistrationChangeRecord modifying the registration for broker 1: BrokerRegistrationChangeRecord(brokerId=1, brokerEpoch=11120, fenced=-1, inControlledShutdown=0) (org.apache.kafka.controller.ClusterControlManager)
[2026-06-13 16:21:45,507] INFO [QuorumController id=2] Replayed BrokerRegistrationChangeRecord modifying the registration for broker 1: BrokerRegistrationChangeRecord(brokerId=1, brokerEpoch=35, fenced=1, inControlledShutdown=0) (org.apache.kafka.controller.ClusterControlManager)
[2026-06-13 16:21:45,509] INFO [QuorumController id=2] Replayed BrokerRegistrationChangeRecord modifying the registration for broker 2: BrokerRegistrationChangeRecord(brokerId=2, brokerEpoch=5, fenced=1, inControlledShutdown=0) (org.apache.kafka.controller.ClusterControlManager)
[2026-06-13 16:21:45,510] INFO [QuorumController id=2] Replayed BrokerRegistrationChangeRecord modifying the registration for broker 3: BrokerRegistrationChangeRecord(brokerId=3, brokerEpoch=6, fenced=1, inControlledShutdown=0) (org.apache.kafka.controller.ClusterControlManager)
[2026-06-13 16:21:45,512] INFO [QuorumController id=2] Ignoring no-op registration change for BrokerRegistration(id=3, epoch=6, incarnationId=tLEcznPDSDaruMAaJnSWhw, listeners=[Endpoint(listenerName='PLAINTEXT', securityProtocol=PLAINTEXT, host='::1', port=9096)], supportedFeatures={metadata.version: 1-14}, rack=Optional.empty, fenced=true, inControlledShutdown=false, isMigratingZkBroker=false) (org.apache.kafka.controller.ClusterControlManager)
[2026-06-13 16:21:45,513] INFO [QuorumController id=2] Ignoring no-op registration change for BrokerRegistration(id=3, epoch=6, incarnationId=tLEcznPDSDaruMAaJnSWhw, listeners=[Endpoint(listenerName='PLAINTEXT', securityProtocol=PLAINTEXT, host='::1', port=9096)], supportedFeatures={metadata.version: 1-14}, rack=Optional.empty, fenced=true, inControlledShutdown=false, isMigratingZkBroker=false) (org.apache.kafka.controller.ClusterControlManager)
[2026-06-13 16:21:45,513] INFO [QuorumController id=2] Ignoring no-op registration change for BrokerRegistration(id=3, epoch=6, incarnationId=tLEcznPDSDaruMAaJnSWhw, listeners=[Endpoint(listenerName='PLAINTEXT', securityProtocol=PLAINTEXT, host='::1', port=9096)], supportedFeatures={metadata.version: 1-14}, rack=Optional.empty, fenced=true, inControlledShutdown=false, isMigratingZkBroker=false) (org.apache.kafka.controller.ClusterControlManager)
[2026-06-13 16:21:45,514] INFO [QuorumController id=2] Ignoring no-op registration change for BrokerRegistration(id=3, epoch=6, incarnationId=tLEcznPDSDaruMAaJnSWhw, listeners=[Endpoint(listenerName='PLAINTEXT', securityProtocol=PLAINTEXT, host='::1', port=9096)], supportedFeatures={metadata.version: 1-14}, rack=Optional.empty, fenced=true, inControlledShutdown=false, isMigratingZkBroker=false) (org.apache.kafka.controller.ClusterControlManager)
[2026-06-13 16:21:45,521] INFO [QuorumController id=2] Replayed RegisterBrokerRecord establishing a new incarnation of broker 1: RegisterBrokerRecord(brokerId=1, isMigratingZkBroker=false, incarnationId=zca0Ux9ST6G2ICFsLXqOgw, brokerEpoch=11120, endPoints=[BrokerEndpoint(name='PLAINTEXT', host='::1', port=9092, securityProtocol=0)], features=[BrokerFeature(name='metadata.version', minSupportedVersion=1, maxSupportedVersion=14)], rack=null, fenced=true, inControlledShutdown=false) (org.apache.kafka.controller.ClusterControlManager)
[2026-06-13 16:21:45,521] INFO [QuorumController id=2] Replayed RegisterBrokerRecord establishing a new incarnation of broker 2: RegisterBrokerRecord(brokerId=2, isMigratingZkBroker=false, incarnationId=hmcjbb-LRoWreROCvoisxQ, brokerEpoch=11121, endPoints=[BrokerEndpoint(name='PLAINTEXT', host='::1', port=9094, securityProtocol=0)], features=[BrokerFeature(name='metadata.version', minSupportedVersion=1, maxSupportedVersion=14)], rack=null, fenced=true, inControlledShutdown=false) (org.apache.kafka.controller.ClusterControlManager)
[2026-06-13 16:21:45,759] INFO [QuorumController id=1] The request from broker 2 to unfence has been granted because it has caught up with the offset of its register broker record 11121. (org.apache.kafka.controller.BrokerHeartbeatManager)
[2026-06-13 16:21:45,760] INFO [QuorumController id=1] Replayed BrokerRegistrationChangeRecord modifying the registration for broker 2: BrokerRegistrationChangeRecord(brokerId=2, brokerEpoch=11121, fenced=-1, inControlledShutdown=0) (org.apache.kafka.controller.ClusterControlManager)
[2026-06-13 16:21:45,790] INFO [QuorumController id=2] Replayed BrokerRegistrationChangeRecord modifying the registration for broker 1: BrokerRegistrationChangeRecord(brokerId=1, brokerEpoch=11120, fenced=-1, inControlledShutdown=0) (org.apache.kafka.controller.ClusterControlManager)
[2026-06-13 16:21:45,889] INFO [QuorumController id=2] Replayed BrokerRegistrationChangeRecord modifying the registration for broker 2: BrokerRegistrationChangeRecord(brokerId=2, brokerEpoch=11121, fenced=-1, inControlledShutdown=0) (org.apache.kafka.controller.ClusterControlManager)
