[2026-06-13T18:58:48.544+0530][gc,init] CardTable entry size: 512
[2026-06-13T18:58:48.544+0530][gc     ] Using G1
[2026-06-13T18:58:48.544+0530][gc,init] Version: 25.0.1+8-LTS-27 (release)
[2026-06-13T18:58:48.544+0530][gc,init] CPUs: 16 total, 16 available
[2026-06-13T18:58:48.544+0530][gc,init] Memory: 16068M
[2026-06-13T18:58:48.544+0530][gc,init] Large Page Support: Disabled
[2026-06-13T18:58:48.544+0530][gc,init] NUMA Support: Disabled
[2026-06-13T18:58:48.544+0530][gc,init] Compressed Oops: Enabled (32-bit)
[2026-06-13T18:58:48.544+0530][gc,init] Heap Region Size: 1M
[2026-06-13T18:58:48.544+0530][gc,init] Heap Min Capacity: 1G
[2026-06-13T18:58:48.544+0530][gc,init] Heap Initial Capacity: 1G
[2026-06-13T18:58:48.544+0530][gc,init] Heap Max Capacity: 1G
[2026-06-13T18:58:48.544+0530][gc,init] Pre-touch: Disabled
[2026-06-13T18:58:48.544+0530][gc,init] Parallel Workers: 13
[2026-06-13T18:58:48.544+0530][gc,init] Concurrent Workers: 3
[2026-06-13T18:58:48.544+0530][gc,init] Concurrent Refinement Workers: 13
[2026-06-13T18:58:48.544+0530][gc,init] Periodic GC: Disabled
[2026-06-13T18:58:48.544+0530][gc,metaspace] CDS archive(s) mapped at: [0x0000000023000000-0x0000000023dd0000-0x0000000023dd0000), size 14483456, SharedBaseAddress: 0x0000000023000000, ArchiveRelocationMode: 1.
[2026-06-13T18:58:48.544+0530][gc,metaspace] Compressed class space mapped at: 0x0000000024000000-0x0000000064000000, reserved size: 1073741824
[2026-06-13T18:58:48.544+0530][gc,metaspace] UseCompressedClassPointers 1, UseCompactObjectHeaders 0
[2026-06-13T18:58:48.544+0530][gc,metaspace] Narrow klass pointer bits 32, Max shift 3
[2026-06-13T18:58:48.544+0530][gc,metaspace] Narrow klass base: 0x0000000023000000, Narrow klass shift: 0
[2026-06-13T18:58:48.544+0530][gc,metaspace] Encoding Range: [0x0000000023000000 - 0x0000000123000000), (4294967296 bytes)
[2026-06-13T18:58:48.544+0530][gc,metaspace] Klass Range:    [0x0000000023010000 - 0x0000000064000000), (1090453504 bytes)
[2026-06-13T18:58:48.544+0530][gc,metaspace] Klass ID Range:  [65536 - 1090519033) (1090453497)
[2026-06-13T18:58:48.544+0530][gc,metaspace] Protection zone: [0x0000000023000000 - 0x0000000023010000), (65536 bytes)
[2026-06-13T18:58:49.309+0530][gc,start    ] GC(0) Pause Young (Normal) (G1 Evacuation Pause)
[2026-06-13T18:58:49.310+0530][gc,task     ] GC(0) Using 13 workers of 13 for evacuation
[2026-06-13T18:58:49.314+0530][gc,phases   ] GC(0)   Pre Evacuate Collection Set: 0.32ms
[2026-06-13T18:58:49.314+0530][gc,phases   ] GC(0)   Merge Heap Roots: 0.06ms
[2026-06-13T18:58:49.314+0530][gc,phases   ] GC(0)   Evacuate Collection Set: 2.91ms
[2026-06-13T18:58:49.314+0530][gc,phases   ] GC(0)   Post Evacuate Collection Set: 0.76ms
[2026-06-13T18:58:49.314+0530][gc,phases   ] GC(0)   Other: 0.57ms
[2026-06-13T18:58:49.314+0530][gc,heap     ] GC(0) Eden regions: 51->0(44)
[2026-06-13T18:58:49.314+0530][gc,heap     ] GC(0) Survivor regions: 0->7(7)
[2026-06-13T18:58:49.314+0530][gc,heap     ] GC(0) Old regions: 2->3
[2026-06-13T18:58:49.314+0530][gc,heap     ] GC(0) Humongous regions: 0->0
[2026-06-13T18:58:49.314+0530][gc,metaspace] GC(0) Metaspace: 17112K(17280K)->17112K(17280K) NonClass: 15582K(15680K)->15582K(15680K) Class: 1530K(1600K)->1530K(1600K)
[2026-06-13T18:58:49.314+0530][gc          ] GC(0) Pause Young (Normal) (G1 Evacuation Pause) 52M->8M(1024M) 4.904ms
[2026-06-13T18:58:49.314+0530][gc,cpu      ] GC(0) User=0.00s Sys=0.00s Real=0.00s
[2026-06-13T18:58:49.500+0530][gc,start    ] GC(1) Pause Young (Concurrent Start) (Metadata GC Threshold)
[2026-06-13T18:58:49.500+0530][gc,task     ] GC(1) Using 13 workers of 13 for evacuation
[2026-06-13T18:58:49.504+0530][gc,phases   ] GC(1)   Pre Evacuate Collection Set: 0.25ms
[2026-06-13T18:58:49.504+0530][gc,phases   ] GC(1)   Merge Heap Roots: 0.06ms
[2026-06-13T18:58:49.504+0530][gc,phases   ] GC(1)   Evacuate Collection Set: 3.30ms
[2026-06-13T18:58:49.504+0530][gc,phases   ] GC(1)   Post Evacuate Collection Set: 0.55ms
[2026-06-13T18:58:49.504+0530][gc,phases   ] GC(1)   Other: 0.07ms
[2026-06-13T18:58:49.505+0530][gc,heap     ] GC(1) Eden regions: 18->0(52)
[2026-06-13T18:58:49.505+0530][gc,heap     ] GC(1) Survivor regions: 7->3(7)
[2026-06-13T18:58:49.505+0530][gc,heap     ] GC(1) Old regions: 3->10
[2026-06-13T18:58:49.505+0530][gc,heap     ] GC(1) Humongous regions: 0->0
[2026-06-13T18:58:49.505+0530][gc,metaspace] GC(1) Metaspace: 21351K(21504K)->21351K(21504K) NonClass: 19353K(19456K)->19353K(19456K) Class: 1997K(2048K)->1997K(2048K)
[2026-06-13T18:58:49.505+0530][gc          ] GC(1) Pause Young (Concurrent Start) (Metadata GC Threshold) 26M->11M(1024M) 5.217ms
[2026-06-13T18:58:49.505+0530][gc,cpu      ] GC(1) User=0.00s Sys=0.00s Real=0.01s
[2026-06-13T18:58:49.505+0530][gc          ] GC(2) Concurrent Mark Cycle
[2026-06-13T18:58:49.505+0530][gc,marking  ] GC(2) Concurrent Scan Root Regions
[2026-06-13T18:58:49.507+0530][gc,marking  ] GC(2) Concurrent Scan Root Regions 1.645ms
[2026-06-13T18:58:49.507+0530][gc,marking  ] GC(2) Concurrent Mark
[2026-06-13T18:58:49.507+0530][gc,marking  ] GC(2) Concurrent Mark From Roots
[2026-06-13T18:58:49.507+0530][gc,task     ] GC(2) Using 3 workers of 3 for marking
[2026-06-13T18:58:49.508+0530][gc,marking  ] GC(2) Concurrent Mark From Roots 1.356ms
[2026-06-13T18:58:49.508+0530][gc,marking  ] GC(2) Concurrent Preclean
[2026-06-13T18:58:49.508+0530][gc,marking  ] GC(2) Concurrent Preclean 0.010ms
[2026-06-13T18:58:49.508+0530][gc,start    ] GC(2) Pause Remark
[2026-06-13T18:58:49.510+0530][gc          ] GC(2) Pause Remark 11M->11M(1024M) 1.475ms
[2026-06-13T18:58:49.510+0530][gc,cpu      ] GC(2) User=0.00s Sys=0.00s Real=0.00s
[2026-06-13T18:58:49.510+0530][gc,marking  ] GC(2) Concurrent Mark 3.022ms
[2026-06-13T18:58:49.510+0530][gc,marking  ] GC(2) Concurrent Rebuild Remembered Sets and Scrub Regions
[2026-06-13T18:58:49.511+0530][gc,marking  ] GC(2) Concurrent Rebuild Remembered Sets and Scrub Regions 1.541ms
[2026-06-13T18:58:49.511+0530][gc,start    ] GC(2) Pause Cleanup
[2026-06-13T18:58:49.511+0530][gc          ] GC(2) Pause Cleanup 11M->11M(1024M) 0.032ms
[2026-06-13T18:58:49.511+0530][gc,cpu      ] GC(2) User=0.02s Sys=0.00s Real=0.00s
[2026-06-13T18:58:49.511+0530][gc,marking  ] GC(2) Concurrent Clear Claimed Marks
[2026-06-13T18:58:49.511+0530][gc,marking  ] GC(2) Concurrent Clear Claimed Marks 0.040ms
[2026-06-13T18:58:49.511+0530][gc,marking  ] GC(2) Concurrent Cleanup for Next Mark
[2026-06-13T18:58:49.515+0530][gc,marking  ] GC(2) Concurrent Cleanup for Next Mark 3.452ms
[2026-06-13T18:58:49.515+0530][gc          ] GC(2) Concurrent Mark Cycle 10.166ms
[2026-06-13T18:58:50.113+0530][gc,start    ] GC(3) Pause Young (Prepare Mixed) (G1 Evacuation Pause)
[2026-06-13T18:58:50.113+0530][gc,task     ] GC(3) Using 13 workers of 13 for evacuation
[2026-06-13T18:58:50.122+0530][gc,phases   ] GC(3)   Pre Evacuate Collection Set: 0.22ms
[2026-06-13T18:58:50.122+0530][gc,phases   ] GC(3)   Merge Heap Roots: 0.09ms
[2026-06-13T18:58:50.122+0530][gc,phases   ] GC(3)   Evacuate Collection Set: 7.90ms
[2026-06-13T18:58:50.122+0530][gc,phases   ] GC(3)   Post Evacuate Collection Set: 0.53ms
[2026-06-13T18:58:50.122+0530][gc,phases   ] GC(3)   Other: 0.12ms
[2026-06-13T18:58:50.122+0530][gc,heap     ] GC(3) Eden regions: 52->0(44)
[2026-06-13T18:58:50.122+0530][gc,heap     ] GC(3) Survivor regions: 3->7(7)
[2026-06-13T18:58:50.122+0530][gc,heap     ] GC(3) Old regions: 10->10
[2026-06-13T18:58:50.122+0530][gc,heap     ] GC(3) Humongous regions: 0->0
[2026-06-13T18:58:50.122+0530][gc,metaspace] GC(3) Metaspace: 31883K(32192K)->31883K(32192K) NonClass: 28964K(29120K)->28964K(29120K) Class: 2918K(3072K)->2918K(3072K)
[2026-06-13T18:58:50.122+0530][gc          ] GC(3) Pause Young (Prepare Mixed) (G1 Evacuation Pause) 63M->15M(1024M) 9.230ms
[2026-06-13T18:58:50.122+0530][gc,cpu      ] GC(3) User=0.11s Sys=0.11s Real=0.01s
[2026-06-13T18:59:14.054+0530][gc,init] CardTable entry size: 512
[2026-06-13T18:59:14.054+0530][gc     ] Using G1
[2026-06-13T18:59:14.058+0530][gc,init] Version: 25.0.1+8-LTS-27 (release)
[2026-06-13T18:59:14.058+0530][gc,init] CPUs: 16 total, 16 available
[2026-06-13T18:59:14.058+0530][gc,init] Memory: 16068M
[2026-06-13T18:59:14.058+0530][gc,init] Large Page Support: Disabled
[2026-06-13T18:59:14.058+0530][gc,init] NUMA Support: Disabled
[2026-06-13T18:59:14.058+0530][gc,init] Compressed Oops: Enabled (32-bit)
[2026-06-13T18:59:14.058+0530][gc,init] Heap Region Size: 1M
[2026-06-13T18:59:14.058+0530][gc,init] Heap Min Capacity: 1G
[2026-06-13T18:59:14.058+0530][gc,init] Heap Initial Capacity: 1G
[2026-06-13T18:59:14.058+0530][gc,init] Heap Max Capacity: 1G
[2026-06-13T18:59:14.058+0530][gc,init] Pre-touch: Disabled
[2026-06-13T18:59:14.058+0530][gc,init] Parallel Workers: 13
[2026-06-13T18:59:14.058+0530][gc,init] Concurrent Workers: 3
[2026-06-13T18:59:14.058+0530][gc,init] Concurrent Refinement Workers: 13
[2026-06-13T18:59:14.058+0530][gc,init] Periodic GC: Disabled
[2026-06-13T18:59:14.067+0530][gc,metaspace] CDS archive(s) mapped at: [0x0000000039000000-0x0000000039dd0000-0x0000000039dd0000), size 14483456, SharedBaseAddress: 0x0000000039000000, ArchiveRelocationMode: 1.
[2026-06-13T18:59:14.067+0530][gc,metaspace] Compressed class space mapped at: 0x000000003a000000-0x000000007a000000, reserved size: 1073741824
[2026-06-13T18:59:14.067+0530][gc,metaspace] UseCompressedClassPointers 1, UseCompactObjectHeaders 0
[2026-06-13T18:59:14.067+0530][gc,metaspace] Narrow klass pointer bits 32, Max shift 3
[2026-06-13T18:59:14.067+0530][gc,metaspace] Narrow klass base: 0x0000000039000000, Narrow klass shift: 0
[2026-06-13T18:59:14.067+0530][gc,metaspace] Encoding Range: [0x0000000039000000 - 0x0000000139000000), (4294967296 bytes)
[2026-06-13T18:59:14.067+0530][gc,metaspace] Klass Range:    [0x0000000039010000 - 0x000000007a000000), (1090453504 bytes)
[2026-06-13T18:59:14.067+0530][gc,metaspace] Klass ID Range:  [65536 - 1090519033) (1090453497)
[2026-06-13T18:59:14.067+0530][gc,metaspace] Protection zone: [0x0000000039000000 - 0x0000000039010000), (65536 bytes)
[2026-06-13T18:59:14.956+0530][gc,start    ] GC(0) Pause Young (Normal) (G1 Evacuation Pause)
[2026-06-13T18:59:14.956+0530][gc,task     ] GC(0) Using 13 workers of 13 for evacuation
[2026-06-13T18:59:14.961+0530][gc,phases   ] GC(0)   Pre Evacuate Collection Set: 0.21ms
[2026-06-13T18:59:14.961+0530][gc,phases   ] GC(0)   Merge Heap Roots: 0.05ms
[2026-06-13T18:59:14.961+0530][gc,phases   ] GC(0)   Evacuate Collection Set: 3.90ms
[2026-06-13T18:59:14.961+0530][gc,phases   ] GC(0)   Post Evacuate Collection Set: 0.85ms
[2026-06-13T18:59:14.961+0530][gc,phases   ] GC(0)   Other: 0.46ms
[2026-06-13T18:59:14.961+0530][gc,heap     ] GC(0) Eden regions: 51->0(44)
[2026-06-13T18:59:14.961+0530][gc,heap     ] GC(0) Survivor regions: 0->7(7)
[2026-06-13T18:59:14.961+0530][gc,heap     ] GC(0) Old regions: 2->4
[2026-06-13T18:59:14.961+0530][gc,heap     ] GC(0) Humongous regions: 0->0
[2026-06-13T18:59:14.961+0530][gc,metaspace] GC(0) Metaspace: 17129K(17344K)->17129K(17344K) NonClass: 15597K(15744K)->15597K(15744K) Class: 1531K(1600K)->1531K(1600K)
[2026-06-13T18:59:14.961+0530][gc          ] GC(0) Pause Young (Normal) (G1 Evacuation Pause) 52M->9M(1024M) 5.717ms
[2026-06-13T18:59:14.961+0530][gc,cpu      ] GC(0) User=0.00s Sys=0.00s Real=0.00s
[2026-06-13T18:59:15.181+0530][gc,start    ] GC(1) Pause Young (Concurrent Start) (Metadata GC Threshold)
[2026-06-13T18:59:15.182+0530][gc,task     ] GC(1) Using 13 workers of 13 for evacuation
[2026-06-13T18:59:15.186+0530][gc,phases   ] GC(1)   Pre Evacuate Collection Set: 0.28ms
[2026-06-13T18:59:15.186+0530][gc,phases   ] GC(1)   Merge Heap Roots: 0.08ms
[2026-06-13T18:59:15.186+0530][gc,phases   ] GC(1)   Evacuate Collection Set: 3.12ms
[2026-06-13T18:59:15.186+0530][gc,phases   ] GC(1)   Post Evacuate Collection Set: 0.52ms
[2026-06-13T18:59:15.186+0530][gc,phases   ] GC(1)   Other: 0.08ms
[2026-06-13T18:59:15.186+0530][gc,heap     ] GC(1) Eden regions: 18->0(48)
[2026-06-13T18:59:15.186+0530][gc,heap     ] GC(1) Survivor regions: 7->3(7)
[2026-06-13T18:59:15.186+0530][gc,heap     ] GC(1) Old regions: 4->10
[2026-06-13T18:59:15.186+0530][gc,heap     ] GC(1) Humongous regions: 0->0
[2026-06-13T18:59:15.186+0530][gc,metaspace] GC(1) Metaspace: 21351K(21504K)->21351K(21504K) NonClass: 19354K(19456K)->19354K(19456K) Class: 1997K(2048K)->1997K(2048K)
[2026-06-13T18:59:15.186+0530][gc          ] GC(1) Pause Young (Concurrent Start) (Metadata GC Threshold) 27M->11M(1024M) 4.366ms
[2026-06-13T18:59:15.186+0530][gc,cpu      ] GC(1) User=0.14s Sys=0.06s Real=0.01s
[2026-06-13T18:59:15.186+0530][gc          ] GC(2) Concurrent Mark Cycle
[2026-06-13T18:59:15.186+0530][gc,marking  ] GC(2) Concurrent Scan Root Regions
[2026-06-13T18:59:15.188+0530][gc,marking  ] GC(2) Concurrent Scan Root Regions 1.785ms
[2026-06-13T18:59:15.188+0530][gc,marking  ] GC(2) Concurrent Mark
[2026-06-13T18:59:15.188+0530][gc,marking  ] GC(2) Concurrent Mark From Roots
[2026-06-13T18:59:15.188+0530][gc,task     ] GC(2) Using 3 workers of 3 for marking
[2026-06-13T18:59:15.190+0530][gc,marking  ] GC(2) Concurrent Mark From Roots 2.078ms
[2026-06-13T18:59:15.190+0530][gc,marking  ] GC(2) Concurrent Preclean
[2026-06-13T18:59:15.190+0530][gc,marking  ] GC(2) Concurrent Preclean 0.015ms
[2026-06-13T18:59:15.190+0530][gc,start    ] GC(2) Pause Remark
[2026-06-13T18:59:15.192+0530][gc          ] GC(2) Pause Remark 11M->11M(1024M) 1.849ms
[2026-06-13T18:59:15.192+0530][gc,cpu      ] GC(2) User=0.00s Sys=0.00s Real=0.00s
[2026-06-13T18:59:15.192+0530][gc,marking  ] GC(2) Concurrent Mark 4.337ms
[2026-06-13T18:59:15.192+0530][gc,marking  ] GC(2) Concurrent Rebuild Remembered Sets and Scrub Regions
[2026-06-13T18:59:15.194+0530][gc,marking  ] GC(2) Concurrent Rebuild Remembered Sets and Scrub Regions 1.561ms
[2026-06-13T18:59:15.194+0530][gc,start    ] GC(2) Pause Cleanup
[2026-06-13T18:59:15.194+0530][gc          ] GC(2) Pause Cleanup 11M->11M(1024M) 0.037ms
[2026-06-13T18:59:15.194+0530][gc,cpu      ] GC(2) User=0.00s Sys=0.00s Real=0.00s
[2026-06-13T18:59:15.194+0530][gc,marking  ] GC(2) Concurrent Clear Claimed Marks
[2026-06-13T18:59:15.194+0530][gc,marking  ] GC(2) Concurrent Clear Claimed Marks 0.052ms
[2026-06-13T18:59:15.194+0530][gc,marking  ] GC(2) Concurrent Cleanup for Next Mark
[2026-06-13T18:59:15.198+0530][gc,marking  ] GC(2) Concurrent Cleanup for Next Mark 4.352ms
[2026-06-13T18:59:15.198+0530][gc          ] GC(2) Concurrent Mark Cycle 12.560ms
[2026-06-13T18:59:15.738+0530][gc,start    ] GC(3) Pause Young (Prepare Mixed) (G1 Evacuation Pause)
[2026-06-13T18:59:15.738+0530][gc,task     ] GC(3) Using 13 workers of 13 for evacuation
[2026-06-13T18:59:15.742+0530][gc,phases   ] GC(3)   Pre Evacuate Collection Set: 0.26ms
[2026-06-13T18:59:15.742+0530][gc,phases   ] GC(3)   Merge Heap Roots: 0.09ms
[2026-06-13T18:59:15.742+0530][gc,phases   ] GC(3)   Evacuate Collection Set: 2.60ms
[2026-06-13T18:59:15.742+0530][gc,phases   ] GC(3)   Post Evacuate Collection Set: 0.68ms
[2026-06-13T18:59:15.742+0530][gc,phases   ] GC(3)   Other: 0.11ms
[2026-06-13T18:59:15.742+0530][gc,heap     ] GC(3) Eden regions: 48->0(58)
[2026-06-13T18:59:15.742+0530][gc,heap     ] GC(3) Survivor regions: 3->7(7)
[2026-06-13T18:59:15.742+0530][gc,heap     ] GC(3) Old regions: 10->10
[2026-06-13T18:59:15.742+0530][gc,heap     ] GC(3) Humongous regions: 0->0
[2026-06-13T18:59:15.742+0530][gc,metaspace] GC(3) Metaspace: 31238K(31488K)->31238K(31488K) NonClass: 28342K(28480K)->28342K(28480K) Class: 2896K(3008K)->2896K(3008K)
[2026-06-13T18:59:15.742+0530][gc          ] GC(3) Pause Young (Prepare Mixed) (G1 Evacuation Pause) 59M->15M(1024M) 4.026ms
[2026-06-13T18:59:15.742+0530][gc,cpu      ] GC(3) User=0.00s Sys=0.00s Real=0.00s
[2026-06-13T18:59:17.061+0530][gc,start    ] GC(4) Pause Young (Mixed) (Metadata GC Threshold)
[2026-06-13T18:59:17.061+0530][gc,task     ] GC(4) Using 13 workers of 13 for evacuation
[2026-06-13T18:59:17.073+0530][gc,phases   ] GC(4)   Pre Evacuate Collection Set: 0.57ms
[2026-06-13T18:59:17.073+0530][gc,phases   ] GC(4)   Merge Heap Roots: 0.19ms
[2026-06-13T18:59:17.073+0530][gc,phases   ] GC(4)   Evacuate Collection Set: 9.72ms
[2026-06-13T18:59:17.073+0530][gc,phases   ] GC(4)   Post Evacuate Collection Set: 1.39ms
[2026-06-13T18:59:17.073+0530][gc,phases   ] GC(4)   Other: 0.28ms
[2026-06-13T18:59:17.073+0530][gc,heap     ] GC(4) Eden regions: 30->0(57)
[2026-06-13T18:59:17.073+0530][gc,heap     ] GC(4) Survivor regions: 7->3(7)
[2026-06-13T18:59:17.073+0530][gc,heap     ] GC(4) Old regions: 10->15
[2026-06-13T18:59:17.073+0530][gc,heap     ] GC(4) Humongous regions: 138->138
[2026-06-13T18:59:17.073+0530][gc,metaspace] GC(4) Metaspace: 35795K(36096K)->35795K(36096K) NonClass: 32365K(32512K)->32365K(32512K) Class: 3430K(3584K)->3430K(3584K)
[2026-06-13T18:59:17.073+0530][gc          ] GC(4) Pause Young (Mixed) (Metadata GC Threshold) 182M->155M(1024M) 13.045ms
[2026-06-13T18:59:17.073+0530][gc,cpu      ] GC(4) User=0.00s Sys=0.00s Real=0.01s
[2026-06-13T18:59:25.204+0530][gc,start    ] GC(5) Pause Young (Concurrent Start) (Metadata GC Threshold)
[2026-06-13T18:59:25.204+0530][gc,task     ] GC(5) Using 13 workers of 13 for evacuation
[2026-06-13T18:59:25.207+0530][gc,phases   ] GC(5)   Pre Evacuate Collection Set: 0.41ms
[2026-06-13T18:59:25.207+0530][gc,phases   ] GC(5)   Merge Heap Roots: 0.09ms
[2026-06-13T18:59:25.207+0530][gc,phases   ] GC(5)   Evacuate Collection Set: 1.77ms
[2026-06-13T18:59:25.207+0530][gc,phases   ] GC(5)   Post Evacuate Collection Set: 0.81ms
[2026-06-13T18:59:25.207+0530][gc,phases   ] GC(5)   Other: 0.08ms
[2026-06-13T18:59:25.207+0530][gc,heap     ] GC(5) Eden regions: 7->0(99)
[2026-06-13T18:59:25.207+0530][gc,heap     ] GC(5) Survivor regions: 3->2(8)
[2026-06-13T18:59:25.207+0530][gc,heap     ] GC(5) Old regions: 15->15
[2026-06-13T18:59:25.207+0530][gc,heap     ] GC(5) Humongous regions: 138->138
[2026-06-13T18:59:25.207+0530][gc,metaspace] GC(5) Metaspace: 36100K(36416K)->36100K(36416K) NonClass: 32633K(32832K)->32633K(32832K) Class: 3466K(3584K)->3466K(3584K)
[2026-06-13T18:59:25.207+0530][gc          ] GC(5) Pause Young (Concurrent Start) (Metadata GC Threshold) 162M->154M(1024M) 3.452ms
[2026-06-13T18:59:25.207+0530][gc,cpu      ] GC(5) User=0.00s Sys=0.00s Real=0.00s
[2026-06-13T18:59:25.207+0530][gc          ] GC(6) Concurrent Mark Cycle
[2026-06-13T18:59:25.207+0530][gc,marking  ] GC(6) Concurrent Scan Root Regions
[2026-06-13T18:59:25.208+0530][gc,marking  ] GC(6) Concurrent Scan Root Regions 0.978ms
[2026-06-13T18:59:25.208+0530][gc,marking  ] GC(6) Concurrent Mark
[2026-06-13T18:59:25.208+0530][gc,marking  ] GC(6) Concurrent Mark From Roots
[2026-06-13T18:59:25.208+0530][gc,task     ] GC(6) Using 3 workers of 3 for marking
[2026-06-13T18:59:25.214+0530][gc,marking  ] GC(6) Concurrent Mark From Roots 5.627ms
[2026-06-13T18:59:25.214+0530][gc,marking  ] GC(6) Concurrent Preclean
[2026-06-13T18:59:25.214+0530][gc,marking  ] GC(6) Concurrent Preclean 0.024ms
[2026-06-13T18:59:25.214+0530][gc,start    ] GC(6) Pause Remark
[2026-06-13T18:59:25.216+0530][gc          ] GC(6) Pause Remark 154M->154M(1024M) 2.300ms
[2026-06-13T18:59:25.216+0530][gc,cpu      ] GC(6) User=0.00s Sys=0.00s Real=0.00s
[2026-06-13T18:59:25.216+0530][gc,marking  ] GC(6) Concurrent Mark 8.189ms
[2026-06-13T18:59:25.216+0530][gc,marking  ] GC(6) Concurrent Rebuild Remembered Sets and Scrub Regions
[2026-06-13T18:59:25.219+0530][gc,marking  ] GC(6) Concurrent Rebuild Remembered Sets and Scrub Regions 2.503ms
[2026-06-13T18:59:25.219+0530][gc,start    ] GC(6) Pause Cleanup
[2026-06-13T18:59:25.219+0530][gc          ] GC(6) Pause Cleanup 155M->155M(1024M) 0.036ms
[2026-06-13T18:59:25.219+0530][gc,cpu      ] GC(6) User=0.00s Sys=0.00s Real=0.00s
[2026-06-13T18:59:25.219+0530][gc,marking  ] GC(6) Concurrent Clear Claimed Marks
[2026-06-13T18:59:25.219+0530][gc,marking  ] GC(6) Concurrent Clear Claimed Marks 0.033ms
[2026-06-13T18:59:25.219+0530][gc,marking  ] GC(6) Concurrent Cleanup for Next Mark
[2026-06-13T18:59:25.220+0530][gc,marking  ] GC(6) Concurrent Cleanup for Next Mark 1.019ms
[2026-06-13T18:59:25.220+0530][gc          ] GC(6) Concurrent Mark Cycle 13.094ms
[2026-06-13T18:59:29.194+0530][gc,init] CardTable entry size: 512
[2026-06-13T18:59:29.194+0530][gc     ] Using G1
[2026-06-13T18:59:29.197+0530][gc,init] Version: 25.0.1+8-LTS-27 (release)
[2026-06-13T18:59:29.197+0530][gc,init] CPUs: 16 total, 16 available
[2026-06-13T18:59:29.197+0530][gc,init] Memory: 16068M
[2026-06-13T18:59:29.197+0530][gc,init] Large Page Support: Disabled
[2026-06-13T18:59:29.197+0530][gc,init] NUMA Support: Disabled
[2026-06-13T18:59:29.197+0530][gc,init] Compressed Oops: Enabled (32-bit)
[2026-06-13T18:59:29.197+0530][gc,init] Heap Region Size: 1M
[2026-06-13T18:59:29.197+0530][gc,init] Heap Min Capacity: 1G
[2026-06-13T18:59:29.197+0530][gc,init] Heap Initial Capacity: 1G
[2026-06-13T18:59:29.197+0530][gc,init] Heap Max Capacity: 1G
[2026-06-13T18:59:29.197+0530][gc,init] Pre-touch: Disabled
[2026-06-13T18:59:29.197+0530][gc,init] Parallel Workers: 13
[2026-06-13T18:59:29.197+0530][gc,init] Concurrent Workers: 3
[2026-06-13T18:59:29.197+0530][gc,init] Concurrent Refinement Workers: 13
[2026-06-13T18:59:29.197+0530][gc,init] Periodic GC: Disabled
[2026-06-13T18:59:29.205+0530][gc,metaspace] CDS archive(s) mapped at: [0x0000000036000000-0x0000000036dd0000-0x0000000036dd0000), size 14483456, SharedBaseAddress: 0x0000000036000000, ArchiveRelocationMode: 1.
[2026-06-13T18:59:29.205+0530][gc,metaspace] Compressed class space mapped at: 0x0000000037000000-0x0000000077000000, reserved size: 1073741824
[2026-06-13T18:59:29.205+0530][gc,metaspace] UseCompressedClassPointers 1, UseCompactObjectHeaders 0
[2026-06-13T18:59:29.205+0530][gc,metaspace] Narrow klass pointer bits 32, Max shift 3
[2026-06-13T18:59:29.205+0530][gc,metaspace] Narrow klass base: 0x0000000036000000, Narrow klass shift: 0
[2026-06-13T18:59:29.205+0530][gc,metaspace] Encoding Range: [0x0000000036000000 - 0x0000000136000000), (4294967296 bytes)
[2026-06-13T18:59:29.205+0530][gc,metaspace] Klass Range:    [0x0000000036010000 - 0x0000000077000000), (1090453504 bytes)
[2026-06-13T18:59:29.205+0530][gc,metaspace] Klass ID Range:  [65536 - 1090519033) (1090453497)
[2026-06-13T18:59:29.205+0530][gc,metaspace] Protection zone: [0x0000000036000000 - 0x0000000036010000), (65536 bytes)
[2026-06-13T18:59:30.219+0530][gc,start    ] GC(0) Pause Young (Normal) (G1 Evacuation Pause)
[2026-06-13T18:59:30.220+0530][gc,task     ] GC(0) Using 13 workers of 13 for evacuation
[2026-06-13T18:59:30.226+0530][gc,phases   ] GC(0)   Pre Evacuate Collection Set: 0.37ms
[2026-06-13T18:59:30.226+0530][gc,phases   ] GC(0)   Merge Heap Roots: 0.14ms
[2026-06-13T18:59:30.226+0530][gc,phases   ] GC(0)   Evacuate Collection Set: 4.68ms
[2026-06-13T18:59:30.226+0530][gc,phases   ] GC(0)   Post Evacuate Collection Set: 0.94ms
[2026-06-13T18:59:30.226+0530][gc,phases   ] GC(0)   Other: 0.64ms
[2026-06-13T18:59:30.226+0530][gc,heap     ] GC(0) Eden regions: 51->0(44)
[2026-06-13T18:59:30.226+0530][gc,heap     ] GC(0) Survivor regions: 0->7(7)
[2026-06-13T18:59:30.226+0530][gc,heap     ] GC(0) Old regions: 2->3
[2026-06-13T18:59:30.226+0530][gc,heap     ] GC(0) Humongous regions: 0->0
[2026-06-13T18:59:30.226+0530][gc,metaspace] GC(0) Metaspace: 17134K(17344K)->17134K(17344K) NonClass: 15603K(15744K)->15603K(15744K) Class: 1531K(1600K)->1531K(1600K)
[2026-06-13T18:59:30.226+0530][gc          ] GC(0) Pause Young (Normal) (G1 Evacuation Pause) 52M->8M(1024M) 7.099ms
[2026-06-13T18:59:30.226+0530][gc,cpu      ] GC(0) User=0.00s Sys=0.00s Real=0.01s
[2026-06-13T18:59:30.462+0530][gc,start    ] GC(1) Pause Young (Concurrent Start) (Metadata GC Threshold)
[2026-06-13T18:59:30.462+0530][gc,task     ] GC(1) Using 13 workers of 13 for evacuation
[2026-06-13T18:59:30.468+0530][gc,phases   ] GC(1)   Pre Evacuate Collection Set: 0.32ms
[2026-06-13T18:59:30.468+0530][gc,phases   ] GC(1)   Merge Heap Roots: 0.10ms
[2026-06-13T18:59:30.468+0530][gc,phases   ] GC(1)   Evacuate Collection Set: 4.60ms
[2026-06-13T18:59:30.468+0530][gc,phases   ] GC(1)   Post Evacuate Collection Set: 0.76ms
[2026-06-13T18:59:30.468+0530][gc,phases   ] GC(1)   Other: 0.09ms
[2026-06-13T18:59:30.468+0530][gc,heap     ] GC(1) Eden regions: 18->0(48)
[2026-06-13T18:59:30.468+0530][gc,heap     ] GC(1) Survivor regions: 7->3(7)
[2026-06-13T18:59:30.468+0530][gc,heap     ] GC(1) Old regions: 3->11
[2026-06-13T18:59:30.468+0530][gc,heap     ] GC(1) Humongous regions: 0->0
[2026-06-13T18:59:30.468+0530][gc,metaspace] GC(1) Metaspace: 21351K(21504K)->21351K(21504K) NonClass: 19353K(19456K)->19353K(19456K) Class: 1997K(2048K)->1997K(2048K)
[2026-06-13T18:59:30.468+0530][gc          ] GC(1) Pause Young (Concurrent Start) (Metadata GC Threshold) 26M->11M(1024M) 6.361ms
[2026-06-13T18:59:30.468+0530][gc,cpu      ] GC(1) User=0.08s Sys=0.12s Real=0.01s
[2026-06-13T18:59:30.468+0530][gc          ] GC(2) Concurrent Mark Cycle
[2026-06-13T18:59:30.468+0530][gc,marking  ] GC(2) Concurrent Scan Root Regions
[2026-06-13T18:59:30.471+0530][gc,marking  ] GC(2) Concurrent Scan Root Regions 2.228ms
[2026-06-13T18:59:30.471+0530][gc,marking  ] GC(2) Concurrent Mark
[2026-06-13T18:59:30.471+0530][gc,marking  ] GC(2) Concurrent Mark From Roots
[2026-06-13T18:59:30.471+0530][gc,task     ] GC(2) Using 3 workers of 3 for marking
[2026-06-13T18:59:30.473+0530][gc,marking  ] GC(2) Concurrent Mark From Roots 2.649ms
[2026-06-13T18:59:30.473+0530][gc,marking  ] GC(2) Concurrent Preclean
[2026-06-13T18:59:30.473+0530][gc,marking  ] GC(2) Concurrent Preclean 0.018ms
[2026-06-13T18:59:30.474+0530][gc,start    ] GC(2) Pause Remark
[2026-06-13T18:59:30.476+0530][gc          ] GC(2) Pause Remark 11M->11M(1024M) 2.744ms
[2026-06-13T18:59:30.476+0530][gc,cpu      ] GC(2) User=0.00s Sys=0.00s Real=0.00s
[2026-06-13T18:59:30.476+0530][gc,marking  ] GC(2) Concurrent Mark 5.808ms
[2026-06-13T18:59:30.476+0530][gc,marking  ] GC(2) Concurrent Rebuild Remembered Sets and Scrub Regions
[2026-06-13T18:59:30.479+0530][gc,marking  ] GC(2) Concurrent Rebuild Remembered Sets and Scrub Regions 2.202ms
[2026-06-13T18:59:30.479+0530][gc,start    ] GC(2) Pause Cleanup
[2026-06-13T18:59:30.479+0530][gc          ] GC(2) Pause Cleanup 11M->11M(1024M) 0.119ms
[2026-06-13T18:59:30.479+0530][gc,cpu      ] GC(2) User=0.00s Sys=0.00s Real=0.00s
[2026-06-13T18:59:30.479+0530][gc,marking  ] GC(2) Concurrent Clear Claimed Marks
[2026-06-13T18:59:30.479+0530][gc,marking  ] GC(2) Concurrent Clear Claimed Marks 0.065ms
[2026-06-13T18:59:30.479+0530][gc,marking  ] GC(2) Concurrent Cleanup for Next Mark
[2026-06-13T18:59:30.484+0530][gc,marking  ] GC(2) Concurrent Cleanup for Next Mark 5.180ms
[2026-06-13T18:59:30.485+0530][gc          ] GC(2) Concurrent Mark Cycle 16.198ms
[2026-06-13T18:59:31.303+0530][gc,start    ] GC(3) Pause Young (Prepare Mixed) (G1 Evacuation Pause)
[2026-06-13T18:59:31.303+0530][gc,task     ] GC(3) Using 13 workers of 13 for evacuation
[2026-06-13T18:59:31.310+0530][gc,phases   ] GC(3)   Pre Evacuate Collection Set: 0.33ms
[2026-06-13T18:59:31.310+0530][gc,phases   ] GC(3)   Merge Heap Roots: 0.14ms
[2026-06-13T18:59:31.310+0530][gc,phases   ] GC(3)   Evacuate Collection Set: 4.72ms
[2026-06-13T18:59:31.310+0530][gc,phases   ] GC(3)   Post Evacuate Collection Set: 0.96ms
[2026-06-13T18:59:31.310+0530][gc,phases   ] GC(3)   Other: 0.15ms
[2026-06-13T18:59:31.310+0530][gc,heap     ] GC(3) Eden regions: 48->0(44)
[2026-06-13T18:59:31.310+0530][gc,heap     ] GC(3) Survivor regions: 3->7(7)
[2026-06-13T18:59:31.310+0530][gc,heap     ] GC(3) Old regions: 11->11
[2026-06-13T18:59:31.310+0530][gc,heap     ] GC(3) Humongous regions: 0->0
[2026-06-13T18:59:31.310+0530][gc,metaspace] GC(3) Metaspace: 31378K(31616K)->31378K(31616K) NonClass: 28433K(28544K)->28433K(28544K) Class: 2944K(3072K)->2944K(3072K)
[2026-06-13T18:59:31.310+0530][gc          ] GC(3) Pause Young (Prepare Mixed) (G1 Evacuation Pause) 59M->15M(1024M) 6.809ms
[2026-06-13T18:59:31.310+0530][gc,cpu      ] GC(3) User=0.06s Sys=0.09s Real=0.01s
[2026-06-13T19:00:15.412+0530][gc,start    ] GC(4) Pause Young (Mixed) (Metadata GC Threshold)
[2026-06-13T19:00:15.413+0530][gc,task     ] GC(4) Using 13 workers of 13 for evacuation
[2026-06-13T19:00:15.418+0530][gc,phases   ] GC(4)   Pre Evacuate Collection Set: 0.31ms
[2026-06-13T19:00:15.418+0530][gc,phases   ] GC(4)   Merge Heap Roots: 0.15ms
[2026-06-13T19:00:15.418+0530][gc,phases   ] GC(4)   Evacuate Collection Set: 4.24ms
[2026-06-13T19:00:15.418+0530][gc,phases   ] GC(4)   Post Evacuate Collection Set: 0.94ms
[2026-06-13T19:00:15.418+0530][gc,phases   ] GC(4)   Other: 0.22ms
[2026-06-13T19:00:15.418+0530][gc,heap     ] GC(4) Eden regions: 33->0(71)
[2026-06-13T19:00:15.418+0530][gc,heap     ] GC(4) Survivor regions: 7->6(9)
[2026-06-13T19:00:15.418+0530][gc,heap     ] GC(4) Old regions: 10->11
[2026-06-13T19:00:15.418+0530][gc,heap     ] GC(4) Humongous regions: 129->129
[2026-06-13T19:00:15.419+0530][gc,metaspace] GC(4) Metaspace: 35765K(36096K)->35765K(36096K) NonClass: 32340K(32512K)->32340K(32512K) Class: 3424K(3584K)->3424K(3584K)
[2026-06-13T19:00:15.419+0530][gc          ] GC(4) Pause Young (Mixed) (Metadata GC Threshold) 176M->145M(1024M) 6.193ms
[2026-06-13T19:00:15.419+0530][gc,cpu      ] GC(4) User=0.03s Sys=0.00s Real=0.01s
[2026-06-13T19:00:35.659+0530][gc,start    ] GC(4) Pause Young (Mixed) (Metadata GC Threshold)
[2026-06-13T19:00:35.659+0530][gc,task     ] GC(4) Using 13 workers of 13 for evacuation
[2026-06-13T19:00:35.664+0530][gc,phases   ] GC(4)   Pre Evacuate Collection Set: 0.26ms
[2026-06-13T19:00:35.664+0530][gc,phases   ] GC(4)   Merge Heap Roots: 0.07ms
[2026-06-13T19:00:35.664+0530][gc,phases   ] GC(4)   Evacuate Collection Set: 3.70ms
[2026-06-13T19:00:35.664+0530][gc,phases   ] GC(4)   Post Evacuate Collection Set: 0.62ms
[2026-06-13T19:00:35.664+0530][gc,phases   ] GC(4)   Other: 0.07ms
[2026-06-13T19:00:35.664+0530][gc,heap     ] GC(4) Eden regions: 32->0(62)
[2026-06-13T19:00:35.664+0530][gc,heap     ] GC(4) Survivor regions: 7->3(7)
[2026-06-13T19:00:35.664+0530][gc,heap     ] GC(4) Old regions: 11->16
[2026-06-13T19:00:35.664+0530][gc,heap     ] GC(4) Humongous regions: 129->129
[2026-06-13T19:00:35.664+0530][gc,metaspace] GC(4) Metaspace: 35799K(36096K)->35799K(36096K) NonClass: 32382K(32512K)->32382K(32512K) Class: 3417K(3584K)->3417K(3584K)
[2026-06-13T19:00:35.664+0530][gc          ] GC(4) Pause Young (Mixed) (Metadata GC Threshold) 175M->146M(1024M) 4.945ms
[2026-06-13T19:00:35.664+0530][gc,cpu      ] GC(4) User=0.00s Sys=0.00s Real=0.01s
[2026-06-13T19:01:10.912+0530][gc,start    ] GC(5) Pause Young (Concurrent Start) (Metadata GC Threshold)
[2026-06-13T19:01:10.912+0530][gc,task     ] GC(5) Using 13 workers of 13 for evacuation
[2026-06-13T19:01:10.915+0530][gc,phases   ] GC(5)   Pre Evacuate Collection Set: 0.28ms
[2026-06-13T19:01:10.915+0530][gc,phases   ] GC(5)   Merge Heap Roots: 0.11ms
[2026-06-13T19:01:10.915+0530][gc,phases   ] GC(5)   Evacuate Collection Set: 2.58ms
[2026-06-13T19:01:10.915+0530][gc,phases   ] GC(5)   Post Evacuate Collection Set: 0.51ms
[2026-06-13T19:01:10.915+0530][gc,phases   ] GC(5)   Other: 0.07ms
[2026-06-13T19:01:10.915+0530][gc,heap     ] GC(5) Eden regions: 11->0(116)
[2026-06-13T19:01:10.915+0530][gc,heap     ] GC(5) Survivor regions: 6->3(10)
[2026-06-13T19:01:10.915+0530][gc,heap     ] GC(5) Old regions: 11->16
[2026-06-13T19:01:10.915+0530][gc,heap     ] GC(5) Humongous regions: 129->129
[2026-06-13T19:01:10.915+0530][gc,metaspace] GC(5) Metaspace: 36139K(36416K)->36139K(36416K) NonClass: 32677K(32832K)->32677K(32832K) Class: 3462K(3584K)->3462K(3584K)
[2026-06-13T19:01:10.915+0530][gc          ] GC(5) Pause Young (Concurrent Start) (Metadata GC Threshold) 156M->146M(1024M) 3.771ms
[2026-06-13T19:01:10.915+0530][gc,cpu      ] GC(5) User=0.00s Sys=0.00s Real=0.00s
[2026-06-13T19:01:10.915+0530][gc          ] GC(6) Concurrent Mark Cycle
[2026-06-13T19:01:10.915+0530][gc,marking  ] GC(6) Concurrent Scan Root Regions
[2026-06-13T19:01:10.917+0530][gc,marking  ] GC(6) Concurrent Scan Root Regions 1.531ms
[2026-06-13T19:01:10.917+0530][gc,marking  ] GC(6) Concurrent Mark
[2026-06-13T19:01:10.917+0530][gc,marking  ] GC(6) Concurrent Mark From Roots
[2026-06-13T19:01:10.917+0530][gc,task     ] GC(6) Using 3 workers of 3 for marking
[2026-06-13T19:01:10.921+0530][gc,marking  ] GC(6) Concurrent Mark From Roots 3.954ms
[2026-06-13T19:01:10.921+0530][gc,marking  ] GC(6) Concurrent Preclean
[2026-06-13T19:01:10.921+0530][gc,marking  ] GC(6) Concurrent Preclean 0.047ms
[2026-06-13T19:01:10.921+0530][gc,start    ] GC(6) Pause Remark
[2026-06-13T19:01:10.923+0530][gc          ] GC(6) Pause Remark 146M->146M(1024M) 2.233ms
[2026-06-13T19:01:10.924+0530][gc,cpu      ] GC(6) User=0.00s Sys=0.00s Real=0.00s
[2026-06-13T19:01:10.924+0530][gc,marking  ] GC(6) Concurrent Mark 6.482ms
[2026-06-13T19:01:10.924+0530][gc,marking  ] GC(6) Concurrent Rebuild Remembered Sets and Scrub Regions
[2026-06-13T19:01:10.927+0530][gc,marking  ] GC(6) Concurrent Rebuild Remembered Sets and Scrub Regions 2.965ms
[2026-06-13T19:01:10.927+0530][gc,start    ] GC(6) Pause Cleanup
[2026-06-13T19:01:10.927+0530][gc          ] GC(6) Pause Cleanup 146M->146M(1024M) 0.175ms
[2026-06-13T19:01:10.927+0530][gc,cpu      ] GC(6) User=0.00s Sys=0.00s Real=0.00s
[2026-06-13T19:01:10.927+0530][gc,marking  ] GC(6) Concurrent Clear Claimed Marks
[2026-06-13T19:01:10.927+0530][gc,marking  ] GC(6) Concurrent Clear Claimed Marks 0.025ms
[2026-06-13T19:01:10.927+0530][gc,marking  ] GC(6) Concurrent Cleanup for Next Mark
[2026-06-13T19:01:10.928+0530][gc,marking  ] GC(6) Concurrent Cleanup for Next Mark 1.109ms
[2026-06-13T19:01:10.928+0530][gc          ] GC(6) Concurrent Mark Cycle 12.936ms
[2026-06-13T19:01:37.559+0530][gc,start    ] GC(5) Pause Young (Concurrent Start) (Metadata GC Threshold)
[2026-06-13T19:01:37.560+0530][gc,task     ] GC(5) Using 13 workers of 13 for evacuation
[2026-06-13T19:01:37.561+0530][gc,phases   ] GC(5)   Pre Evacuate Collection Set: 0.31ms
[2026-06-13T19:01:37.562+0530][gc,phases   ] GC(5)   Merge Heap Roots: 0.08ms
[2026-06-13T19:01:37.562+0530][gc,phases   ] GC(5)   Evacuate Collection Set: 0.87ms
[2026-06-13T19:01:37.562+0530][gc,phases   ] GC(5)   Post Evacuate Collection Set: 0.61ms
[2026-06-13T19:01:37.562+0530][gc,phases   ] GC(5)   Other: 0.07ms
[2026-06-13T19:01:37.562+0530][gc,heap     ] GC(5) Eden regions: 10->0(107)
[2026-06-13T19:01:37.562+0530][gc,heap     ] GC(5) Survivor regions: 3->2(9)
[2026-06-13T19:01:37.562+0530][gc,heap     ] GC(5) Old regions: 16->16
[2026-06-13T19:01:37.562+0530][gc,heap     ] GC(5) Humongous regions: 129->129
[2026-06-13T19:01:37.562+0530][gc,metaspace] GC(5) Metaspace: 36102K(36416K)->36102K(36416K) NonClass: 32685K(32832K)->32685K(32832K) Class: 3417K(3584K)->3417K(3584K)
[2026-06-13T19:01:37.562+0530][gc          ] GC(5) Pause Young (Concurrent Start) (Metadata GC Threshold) 155M->145M(1024M) 2.141ms
[2026-06-13T19:01:37.562+0530][gc,cpu      ] GC(5) User=0.00s Sys=0.00s Real=0.00s
[2026-06-13T19:01:37.562+0530][gc          ] GC(6) Concurrent Mark Cycle
[2026-06-13T19:01:37.562+0530][gc,marking  ] GC(6) Concurrent Scan Root Regions
[2026-06-13T19:01:37.563+0530][gc,marking  ] GC(6) Concurrent Scan Root Regions 0.767ms
[2026-06-13T19:01:37.563+0530][gc,marking  ] GC(6) Concurrent Mark
[2026-06-13T19:01:37.563+0530][gc,marking  ] GC(6) Concurrent Mark From Roots
[2026-06-13T19:01:37.563+0530][gc,task     ] GC(6) Using 3 workers of 3 for marking
[2026-06-13T19:01:37.568+0530][gc,marking  ] GC(6) Concurrent Mark From Roots 5.680ms
[2026-06-13T19:01:37.568+0530][gc,marking  ] GC(6) Concurrent Preclean
[2026-06-13T19:01:37.568+0530][gc,marking  ] GC(6) Concurrent Preclean 0.019ms
[2026-06-13T19:01:37.568+0530][gc,start    ] GC(6) Pause Remark
[2026-06-13T19:01:37.570+0530][gc          ] GC(6) Pause Remark 146M->146M(1024M) 2.003ms
[2026-06-13T19:01:37.570+0530][gc,cpu      ] GC(6) User=0.00s Sys=0.00s Real=0.00s
[2026-06-13T19:01:37.570+0530][gc,marking  ] GC(6) Concurrent Mark 7.904ms
[2026-06-13T19:01:37.570+0530][gc,marking  ] GC(6) Concurrent Rebuild Remembered Sets and Scrub Regions
[2026-06-13T19:01:37.573+0530][gc,marking  ] GC(6) Concurrent Rebuild Remembered Sets and Scrub Regions 2.555ms
[2026-06-13T19:01:37.573+0530][gc,start    ] GC(6) Pause Cleanup
[2026-06-13T19:01:37.573+0530][gc          ] GC(6) Pause Cleanup 146M->146M(1024M) 0.051ms
[2026-06-13T19:01:37.573+0530][gc,cpu      ] GC(6) User=0.00s Sys=0.00s Real=0.00s
[2026-06-13T19:01:37.573+0530][gc,marking  ] GC(6) Concurrent Clear Claimed Marks
[2026-06-13T19:01:37.573+0530][gc,marking  ] GC(6) Concurrent Clear Claimed Marks 0.016ms
[2026-06-13T19:01:37.573+0530][gc,marking  ] GC(6) Concurrent Cleanup for Next Mark
[2026-06-13T19:01:37.574+0530][gc,marking  ] GC(6) Concurrent Cleanup for Next Mark 1.227ms
[2026-06-13T19:01:37.574+0530][gc          ] GC(6) Concurrent Mark Cycle 12.800ms
[2026-06-13T19:04:58.422+0530][gc,exit     ] Heap
[2026-06-13T19:04:58.422+0530][gc,exit     ]  garbage-first heap   total reserved 1048576K, committed 1048576K, used 233458K [0x00000000c0000000, 0x0000000100000000)
[2026-06-13T19:04:58.422+0530][gc,exit     ]   region size 1024K, 76 young (77824K), 2 survivors (2048K)
[2026-06-13T19:04:58.422+0530][gc,exit     ]  Metaspace       used 39923K, committed 40320K, reserved 1114112K
[2026-06-13T19:04:58.422+0530][gc,exit     ]   class space    used 3997K, committed 4160K, reserved 1048576K
[2026-06-13T19:05:01.662+0530][gc,exit     ] Heap
[2026-06-13T19:05:01.662+0530][gc,exit     ]  garbage-first heap   total reserved 1048576K, committed 1048576K, used 206797K [0x00000000c0000000, 0x0000000100000000)
[2026-06-13T19:05:01.662+0530][gc,exit     ]   region size 1024K, 50 young (51200K), 2 survivors (2048K)
[2026-06-13T19:05:01.662+0530][gc,exit     ]  Metaspace       used 38983K, committed 39424K, reserved 1114112K
[2026-06-13T19:05:01.662+0530][gc,exit     ]   class space    used 3892K, committed 4096K, reserved 1048576K
