[2026-06-13 16:25:55,644] INFO [Broker id=1] Transitioning 1 partition(s) to local leaders. (state.change.logger)
[2026-06-13 16:25:55,647] INFO [Broker id=1] Creating new partition topic1-1 with topic id bkVrzYWuSHKFG7e8mvqEMw. (state.change.logger)
[2026-06-13 16:25:55,672] INFO [Broker id=1] Leader topic1-1 with topic id Some(bkVrzYWuSHKFG7e8mvqEMw) starts at leader epoch 0 from offset 0 with partition epoch 0, high watermark 0, ISR [1,2,3], adding replicas [] and removing replicas [] . Previous leader None and previous leader epoch was -1. (state.change.logger)
[2026-06-13 16:25:55,676] INFO [Broker id=1] Transitioning 2 partition(s) to local followers. (state.change.logger)
[2026-06-13 16:25:55,677] INFO [Broker id=1] Creating new partition topic1-0 with topic id bkVrzYWuSHKFG7e8mvqEMw. (state.change.logger)
[2026-06-13 16:25:55,685] INFO [Broker id=1] Follower topic1-0 starts at leader epoch 0 from offset 0 with partition epoch 0 and high watermark 0. Current leader is 3. Previous leader Some(3) and previous leader epoch was 0. (state.change.logger)
[2026-06-13 16:25:55,685] INFO [Broker id=1] Creating new partition topic1-2 with topic id bkVrzYWuSHKFG7e8mvqEMw. (state.change.logger)
[2026-06-13 16:25:55,689] INFO [Broker id=1] Follower topic1-2 starts at leader epoch 0 from offset 0 with partition epoch 0 and high watermark 0. Current leader is 2. Previous leader Some(2) and previous leader epoch was 0. (state.change.logger)
[2026-06-13 16:25:55,690] INFO [Broker id=1] Stopped fetchers as part of become-follower for 2 partitions (state.change.logger)
[2026-06-13 16:25:55,717] INFO [Broker id=1] Started fetchers as part of become-follower for 2 partitions (state.change.logger)
[2026-06-13 16:25:56,015] INFO [Broker id=3] Transitioning 1 partition(s) to local leaders. (state.change.logger)
[2026-06-13 16:25:56,017] INFO [Broker id=2] Transitioning 1 partition(s) to local leaders. (state.change.logger)
[2026-06-13 16:25:56,018] INFO [Broker id=3] Creating new partition topic1-0 with topic id bkVrzYWuSHKFG7e8mvqEMw. (state.change.logger)
[2026-06-13 16:25:56,019] INFO [Broker id=2] Creating new partition topic1-2 with topic id bkVrzYWuSHKFG7e8mvqEMw. (state.change.logger)
[2026-06-13 16:25:56,045] INFO [Broker id=2] Leader topic1-2 with topic id Some(bkVrzYWuSHKFG7e8mvqEMw) starts at leader epoch 0 from offset 0 with partition epoch 0, high watermark 0, ISR [2,3,1], adding replicas [] and removing replicas [] . Previous leader None and previous leader epoch was -1. (state.change.logger)
[2026-06-13 16:25:56,046] INFO [Broker id=3] Leader topic1-0 with topic id Some(bkVrzYWuSHKFG7e8mvqEMw) starts at leader epoch 0 from offset 0 with partition epoch 0, high watermark 0, ISR [3,1,2], adding replicas [] and removing replicas [] . Previous leader None and previous leader epoch was -1. (state.change.logger)
[2026-06-13 16:25:56,052] INFO [Broker id=2] Transitioning 2 partition(s) to local followers. (state.change.logger)
[2026-06-13 16:25:56,053] INFO [Broker id=3] Transitioning 2 partition(s) to local followers. (state.change.logger)
[2026-06-13 16:25:56,053] INFO [Broker id=2] Creating new partition topic1-1 with topic id bkVrzYWuSHKFG7e8mvqEMw. (state.change.logger)
[2026-06-13 16:25:56,054] INFO [Broker id=3] Creating new partition topic1-1 with topic id bkVrzYWuSHKFG7e8mvqEMw. (state.change.logger)
[2026-06-13 16:25:56,061] INFO [Broker id=2] Follower topic1-1 starts at leader epoch 0 from offset 0 with partition epoch 0 and high watermark 0. Current leader is 1. Previous leader Some(1) and previous leader epoch was 0. (state.change.logger)
[2026-06-13 16:25:56,061] INFO [Broker id=2] Creating new partition topic1-0 with topic id bkVrzYWuSHKFG7e8mvqEMw. (state.change.logger)
[2026-06-13 16:25:56,064] INFO [Broker id=3] Follower topic1-1 starts at leader epoch 0 from offset 0 with partition epoch 0 and high watermark 0. Current leader is 1. Previous leader Some(1) and previous leader epoch was 0. (state.change.logger)
[2026-06-13 16:25:56,064] INFO [Broker id=3] Creating new partition topic1-2 with topic id bkVrzYWuSHKFG7e8mvqEMw. (state.change.logger)
[2026-06-13 16:25:56,069] INFO [Broker id=2] Follower topic1-0 starts at leader epoch 0 from offset 0 with partition epoch 0 and high watermark 0. Current leader is 3. Previous leader Some(3) and previous leader epoch was 0. (state.change.logger)
[2026-06-13 16:25:56,070] INFO [Broker id=3] Follower topic1-2 starts at leader epoch 0 from offset 0 with partition epoch 0 and high watermark 0. Current leader is 2. Previous leader Some(2) and previous leader epoch was 0. (state.change.logger)
[2026-06-13 16:25:56,071] INFO [Broker id=2] Stopped fetchers as part of become-follower for 2 partitions (state.change.logger)
[2026-06-13 16:25:56,072] INFO [Broker id=3] Stopped fetchers as part of become-follower for 2 partitions (state.change.logger)
[2026-06-13 16:25:56,103] INFO [Broker id=3] Started fetchers as part of become-follower for 2 partitions (state.change.logger)
[2026-06-13 16:25:56,107] INFO [Broker id=2] Started fetchers as part of become-follower for 2 partitions (state.change.logger)
[2026-06-13 16:26:35,170] INFO [Broker id=1] Transitioning 1 partition(s) to local leaders. (state.change.logger)
[2026-06-13 16:26:35,172] INFO [Broker id=1] Creating new partition topic2-0 with topic id zV-aHzmSRoKaIO1HeHdyRA. (state.change.logger)
[2026-06-13 16:26:35,178] INFO [Broker id=1] Leader topic2-0 with topic id Some(zV-aHzmSRoKaIO1HeHdyRA) starts at leader epoch 0 from offset 0 with partition epoch 0, high watermark 0, ISR [1,2,3], adding replicas [] and removing replicas [] . Previous leader None and previous leader epoch was -1. (state.change.logger)
[2026-06-13 16:26:35,180] INFO [Broker id=1] Transitioning 2 partition(s) to local followers. (state.change.logger)
[2026-06-13 16:26:35,180] INFO [Broker id=1] Creating new partition topic2-2 with topic id zV-aHzmSRoKaIO1HeHdyRA. (state.change.logger)
[2026-06-13 16:26:35,187] INFO [Broker id=1] Follower topic2-2 starts at leader epoch 0 from offset 0 with partition epoch 0 and high watermark 0. Current leader is 3. Previous leader Some(3) and previous leader epoch was 0. (state.change.logger)
[2026-06-13 16:26:35,187] INFO [Broker id=1] Creating new partition topic2-1 with topic id zV-aHzmSRoKaIO1HeHdyRA. (state.change.logger)
[2026-06-13 16:26:35,193] INFO [Broker id=1] Follower topic2-1 starts at leader epoch 0 from offset 0 with partition epoch 0 and high watermark 0. Current leader is 2. Previous leader Some(2) and previous leader epoch was 0. (state.change.logger)
[2026-06-13 16:26:35,194] INFO [Broker id=1] Stopped fetchers as part of become-follower for 2 partitions (state.change.logger)
[2026-06-13 16:26:35,194] INFO [Broker id=1] Started fetchers as part of become-follower for 2 partitions (state.change.logger)
[2026-06-13 16:26:35,290] INFO [Broker id=3] Transitioning 1 partition(s) to local leaders. (state.change.logger)
[2026-06-13 16:26:35,291] INFO [Broker id=2] Transitioning 1 partition(s) to local leaders. (state.change.logger)
[2026-06-13 16:26:35,291] INFO [Broker id=3] Creating new partition topic2-2 with topic id zV-aHzmSRoKaIO1HeHdyRA. (state.change.logger)
[2026-06-13 16:26:35,292] INFO [Broker id=2] Creating new partition topic2-1 with topic id zV-aHzmSRoKaIO1HeHdyRA. (state.change.logger)
[2026-06-13 16:26:35,296] INFO [Broker id=3] Leader topic2-2 with topic id Some(zV-aHzmSRoKaIO1HeHdyRA) starts at leader epoch 0 from offset 0 with partition epoch 0, high watermark 0, ISR [3,1,2], adding replicas [] and removing replicas [] . Previous leader None and previous leader epoch was -1. (state.change.logger)
[2026-06-13 16:26:35,297] INFO [Broker id=2] Leader topic2-1 with topic id Some(zV-aHzmSRoKaIO1HeHdyRA) starts at leader epoch 0 from offset 0 with partition epoch 0, high watermark 0, ISR [2,3,1], adding replicas [] and removing replicas [] . Previous leader None and previous leader epoch was -1. (state.change.logger)
[2026-06-13 16:26:35,298] INFO [Broker id=3] Transitioning 2 partition(s) to local followers. (state.change.logger)
[2026-06-13 16:26:35,298] INFO [Broker id=3] Creating new partition topic2-1 with topic id zV-aHzmSRoKaIO1HeHdyRA. (state.change.logger)
[2026-06-13 16:26:35,299] INFO [Broker id=2] Transitioning 2 partition(s) to local followers. (state.change.logger)
[2026-06-13 16:26:35,299] INFO [Broker id=2] Creating new partition topic2-2 with topic id zV-aHzmSRoKaIO1HeHdyRA. (state.change.logger)
[2026-06-13 16:26:35,303] INFO [Broker id=3] Follower topic2-1 starts at leader epoch 0 from offset 0 with partition epoch 0 and high watermark 0. Current leader is 2. Previous leader Some(2) and previous leader epoch was 0. (state.change.logger)
[2026-06-13 16:26:35,303] INFO [Broker id=3] Creating new partition topic2-0 with topic id zV-aHzmSRoKaIO1HeHdyRA. (state.change.logger)
[2026-06-13 16:26:35,303] INFO [Broker id=2] Follower topic2-2 starts at leader epoch 0 from offset 0 with partition epoch 0 and high watermark 0. Current leader is 3. Previous leader Some(3) and previous leader epoch was 0. (state.change.logger)
[2026-06-13 16:26:35,303] INFO [Broker id=2] Creating new partition topic2-0 with topic id zV-aHzmSRoKaIO1HeHdyRA. (state.change.logger)
[2026-06-13 16:26:35,307] INFO [Broker id=3] Follower topic2-0 starts at leader epoch 0 from offset 0 with partition epoch 0 and high watermark 0. Current leader is 1. Previous leader Some(1) and previous leader epoch was 0. (state.change.logger)
[2026-06-13 16:26:35,308] INFO [Broker id=3] Stopped fetchers as part of become-follower for 2 partitions (state.change.logger)
[2026-06-13 16:26:35,308] INFO [Broker id=3] Started fetchers as part of become-follower for 2 partitions (state.change.logger)
[2026-06-13 16:26:35,308] INFO [Broker id=2] Follower topic2-0 starts at leader epoch 0 from offset 0 with partition epoch 0 and high watermark 0. Current leader is 1. Previous leader Some(1) and previous leader epoch was 0. (state.change.logger)
[2026-06-13 16:26:35,309] INFO [Broker id=2] Stopped fetchers as part of become-follower for 2 partitions (state.change.logger)
[2026-06-13 16:26:35,309] INFO [Broker id=2] Started fetchers as part of become-follower for 2 partitions (state.change.logger)
[2026-06-13 18:43:43,243] INFO [Broker id=3] Deleting 3 partition(s). (state.change.logger)
[2026-06-13 18:43:43,271] ERROR [Broker id=3] Unable to delete replica topic1-1 because the local replica for the partition is in an offline log directory (state.change.logger)
[2026-06-13 18:43:43,271] ERROR [Broker id=3] Unable to delete replica topic1-0 because the local replica for the partition is in an offline log directory (state.change.logger)
[2026-06-13 18:43:43,271] ERROR [Broker id=3] Unable to delete replica topic1-2 because the local replica for the partition is in an offline log directory (state.change.logger)
[2026-06-13 18:43:46,517] INFO [Broker id=1] Deleting 3 partition(s). (state.change.logger)
[2026-06-13 18:43:46,534] ERROR [Broker id=1] Unable to delete replica topic1-1 because the local replica for the partition is in an offline log directory (state.change.logger)
[2026-06-13 18:43:46,534] ERROR [Broker id=1] Unable to delete replica topic1-0 because the local replica for the partition is in an offline log directory (state.change.logger)
[2026-06-13 18:43:46,534] ERROR [Broker id=1] Unable to delete replica topic1-2 because the local replica for the partition is in an offline log directory (state.change.logger)
[2026-06-13 18:45:54,713] INFO [Broker id=1] Transitioning 1 partition(s) to local leaders. (state.change.logger)
[2026-06-13 18:45:54,716] INFO [Broker id=1] Creating new partition topic2-0 with topic id zV-aHzmSRoKaIO1HeHdyRA. (state.change.logger)
[2026-06-13 18:45:54,746] INFO [Broker id=1] Leader topic2-0 with topic id Some(zV-aHzmSRoKaIO1HeHdyRA) starts at leader epoch 0 from offset 0 with partition epoch 0, high watermark 0, ISR [1,2,3], adding replicas [] and removing replicas [] . Previous leader None and previous leader epoch was -1. (state.change.logger)
[2026-06-13 18:45:54,753] INFO [Broker id=1] Transitioning 2 partition(s) to local followers. (state.change.logger)
[2026-06-13 18:45:54,754] INFO [Broker id=1] Creating new partition topic2-2 with topic id zV-aHzmSRoKaIO1HeHdyRA. (state.change.logger)
[2026-06-13 18:45:54,756] INFO [Broker id=1] Follower topic2-2 starts at leader epoch 0 from offset 0 with partition epoch 0 and high watermark 0. Current leader is 3. Previous leader Some(3) and previous leader epoch was 0. (state.change.logger)
[2026-06-13 18:45:54,756] INFO [Broker id=1] Creating new partition topic2-1 with topic id zV-aHzmSRoKaIO1HeHdyRA. (state.change.logger)
[2026-06-13 18:45:54,756] INFO [Broker id=1] Follower topic2-1 starts at leader epoch 0 from offset 0 with partition epoch 0 and high watermark 0. Current leader is 2. Previous leader Some(2) and previous leader epoch was 0. (state.change.logger)
[2026-06-13 18:45:54,757] INFO [Broker id=1] Stopped fetchers as part of become-follower for 2 partitions (state.change.logger)
[2026-06-13 18:45:54,783] INFO [Broker id=1] Started fetchers as part of become-follower for 2 partitions (state.change.logger)
[2026-06-13 18:46:18,091] INFO [Broker id=2] Deleting 3 partition(s). (state.change.logger)
[2026-06-13 18:46:18,112] ERROR [Broker id=2] Unable to delete replica topic1-1 because the local replica for the partition is in an offline log directory (state.change.logger)
[2026-06-13 18:46:18,112] ERROR [Broker id=2] Unable to delete replica topic1-0 because the local replica for the partition is in an offline log directory (state.change.logger)
[2026-06-13 18:46:18,112] ERROR [Broker id=2] Unable to delete replica topic1-2 because the local replica for the partition is in an offline log directory (state.change.logger)
[2026-06-13 18:46:40,144] INFO [Broker id=3] Transitioning 1 partition(s) to local leaders. (state.change.logger)
[2026-06-13 18:46:40,148] INFO [Broker id=3] Creating new partition topic2-2 with topic id zV-aHzmSRoKaIO1HeHdyRA. (state.change.logger)
[2026-06-13 18:46:40,164] INFO [Broker id=3] Leader topic2-2 with topic id Some(zV-aHzmSRoKaIO1HeHdyRA) starts at leader epoch 0 from offset 0 with partition epoch 0, high watermark 0, ISR [3,1,2], adding replicas [] and removing replicas [] . Previous leader None and previous leader epoch was -1. (state.change.logger)
[2026-06-13 18:46:40,169] INFO [Broker id=3] Transitioning 2 partition(s) to local followers. (state.change.logger)
[2026-06-13 18:46:40,170] INFO [Broker id=3] Creating new partition topic2-1 with topic id zV-aHzmSRoKaIO1HeHdyRA. (state.change.logger)
[2026-06-13 18:46:40,172] INFO [Broker id=3] Follower topic2-1 starts at leader epoch 0 from offset 0 with partition epoch 0 and high watermark 0. Current leader is 2. Previous leader Some(2) and previous leader epoch was 0. (state.change.logger)
[2026-06-13 18:46:40,172] INFO [Broker id=3] Creating new partition topic2-0 with topic id zV-aHzmSRoKaIO1HeHdyRA. (state.change.logger)
[2026-06-13 18:46:40,172] INFO [Broker id=3] Follower topic2-0 starts at leader epoch 0 from offset 0 with partition epoch 0 and high watermark 0. Current leader is 1. Previous leader Some(1) and previous leader epoch was 0. (state.change.logger)
[2026-06-13 18:46:40,173] INFO [Broker id=3] Stopped fetchers as part of become-follower for 2 partitions (state.change.logger)
[2026-06-13 18:46:40,191] INFO [Broker id=3] Started fetchers as part of become-follower for 2 partitions (state.change.logger)
[2026-06-13 18:53:40,649] INFO [Broker id=2] Transitioning 1 partition(s) to local leaders. (state.change.logger)
[2026-06-13 18:53:40,657] INFO [Broker id=2] Creating new partition topic2-1 with topic id zV-aHzmSRoKaIO1HeHdyRA. (state.change.logger)
[2026-06-13 18:53:40,693] INFO [Broker id=2] Leader topic2-1 with topic id Some(zV-aHzmSRoKaIO1HeHdyRA) starts at leader epoch 0 from offset 0 with partition epoch 0, high watermark 0, ISR [2,3,1], adding replicas [] and removing replicas [] . Previous leader None and previous leader epoch was -1. (state.change.logger)
[2026-06-13 18:53:40,702] INFO [Broker id=2] Transitioning 2 partition(s) to local followers. (state.change.logger)
[2026-06-13 18:53:40,704] INFO [Broker id=2] Creating new partition topic2-2 with topic id zV-aHzmSRoKaIO1HeHdyRA. (state.change.logger)
[2026-06-13 18:53:40,708] INFO [Broker id=2] Follower topic2-2 starts at leader epoch 0 from offset 0 with partition epoch 0 and high watermark 0. Current leader is 3. Previous leader Some(3) and previous leader epoch was 0. (state.change.logger)
[2026-06-13 18:53:40,709] INFO [Broker id=2] Creating new partition topic2-0 with topic id zV-aHzmSRoKaIO1HeHdyRA. (state.change.logger)
[2026-06-13 18:53:40,710] INFO [Broker id=2] Follower topic2-0 starts at leader epoch 0 from offset 0 with partition epoch 0 and high watermark 0. Current leader is 1. Previous leader Some(1) and previous leader epoch was 0. (state.change.logger)
[2026-06-13 18:53:40,713] INFO [Broker id=2] Stopped fetchers as part of become-follower for 2 partitions (state.change.logger)
[2026-06-13 18:53:40,754] INFO [Broker id=2] Started fetchers as part of become-follower for 2 partitions (state.change.logger)
[2026-06-13 18:53:41,271] INFO [Broker id=3] Transitioning 1 partition(s) to local leaders. (state.change.logger)
[2026-06-13 18:53:41,279] INFO [Broker id=3] Creating new partition topic2-2 with topic id zV-aHzmSRoKaIO1HeHdyRA. (state.change.logger)
[2026-06-13 18:53:41,356] INFO [Broker id=3] Leader topic2-2 with topic id Some(zV-aHzmSRoKaIO1HeHdyRA) starts at leader epoch 0 from offset 0 with partition epoch 0, high watermark 0, ISR [3,1,2], adding replicas [] and removing replicas [] . Previous leader None and previous leader epoch was -1. (state.change.logger)
[2026-06-13 18:53:41,375] INFO [Broker id=3] Transitioning 2 partition(s) to local followers. (state.change.logger)
[2026-06-13 18:53:41,380] INFO [Broker id=3] Creating new partition topic2-1 with topic id zV-aHzmSRoKaIO1HeHdyRA. (state.change.logger)
[2026-06-13 18:53:41,387] INFO [Broker id=3] Follower topic2-1 starts at leader epoch 0 from offset 0 with partition epoch 0 and high watermark 0. Current leader is 2. Previous leader Some(2) and previous leader epoch was 0. (state.change.logger)
[2026-06-13 18:53:41,387] INFO [Broker id=3] Creating new partition topic2-0 with topic id zV-aHzmSRoKaIO1HeHdyRA. (state.change.logger)
[2026-06-13 18:53:41,388] INFO [Broker id=3] Follower topic2-0 starts at leader epoch 0 from offset 0 with partition epoch 0 and high watermark 0. Current leader is 1. Previous leader Some(1) and previous leader epoch was 0. (state.change.logger)
[2026-06-13 18:53:41,392] INFO [Broker id=3] Stopped fetchers as part of become-follower for 2 partitions (state.change.logger)
[2026-06-13 18:53:41,506] INFO [Broker id=3] Started fetchers as part of become-follower for 2 partitions (state.change.logger)
[2026-06-13 18:54:29,001] INFO [Broker id=3] Transitioning 1 partition(s) to local leaders. (state.change.logger)
[2026-06-13 18:54:29,004] INFO [Broker id=3] Creating new partition topic2-2 with topic id zV-aHzmSRoKaIO1HeHdyRA. (state.change.logger)
[2026-06-13 18:54:29,040] INFO [Broker id=3] Leader topic2-2 with topic id Some(zV-aHzmSRoKaIO1HeHdyRA) starts at leader epoch 0 from offset 0 with partition epoch 0, high watermark 0, ISR [3,1,2], adding replicas [] and removing replicas [] . Previous leader None and previous leader epoch was -1. (state.change.logger)
[2026-06-13 18:54:29,046] INFO [Broker id=3] Transitioning 2 partition(s) to local followers. (state.change.logger)
[2026-06-13 18:54:29,047] INFO [Broker id=3] Creating new partition topic2-1 with topic id zV-aHzmSRoKaIO1HeHdyRA. (state.change.logger)
[2026-06-13 18:54:29,049] INFO [Broker id=3] Follower topic2-1 starts at leader epoch 0 from offset 0 with partition epoch 0 and high watermark 0. Current leader is 2. Previous leader Some(2) and previous leader epoch was 0. (state.change.logger)
[2026-06-13 18:54:29,049] INFO [Broker id=3] Creating new partition topic2-0 with topic id zV-aHzmSRoKaIO1HeHdyRA. (state.change.logger)
[2026-06-13 18:54:29,050] INFO [Broker id=3] Follower topic2-0 starts at leader epoch 0 from offset 0 with partition epoch 0 and high watermark 0. Current leader is 1. Previous leader Some(1) and previous leader epoch was 0. (state.change.logger)
[2026-06-13 18:54:29,051] INFO [Broker id=3] Stopped fetchers as part of become-follower for 2 partitions (state.change.logger)
[2026-06-13 18:54:29,078] INFO [Broker id=3] Started fetchers as part of become-follower for 2 partitions (state.change.logger)
[2026-06-13 19:04:16,312] INFO [Broker id=1] Transitioning 1 partition(s) to local leaders. (state.change.logger)
[2026-06-13 19:04:16,315] INFO [Broker id=1] Creating new partition topic1-0 with topic id 4NtUZuhCRwa1VbAfa9jVug. (state.change.logger)
[2026-06-13 19:04:16,340] INFO [Broker id=1] Leader topic1-0 with topic id Some(4NtUZuhCRwa1VbAfa9jVug) starts at leader epoch 0 from offset 0 with partition epoch 0, high watermark 0, ISR [1,2,3], adding replicas [] and removing replicas [] . Previous leader None and previous leader epoch was -1. (state.change.logger)
[2026-06-13 19:04:16,344] INFO [Broker id=1] Transitioning 2 partition(s) to local followers. (state.change.logger)
[2026-06-13 19:04:16,345] INFO [Broker id=1] Creating new partition topic1-1 with topic id 4NtUZuhCRwa1VbAfa9jVug. (state.change.logger)
[2026-06-13 19:04:16,350] INFO [Broker id=1] Follower topic1-1 starts at leader epoch 0 from offset 0 with partition epoch 0 and high watermark 0. Current leader is 2. Previous leader Some(2) and previous leader epoch was 0. (state.change.logger)
[2026-06-13 19:04:16,350] INFO [Broker id=1] Creating new partition topic1-2 with topic id 4NtUZuhCRwa1VbAfa9jVug. (state.change.logger)
[2026-06-13 19:04:16,354] INFO [Broker id=1] Follower topic1-2 starts at leader epoch 0 from offset 0 with partition epoch 0 and high watermark 0. Current leader is 3. Previous leader Some(3) and previous leader epoch was 0. (state.change.logger)
[2026-06-13 19:04:16,355] INFO [Broker id=1] Stopped fetchers as part of become-follower for 2 partitions (state.change.logger)
[2026-06-13 19:04:16,371] INFO [Broker id=2] Transitioning 1 partition(s) to local leaders. (state.change.logger)
[2026-06-13 19:04:16,372] INFO [Broker id=3] Transitioning 1 partition(s) to local leaders. (state.change.logger)
[2026-06-13 19:04:16,378] INFO [Broker id=2] Creating new partition topic1-1 with topic id 4NtUZuhCRwa1VbAfa9jVug. (state.change.logger)
[2026-06-13 19:04:16,379] INFO [Broker id=3] Creating new partition topic1-2 with topic id 4NtUZuhCRwa1VbAfa9jVug. (state.change.logger)
[2026-06-13 19:04:16,383] INFO [Broker id=1] Started fetchers as part of become-follower for 2 partitions (state.change.logger)
[2026-06-13 19:04:16,421] INFO [Broker id=3] Leader topic1-2 with topic id Some(4NtUZuhCRwa1VbAfa9jVug) starts at leader epoch 0 from offset 0 with partition epoch 0, high watermark 0, ISR [3,1,2], adding replicas [] and removing replicas [] . Previous leader None and previous leader epoch was -1. (state.change.logger)
[2026-06-13 19:04:16,424] INFO [Broker id=2] Leader topic1-1 with topic id Some(4NtUZuhCRwa1VbAfa9jVug) starts at leader epoch 0 from offset 0 with partition epoch 0, high watermark 0, ISR [2,3,1], adding replicas [] and removing replicas [] . Previous leader None and previous leader epoch was -1. (state.change.logger)
[2026-06-13 19:04:16,431] INFO [Broker id=3] Transitioning 2 partition(s) to local followers. (state.change.logger)
[2026-06-13 19:04:16,432] INFO [Broker id=3] Creating new partition topic1-1 with topic id 4NtUZuhCRwa1VbAfa9jVug. (state.change.logger)
[2026-06-13 19:04:16,434] INFO [Broker id=2] Transitioning 2 partition(s) to local followers. (state.change.logger)
[2026-06-13 19:04:16,435] INFO [Broker id=2] Creating new partition topic1-0 with topic id 4NtUZuhCRwa1VbAfa9jVug. (state.change.logger)
[2026-06-13 19:04:16,441] INFO [Broker id=3] Follower topic1-1 starts at leader epoch 0 from offset 0 with partition epoch 0 and high watermark 0. Current leader is 2. Previous leader Some(2) and previous leader epoch was 0. (state.change.logger)
[2026-06-13 19:04:16,441] INFO [Broker id=3] Creating new partition topic1-0 with topic id 4NtUZuhCRwa1VbAfa9jVug. (state.change.logger)
[2026-06-13 19:04:16,449] INFO [Broker id=2] Follower topic1-0 starts at leader epoch 0 from offset 0 with partition epoch 0 and high watermark 0. Current leader is 1. Previous leader Some(1) and previous leader epoch was 0. (state.change.logger)
[2026-06-13 19:04:16,449] INFO [Broker id=2] Creating new partition topic1-2 with topic id 4NtUZuhCRwa1VbAfa9jVug. (state.change.logger)
[2026-06-13 19:04:16,450] INFO [Broker id=3] Follower topic1-0 starts at leader epoch 0 from offset 0 with partition epoch 0 and high watermark 0. Current leader is 1. Previous leader Some(1) and previous leader epoch was 0. (state.change.logger)
[2026-06-13 19:04:16,452] INFO [Broker id=3] Stopped fetchers as part of become-follower for 2 partitions (state.change.logger)
[2026-06-13 19:04:16,459] INFO [Broker id=2] Follower topic1-2 starts at leader epoch 0 from offset 0 with partition epoch 0 and high watermark 0. Current leader is 3. Previous leader Some(3) and previous leader epoch was 0. (state.change.logger)
[2026-06-13 19:04:16,460] INFO [Broker id=2] Stopped fetchers as part of become-follower for 2 partitions (state.change.logger)
[2026-06-13 19:04:16,485] INFO [Broker id=3] Started fetchers as part of become-follower for 2 partitions (state.change.logger)
[2026-06-13 19:04:16,500] INFO [Broker id=2] Started fetchers as part of become-follower for 2 partitions (state.change.logger)
[2026-06-13 19:04:58,394] INFO [Broker id=1] Deleting 3 partition(s). (state.change.logger)
[2026-06-13 19:04:58,417] ERROR [Broker id=1] Unable to delete replica topic1-1 because the local replica for the partition is in an offline log directory (state.change.logger)
[2026-06-13 19:04:58,417] ERROR [Broker id=1] Unable to delete replica topic1-0 because the local replica for the partition is in an offline log directory (state.change.logger)
[2026-06-13 19:04:58,417] ERROR [Broker id=1] Unable to delete replica topic1-2 because the local replica for the partition is in an offline log directory (state.change.logger)
[2026-06-13 19:05:01,641] INFO [Broker id=3] Deleting 3 partition(s). (state.change.logger)
[2026-06-13 19:05:01,658] ERROR [Broker id=3] Unable to delete replica topic1-1 because the local replica for the partition is in an offline log directory (state.change.logger)
[2026-06-13 19:05:01,658] ERROR [Broker id=3] Unable to delete replica topic1-0 because the local replica for the partition is in an offline log directory (state.change.logger)
[2026-06-13 19:05:01,658] ERROR [Broker id=3] Unable to delete replica topic1-2 because the local replica for the partition is in an offline log directory (state.change.logger)
