[2026-06-14 09:04:03,684] INFO [QuorumController id=1] Creating new QuorumController with clusterId 1ZZxKRDBS5Olvha7u579YA. (org.apache.kafka.controller.QuorumController)
[2026-06-14 09:04:05,520] INFO [QuorumController id=1] In the new epoch 1, the leader is (none). (org.apache.kafka.controller.QuorumController)
[2026-06-14 09:04:07,342] INFO [QuorumController id=1] In the new epoch 2, the leader is (none). (org.apache.kafka.controller.QuorumController)
[2026-06-14 09:04:09,315] INFO [QuorumController id=1] In the new epoch 3, the leader is (none). (org.apache.kafka.controller.QuorumController)
[2026-06-14 09:04:11,297] INFO [QuorumController id=1] In the new epoch 4, the leader is (none). (org.apache.kafka.controller.QuorumController)
[2026-06-14 09:04:13,233] INFO [QuorumController id=1] In the new epoch 5, the leader is (none). (org.apache.kafka.controller.QuorumController)
[2026-06-14 09:04:16,050] INFO [QuorumController id=1] In the new epoch 6, the leader is (none). (org.apache.kafka.controller.QuorumController)
[2026-06-14 09:04:18,083] INFO [QuorumController id=1] In the new epoch 7, the leader is (none). (org.apache.kafka.controller.QuorumController)
[2026-06-14 09:04:20,946] INFO [QuorumController id=1] In the new epoch 8, the leader is (none). (org.apache.kafka.controller.QuorumController)
[2026-06-14 09:04:22,989] INFO [QuorumController id=1] In the new epoch 9, the leader is (none). (org.apache.kafka.controller.QuorumController)
[2026-06-14 09:04:25,587] INFO [QuorumController id=1] In the new epoch 10, the leader is (none). (org.apache.kafka.controller.QuorumController)
[2026-06-14 09:04:28,036] INFO [QuorumController id=1] In the new epoch 11, the leader is (none). (org.apache.kafka.controller.QuorumController)
[2026-06-14 09:04:30,114] INFO [QuorumController id=1] In the new epoch 12, the leader is (none). (org.apache.kafka.controller.QuorumController)
[2026-06-14 09:04:32,224] INFO [QuorumController id=1] In the new epoch 13, the leader is (none). (org.apache.kafka.controller.QuorumController)
[2026-06-14 09:04:34,286] INFO [QuorumController id=1] In the new epoch 14, the leader is (none). (org.apache.kafka.controller.QuorumController)
[2026-06-14 09:04:36,577] INFO [QuorumController id=1] In the new epoch 15, the leader is (none). (org.apache.kafka.controller.QuorumController)
[2026-06-14 09:04:38,876] INFO [QuorumController id=1] In the new epoch 16, the leader is (none). (org.apache.kafka.controller.QuorumController)
[2026-06-14 09:04:40,176] INFO [QuorumController id=2] Creating new QuorumController with clusterId 1ZZxKRDBS5Olvha7u579YA. (org.apache.kafka.controller.QuorumController)
[2026-06-14 09:04:40,532] INFO [QuorumController id=2] In the new epoch 16, the leader is (none). (org.apache.kafka.controller.QuorumController)
[2026-06-14 09:04:40,628] INFO [QuorumController id=2] In the new epoch 16, the leader is 1. (org.apache.kafka.controller.QuorumController)
[2026-06-14 09:04:40,691] INFO [QuorumController id=1] registerBroker: event failed with NotControllerException in 1042 microseconds. (org.apache.kafka.controller.QuorumController)
[2026-06-14 09:04:40,706] INFO [QuorumController id=1] registerBroker: event failed with NotControllerException in 115 microseconds. (org.apache.kafka.controller.QuorumController)
[2026-06-14 09:04:40,754] INFO [QuorumController id=1] registerBroker: event failed with NotControllerException in 103 microseconds. (org.apache.kafka.controller.QuorumController)
[2026-06-14 09:04:40,770] INFO [QuorumController id=1] registerBroker: event failed with NotControllerException in 97 microseconds. (org.apache.kafka.controller.QuorumController)
[2026-06-14 09:04:40,780] INFO [QuorumController id=1] Becoming the active controller at epoch 16, next write offset 1. (org.apache.kafka.controller.QuorumController)
[2026-06-14 09:04:40,785] WARN [QuorumController id=1] Performing controller activation. The metadata log appears to be empty. Appending 1 bootstrap record(s) in metadata transaction at metadata.version 3.6-IV2 from bootstrap source 'the binary bootstrap metadata file: D:\Bhaskar_Learning_and_Development\Kafka_By_Sergey_Kargopolov\tmp\server-1\kraft-combined-logs\bootstrap.checkpoint'. Setting the ZK migration state to NONE since this is a de-novo KRaft cluster. (org.apache.kafka.controller.QuorumController)
[2026-06-14 09:04:40,787] INFO [QuorumController id=1] Replayed BeginTransactionRecord(name='Bootstrap records') at offset 1. (org.apache.kafka.controller.OffsetControlManager)
[2026-06-14 09:04:40,787] INFO [QuorumController id=1] Replayed a FeatureLevelRecord setting metadata version to 3.6-IV2 (org.apache.kafka.controller.FeatureControlManager)
[2026-06-14 09:04:40,788] INFO [QuorumController id=1] Replayed EndTransactionRecord() at offset 4. (org.apache.kafka.controller.OffsetControlManager)
[2026-06-14 09:04:40,816] INFO [QuorumController id=1] Replayed initial RegisterBrokerRecord for broker 1: RegisterBrokerRecord(brokerId=1, isMigratingZkBroker=false, incarnationId=rCBh5gItSjC3OC6CBqdokQ, brokerEpoch=5, endPoints=[BrokerEndpoint(name='PLAINTEXT', host='::1', port=9092, securityProtocol=0)], features=[BrokerFeature(name='metadata.version', minSupportedVersion=1, maxSupportedVersion=14)], rack=null, fenced=true, inControlledShutdown=false) (org.apache.kafka.controller.ClusterControlManager)
[2026-06-14 09:04:40,826] INFO [QuorumController id=1] Replayed initial RegisterBrokerRecord for broker 2: RegisterBrokerRecord(brokerId=2, isMigratingZkBroker=false, incarnationId=v86W2QyFRMOCmir-mL00QQ, brokerEpoch=6, endPoints=[BrokerEndpoint(name='PLAINTEXT', host='::1', port=9094, securityProtocol=0)], features=[BrokerFeature(name='metadata.version', minSupportedVersion=1, maxSupportedVersion=14)], rack=null, fenced=true, inControlledShutdown=false) (org.apache.kafka.controller.ClusterControlManager)
[2026-06-14 09:04:40,849] INFO [QuorumController id=2] Replayed BeginTransactionRecord(name='Bootstrap records') at offset 1. (org.apache.kafka.controller.OffsetControlManager)
[2026-06-14 09:04:40,850] INFO [QuorumController id=2] Replayed a FeatureLevelRecord setting metadata version to 3.6-IV2 (org.apache.kafka.controller.FeatureControlManager)
[2026-06-14 09:04:40,850] INFO [QuorumController id=2] Replayed EndTransactionRecord() at offset 4. (org.apache.kafka.controller.OffsetControlManager)
[2026-06-14 09:04:41,037] INFO [QuorumController id=1] The request from broker 1 to unfence has been granted because it has caught up with the offset of its register broker record 5. (org.apache.kafka.controller.BrokerHeartbeatManager)
[2026-06-14 09:04:41,043] INFO [QuorumController id=1] Replayed BrokerRegistrationChangeRecord modifying the registration for broker 1: BrokerRegistrationChangeRecord(brokerId=1, brokerEpoch=5, fenced=-1, inControlledShutdown=0) (org.apache.kafka.controller.ClusterControlManager)
[2026-06-14 09:04:41,082] INFO [QuorumController id=2] Replayed initial RegisterBrokerRecord for broker 1: RegisterBrokerRecord(brokerId=1, isMigratingZkBroker=false, incarnationId=rCBh5gItSjC3OC6CBqdokQ, brokerEpoch=5, endPoints=[BrokerEndpoint(name='PLAINTEXT', host='::1', port=9092, securityProtocol=0)], features=[BrokerFeature(name='metadata.version', minSupportedVersion=1, maxSupportedVersion=14)], rack=null, fenced=true, inControlledShutdown=false) (org.apache.kafka.controller.ClusterControlManager)
[2026-06-14 09:04:41,083] INFO [QuorumController id=2] Replayed initial RegisterBrokerRecord for broker 2: RegisterBrokerRecord(brokerId=2, isMigratingZkBroker=false, incarnationId=v86W2QyFRMOCmir-mL00QQ, brokerEpoch=6, endPoints=[BrokerEndpoint(name='PLAINTEXT', host='::1', port=9094, securityProtocol=0)], features=[BrokerFeature(name='metadata.version', minSupportedVersion=1, maxSupportedVersion=14)], rack=null, fenced=true, inControlledShutdown=false) (org.apache.kafka.controller.ClusterControlManager)
[2026-06-14 09:04:41,114] INFO [QuorumController id=1] The request from broker 2 to unfence has been granted because it has caught up with the offset of its register broker record 6. (org.apache.kafka.controller.BrokerHeartbeatManager)
[2026-06-14 09:04:41,114] INFO [QuorumController id=1] Replayed BrokerRegistrationChangeRecord modifying the registration for broker 2: BrokerRegistrationChangeRecord(brokerId=2, brokerEpoch=6, fenced=-1, inControlledShutdown=0) (org.apache.kafka.controller.ClusterControlManager)
[2026-06-14 09:04:41,153] INFO [QuorumController id=2] Replayed BrokerRegistrationChangeRecord modifying the registration for broker 1: BrokerRegistrationChangeRecord(brokerId=1, brokerEpoch=5, fenced=-1, inControlledShutdown=0) (org.apache.kafka.controller.ClusterControlManager)
[2026-06-14 09:04:41,323] INFO [QuorumController id=2] Replayed BrokerRegistrationChangeRecord modifying the registration for broker 2: BrokerRegistrationChangeRecord(brokerId=2, brokerEpoch=6, fenced=-1, inControlledShutdown=0) (org.apache.kafka.controller.ClusterControlManager)
