[2026-06-16 18:23:42,355] INFO [Broker id=1] Transitioning 25 partition(s) to local leaders. (state.change.logger)
[2026-06-16 18:23:42,360] INFO [Broker id=1] Creating new partition __consumer_offsets-48 with topic id zFALQC7SRLaENJFixutWYA. (state.change.logger)
[2026-06-16 18:23:42,402] INFO [Broker id=1] Leader __consumer_offsets-48 with topic id Some(zFALQC7SRLaENJFixutWYA) starts at leader epoch 0 from offset 0 with partition epoch 0, high watermark 0, ISR [1], adding replicas [] and removing replicas [] . Previous leader None and previous leader epoch was -1. (state.change.logger)
[2026-06-16 18:23:42,409] INFO [Broker id=1] Creating new partition __consumer_offsets-11 with topic id zFALQC7SRLaENJFixutWYA. (state.change.logger)
[2026-06-16 18:23:42,419] INFO [Broker id=1] Leader __consumer_offsets-11 with topic id Some(zFALQC7SRLaENJFixutWYA) starts at leader epoch 0 from offset 0 with partition epoch 0, high watermark 0, ISR [1], adding replicas [] and removing replicas [] . Previous leader None and previous leader epoch was -1. (state.change.logger)
[2026-06-16 18:23:42,422] INFO [Broker id=1] Creating new partition __consumer_offsets-23 with topic id zFALQC7SRLaENJFixutWYA. (state.change.logger)
[2026-06-16 18:23:42,430] INFO [Broker id=1] Leader __consumer_offsets-23 with topic id Some(zFALQC7SRLaENJFixutWYA) starts at leader epoch 0 from offset 0 with partition epoch 0, high watermark 0, ISR [1], adding replicas [] and removing replicas [] . Previous leader None and previous leader epoch was -1. (state.change.logger)
[2026-06-16 18:23:42,433] INFO [Broker id=1] Creating new partition __consumer_offsets-26 with topic id zFALQC7SRLaENJFixutWYA. (state.change.logger)
[2026-06-16 18:23:42,442] INFO [Broker id=1] Leader __consumer_offsets-26 with topic id Some(zFALQC7SRLaENJFixutWYA) starts at leader epoch 0 from offset 0 with partition epoch 0, high watermark 0, ISR [1], adding replicas [] and removing replicas [] . Previous leader None and previous leader epoch was -1. (state.change.logger)
[2026-06-16 18:23:42,445] INFO [Broker id=1] Creating new partition __consumer_offsets-7 with topic id zFALQC7SRLaENJFixutWYA. (state.change.logger)
[2026-06-16 18:23:42,457] INFO [Broker id=1] Leader __consumer_offsets-7 with topic id Some(zFALQC7SRLaENJFixutWYA) starts at leader epoch 0 from offset 0 with partition epoch 0, high watermark 0, ISR [1], adding replicas [] and removing replicas [] . Previous leader None and previous leader epoch was -1. (state.change.logger)
[2026-06-16 18:23:42,461] INFO [Broker id=1] Creating new partition __consumer_offsets-40 with topic id zFALQC7SRLaENJFixutWYA. (state.change.logger)
[2026-06-16 18:23:42,474] INFO [Broker id=1] Leader __consumer_offsets-40 with topic id Some(zFALQC7SRLaENJFixutWYA) starts at leader epoch 0 from offset 0 with partition epoch 0, high watermark 0, ISR [1], adding replicas [] and removing replicas [] . Previous leader None and previous leader epoch was -1. (state.change.logger)
[2026-06-16 18:23:42,478] INFO [Broker id=1] Creating new partition __consumer_offsets-5 with topic id zFALQC7SRLaENJFixutWYA. (state.change.logger)
[2026-06-16 18:23:42,493] INFO [Broker id=1] Leader __consumer_offsets-5 with topic id Some(zFALQC7SRLaENJFixutWYA) starts at leader epoch 0 from offset 0 with partition epoch 0, high watermark 0, ISR [1], adding replicas [] and removing replicas [] . Previous leader None and previous leader epoch was -1. (state.change.logger)
[2026-06-16 18:23:42,496] INFO [Broker id=1] Creating new partition __consumer_offsets-38 with topic id zFALQC7SRLaENJFixutWYA. (state.change.logger)
[2026-06-16 18:23:42,510] INFO [Broker id=1] Leader __consumer_offsets-38 with topic id Some(zFALQC7SRLaENJFixutWYA) starts at leader epoch 0 from offset 0 with partition epoch 0, high watermark 0, ISR [1], adding replicas [] and removing replicas [] . Previous leader None and previous leader epoch was -1. (state.change.logger)
[2026-06-16 18:23:42,514] INFO [Broker id=1] Creating new partition __consumer_offsets-36 with topic id zFALQC7SRLaENJFixutWYA. (state.change.logger)
[2026-06-16 18:23:42,528] INFO [Broker id=1] Leader __consumer_offsets-36 with topic id Some(zFALQC7SRLaENJFixutWYA) starts at leader epoch 0 from offset 0 with partition epoch 0, high watermark 0, ISR [1], adding replicas [] and removing replicas [] . Previous leader None and previous leader epoch was -1. (state.change.logger)
[2026-06-16 18:23:42,531] INFO [Broker id=1] Creating new partition __consumer_offsets-47 with topic id zFALQC7SRLaENJFixutWYA. (state.change.logger)
[2026-06-16 18:23:42,545] INFO [Broker id=1] Leader __consumer_offsets-47 with topic id Some(zFALQC7SRLaENJFixutWYA) starts at leader epoch 0 from offset 0 with partition epoch 0, high watermark 0, ISR [1], adding replicas [] and removing replicas [] . Previous leader None and previous leader epoch was -1. (state.change.logger)
[2026-06-16 18:23:42,548] INFO [Broker id=1] Creating new partition __consumer_offsets-16 with topic id zFALQC7SRLaENJFixutWYA. (state.change.logger)
[2026-06-16 18:23:42,561] INFO [Broker id=1] Leader __consumer_offsets-16 with topic id Some(zFALQC7SRLaENJFixutWYA) starts at leader epoch 0 from offset 0 with partition epoch 0, high watermark 0, ISR [1], adding replicas [] and removing replicas [] . Previous leader None and previous leader epoch was -1. (state.change.logger)
[2026-06-16 18:23:42,564] INFO [Broker id=1] Creating new partition __consumer_offsets-45 with topic id zFALQC7SRLaENJFixutWYA. (state.change.logger)
[2026-06-16 18:23:42,577] INFO [Broker id=1] Leader __consumer_offsets-45 with topic id Some(zFALQC7SRLaENJFixutWYA) starts at leader epoch 0 from offset 0 with partition epoch 0, high watermark 0, ISR [1], adding replicas [] and removing replicas [] . Previous leader None and previous leader epoch was -1. (state.change.logger)
[2026-06-16 18:23:42,581] INFO [Broker id=1] Creating new partition __consumer_offsets-14 with topic id zFALQC7SRLaENJFixutWYA. (state.change.logger)
[2026-06-16 18:23:42,594] INFO [Broker id=1] Leader __consumer_offsets-14 with topic id Some(zFALQC7SRLaENJFixutWYA) starts at leader epoch 0 from offset 0 with partition epoch 0, high watermark 0, ISR [1], adding replicas [] and removing replicas [] . Previous leader None and previous leader epoch was -1. (state.change.logger)
[2026-06-16 18:23:42,598] INFO [Broker id=1] Creating new partition __consumer_offsets-43 with topic id zFALQC7SRLaENJFixutWYA. (state.change.logger)
[2026-06-16 18:23:42,610] INFO [Broker id=1] Leader __consumer_offsets-43 with topic id Some(zFALQC7SRLaENJFixutWYA) starts at leader epoch 0 from offset 0 with partition epoch 0, high watermark 0, ISR [1], adding replicas [] and removing replicas [] . Previous leader None and previous leader epoch was -1. (state.change.logger)
[2026-06-16 18:23:42,613] INFO [Broker id=1] Creating new partition __consumer_offsets-12 with topic id zFALQC7SRLaENJFixutWYA. (state.change.logger)
[2026-06-16 18:23:42,625] INFO [Broker id=1] Leader __consumer_offsets-12 with topic id Some(zFALQC7SRLaENJFixutWYA) starts at leader epoch 0 from offset 0 with partition epoch 0, high watermark 0, ISR [1], adding replicas [] and removing replicas [] . Previous leader None and previous leader epoch was -1. (state.change.logger)
[2026-06-16 18:23:42,630] INFO [Broker id=1] Creating new partition __consumer_offsets-24 with topic id zFALQC7SRLaENJFixutWYA. (state.change.logger)
[2026-06-16 18:23:42,642] INFO [Broker id=1] Leader __consumer_offsets-24 with topic id Some(zFALQC7SRLaENJFixutWYA) starts at leader epoch 0 from offset 0 with partition epoch 0, high watermark 0, ISR [1], adding replicas [] and removing replicas [] . Previous leader None and previous leader epoch was -1. (state.change.logger)
[2026-06-16 18:23:42,646] INFO [Broker id=1] Creating new partition __consumer_offsets-20 with topic id zFALQC7SRLaENJFixutWYA. (state.change.logger)
[2026-06-16 18:23:42,658] INFO [Broker id=1] Leader __consumer_offsets-20 with topic id Some(zFALQC7SRLaENJFixutWYA) starts at leader epoch 0 from offset 0 with partition epoch 0, high watermark 0, ISR [1], adding replicas [] and removing replicas [] . Previous leader None and previous leader epoch was -1. (state.change.logger)
[2026-06-16 18:23:42,661] INFO [Broker id=1] Creating new partition __consumer_offsets-18 with topic id zFALQC7SRLaENJFixutWYA. (state.change.logger)
[2026-06-16 18:23:42,675] INFO [Broker id=1] Leader __consumer_offsets-18 with topic id Some(zFALQC7SRLaENJFixutWYA) starts at leader epoch 0 from offset 0 with partition epoch 0, high watermark 0, ISR [1], adding replicas [] and removing replicas [] . Previous leader None and previous leader epoch was -1. (state.change.logger)
[2026-06-16 18:23:42,679] INFO [Broker id=1] Creating new partition __consumer_offsets-31 with topic id zFALQC7SRLaENJFixutWYA. (state.change.logger)
[2026-06-16 18:23:42,692] INFO [Broker id=1] Leader __consumer_offsets-31 with topic id Some(zFALQC7SRLaENJFixutWYA) starts at leader epoch 0 from offset 0 with partition epoch 0, high watermark 0, ISR [1], adding replicas [] and removing replicas [] . Previous leader None and previous leader epoch was -1. (state.change.logger)
[2026-06-16 18:23:42,696] INFO [Broker id=1] Creating new partition __consumer_offsets-0 with topic id zFALQC7SRLaENJFixutWYA. (state.change.logger)
[2026-06-16 18:23:42,708] INFO [Broker id=1] Leader __consumer_offsets-0 with topic id Some(zFALQC7SRLaENJFixutWYA) starts at leader epoch 0 from offset 0 with partition epoch 0, high watermark 0, ISR [1], adding replicas [] and removing replicas [] . Previous leader None and previous leader epoch was -1. (state.change.logger)
[2026-06-16 18:23:42,711] INFO [Broker id=1] Creating new partition __consumer_offsets-29 with topic id zFALQC7SRLaENJFixutWYA. (state.change.logger)
[2026-06-16 18:23:42,722] INFO [Broker id=1] Leader __consumer_offsets-29 with topic id Some(zFALQC7SRLaENJFixutWYA) starts at leader epoch 0 from offset 0 with partition epoch 0, high watermark 0, ISR [1], adding replicas [] and removing replicas [] . Previous leader None and previous leader epoch was -1. (state.change.logger)
[2026-06-16 18:23:42,726] INFO [Broker id=1] Creating new partition __consumer_offsets-8 with topic id zFALQC7SRLaENJFixutWYA. (state.change.logger)
[2026-06-16 18:23:42,736] INFO [Broker id=1] Leader __consumer_offsets-8 with topic id Some(zFALQC7SRLaENJFixutWYA) starts at leader epoch 0 from offset 0 with partition epoch 0, high watermark 0, ISR [1], adding replicas [] and removing replicas [] . Previous leader None and previous leader epoch was -1. (state.change.logger)
[2026-06-16 18:23:42,740] INFO [Broker id=1] Creating new partition __consumer_offsets-35 with topic id zFALQC7SRLaENJFixutWYA. (state.change.logger)
[2026-06-16 18:23:42,752] INFO [Broker id=1] Leader __consumer_offsets-35 with topic id Some(zFALQC7SRLaENJFixutWYA) starts at leader epoch 0 from offset 0 with partition epoch 0, high watermark 0, ISR [1], adding replicas [] and removing replicas [] . Previous leader None and previous leader epoch was -1. (state.change.logger)
[2026-06-16 18:23:42,755] INFO [Broker id=1] Creating new partition __consumer_offsets-33 with topic id zFALQC7SRLaENJFixutWYA. (state.change.logger)
[2026-06-16 18:23:42,765] INFO [Broker id=1] Leader __consumer_offsets-33 with topic id Some(zFALQC7SRLaENJFixutWYA) starts at leader epoch 0 from offset 0 with partition epoch 0, high watermark 0, ISR [1], adding replicas [] and removing replicas [] . Previous leader None and previous leader epoch was -1. (state.change.logger)
[2026-06-16 18:23:42,768] INFO [Broker id=1] Creating new partition __consumer_offsets-2 with topic id zFALQC7SRLaENJFixutWYA. (state.change.logger)
[2026-06-16 18:23:42,778] INFO [Broker id=1] Leader __consumer_offsets-2 with topic id Some(zFALQC7SRLaENJFixutWYA) starts at leader epoch 0 from offset 0 with partition epoch 0, high watermark 0, ISR [1], adding replicas [] and removing replicas [] . Previous leader None and previous leader epoch was -1. (state.change.logger)
[2026-06-16 18:23:42,856] INFO [Broker id=2] Transitioning 26 partition(s) to local leaders. (state.change.logger)
[2026-06-16 18:23:42,860] INFO [Broker id=2] Creating new partition __consumer_offsets-15 with topic id zFALQC7SRLaENJFixutWYA. (state.change.logger)
[2026-06-16 18:23:42,895] INFO [Broker id=2] Leader __consumer_offsets-15 with topic id Some(zFALQC7SRLaENJFixutWYA) starts at leader epoch 0 from offset 0 with partition epoch 0, high watermark 0, ISR [2], adding replicas [] and removing replicas [] . Previous leader None and previous leader epoch was -1. (state.change.logger)
[2026-06-16 18:23:42,900] INFO [Broker id=2] Creating new partition __consumer_offsets-13 with topic id zFALQC7SRLaENJFixutWYA. (state.change.logger)
[2026-06-16 18:23:42,908] INFO [Broker id=2] Leader __consumer_offsets-13 with topic id Some(zFALQC7SRLaENJFixutWYA) starts at leader epoch 0 from offset 0 with partition epoch 0, high watermark 0, ISR [2], adding replicas [] and removing replicas [] . Previous leader None and previous leader epoch was -1. (state.change.logger)
[2026-06-16 18:23:42,910] INFO [Broker id=2] Creating new partition __consumer_offsets-46 with topic id zFALQC7SRLaENJFixutWYA. (state.change.logger)
[2026-06-16 18:23:42,918] INFO [Broker id=2] Leader __consumer_offsets-46 with topic id Some(zFALQC7SRLaENJFixutWYA) starts at leader epoch 0 from offset 0 with partition epoch 0, high watermark 0, ISR [2], adding replicas [] and removing replicas [] . Previous leader None and previous leader epoch was -1. (state.change.logger)
[2026-06-16 18:23:42,921] INFO [Broker id=2] Creating new partition __consumer_offsets-44 with topic id zFALQC7SRLaENJFixutWYA. (state.change.logger)
[2026-06-16 18:23:42,930] INFO [Broker id=2] Leader __consumer_offsets-44 with topic id Some(zFALQC7SRLaENJFixutWYA) starts at leader epoch 0 from offset 0 with partition epoch 0, high watermark 0, ISR [2], adding replicas [] and removing replicas [] . Previous leader None and previous leader epoch was -1. (state.change.logger)
[2026-06-16 18:23:42,932] INFO [Broker id=2] Creating new partition __consumer_offsets-9 with topic id zFALQC7SRLaENJFixutWYA. (state.change.logger)
[2026-06-16 18:23:42,940] INFO [Broker id=2] Leader __consumer_offsets-9 with topic id Some(zFALQC7SRLaENJFixutWYA) starts at leader epoch 0 from offset 0 with partition epoch 0, high watermark 0, ISR [2], adding replicas [] and removing replicas [] . Previous leader None and previous leader epoch was -1. (state.change.logger)
[2026-06-16 18:23:42,942] INFO [Broker id=2] Creating new partition __consumer_offsets-42 with topic id zFALQC7SRLaENJFixutWYA. (state.change.logger)
[2026-06-16 18:23:42,949] INFO [Broker id=2] Leader __consumer_offsets-42 with topic id Some(zFALQC7SRLaENJFixutWYA) starts at leader epoch 0 from offset 0 with partition epoch 0, high watermark 0, ISR [2], adding replicas [] and removing replicas [] . Previous leader None and previous leader epoch was -1. (state.change.logger)
[2026-06-16 18:23:42,952] INFO [Broker id=2] Creating new partition product-created-event-topic-0 with topic id wAB60A1pSJaj_5M-y7BLnA. (state.change.logger)
[2026-06-16 18:23:42,960] INFO [Broker id=2] Leader product-created-event-topic-0 with topic id Some(wAB60A1pSJaj_5M-y7BLnA) starts at leader epoch 0 from offset 0 with partition epoch 0, high watermark 0, ISR [2], adding replicas [] and removing replicas [] . Previous leader None and previous leader epoch was -1. (state.change.logger)
[2026-06-16 18:23:42,961] INFO [Broker id=2] Creating new partition __consumer_offsets-21 with topic id zFALQC7SRLaENJFixutWYA. (state.change.logger)
[2026-06-16 18:23:42,968] INFO [Broker id=2] Leader __consumer_offsets-21 with topic id Some(zFALQC7SRLaENJFixutWYA) starts at leader epoch 0 from offset 0 with partition epoch 0, high watermark 0, ISR [2], adding replicas [] and removing replicas [] . Previous leader None and previous leader epoch was -1. (state.change.logger)
[2026-06-16 18:23:42,971] INFO [Broker id=2] Creating new partition __consumer_offsets-19 with topic id zFALQC7SRLaENJFixutWYA. (state.change.logger)
[2026-06-16 18:23:42,979] INFO [Broker id=2] Leader __consumer_offsets-19 with topic id Some(zFALQC7SRLaENJFixutWYA) starts at leader epoch 0 from offset 0 with partition epoch 0, high watermark 0, ISR [2], adding replicas [] and removing replicas [] . Previous leader None and previous leader epoch was -1. (state.change.logger)
[2026-06-16 18:23:42,981] INFO [Broker id=2] Creating new partition __consumer_offsets-17 with topic id zFALQC7SRLaENJFixutWYA. (state.change.logger)
[2026-06-16 18:23:42,990] INFO [Broker id=2] Leader __consumer_offsets-17 with topic id Some(zFALQC7SRLaENJFixutWYA) starts at leader epoch 0 from offset 0 with partition epoch 0, high watermark 0, ISR [2], adding replicas [] and removing replicas [] . Previous leader None and previous leader epoch was -1. (state.change.logger)
[2026-06-16 18:23:42,993] INFO [Broker id=2] Creating new partition __consumer_offsets-32 with topic id zFALQC7SRLaENJFixutWYA. (state.change.logger)
[2026-06-16 18:23:43,001] INFO [Broker id=2] Leader __consumer_offsets-32 with topic id Some(zFALQC7SRLaENJFixutWYA) starts at leader epoch 0 from offset 0 with partition epoch 0, high watermark 0, ISR [2], adding replicas [] and removing replicas [] . Previous leader None and previous leader epoch was -1. (state.change.logger)
[2026-06-16 18:23:43,003] INFO [Broker id=2] Creating new partition __consumer_offsets-30 with topic id zFALQC7SRLaENJFixutWYA. (state.change.logger)
[2026-06-16 18:23:43,011] INFO [Broker id=2] Leader __consumer_offsets-30 with topic id Some(zFALQC7SRLaENJFixutWYA) starts at leader epoch 0 from offset 0 with partition epoch 0, high watermark 0, ISR [2], adding replicas [] and removing replicas [] . Previous leader None and previous leader epoch was -1. (state.change.logger)
[2026-06-16 18:23:43,014] INFO [Broker id=2] Creating new partition __consumer_offsets-28 with topic id zFALQC7SRLaENJFixutWYA. (state.change.logger)
[2026-06-16 18:23:43,023] INFO [Broker id=2] Leader __consumer_offsets-28 with topic id Some(zFALQC7SRLaENJFixutWYA) starts at leader epoch 0 from offset 0 with partition epoch 0, high watermark 0, ISR [2], adding replicas [] and removing replicas [] . Previous leader None and previous leader epoch was -1. (state.change.logger)
[2026-06-16 18:23:43,026] INFO [Broker id=2] Creating new partition __consumer_offsets-3 with topic id zFALQC7SRLaENJFixutWYA. (state.change.logger)
[2026-06-16 18:23:43,034] INFO [Broker id=2] Leader __consumer_offsets-3 with topic id Some(zFALQC7SRLaENJFixutWYA) starts at leader epoch 0 from offset 0 with partition epoch 0, high watermark 0, ISR [2], adding replicas [] and removing replicas [] . Previous leader None and previous leader epoch was -1. (state.change.logger)
[2026-06-16 18:23:43,038] INFO [Broker id=2] Creating new partition __consumer_offsets-1 with topic id zFALQC7SRLaENJFixutWYA. (state.change.logger)
[2026-06-16 18:23:43,046] INFO [Broker id=2] Leader __consumer_offsets-1 with topic id Some(zFALQC7SRLaENJFixutWYA) starts at leader epoch 0 from offset 0 with partition epoch 0, high watermark 0, ISR [2], adding replicas [] and removing replicas [] . Previous leader None and previous leader epoch was -1. (state.change.logger)
[2026-06-16 18:23:43,048] INFO [Broker id=2] Creating new partition __consumer_offsets-34 with topic id zFALQC7SRLaENJFixutWYA. (state.change.logger)
[2026-06-16 18:23:43,056] INFO [Broker id=2] Leader __consumer_offsets-34 with topic id Some(zFALQC7SRLaENJFixutWYA) starts at leader epoch 0 from offset 0 with partition epoch 0, high watermark 0, ISR [2], adding replicas [] and removing replicas [] . Previous leader None and previous leader epoch was -1. (state.change.logger)
[2026-06-16 18:23:43,059] INFO [Broker id=2] Creating new partition __consumer_offsets-41 with topic id zFALQC7SRLaENJFixutWYA. (state.change.logger)
[2026-06-16 18:23:43,069] INFO [Broker id=2] Leader __consumer_offsets-41 with topic id Some(zFALQC7SRLaENJFixutWYA) starts at leader epoch 0 from offset 0 with partition epoch 0, high watermark 0, ISR [2], adding replicas [] and removing replicas [] . Previous leader None and previous leader epoch was -1. (state.change.logger)
[2026-06-16 18:23:43,072] INFO [Broker id=2] Creating new partition __consumer_offsets-10 with topic id zFALQC7SRLaENJFixutWYA. (state.change.logger)
[2026-06-16 18:23:43,080] INFO [Broker id=2] Leader __consumer_offsets-10 with topic id Some(zFALQC7SRLaENJFixutWYA) starts at leader epoch 0 from offset 0 with partition epoch 0, high watermark 0, ISR [2], adding replicas [] and removing replicas [] . Previous leader None and previous leader epoch was -1. (state.change.logger)
[2026-06-16 18:23:43,083] INFO [Broker id=2] Creating new partition __consumer_offsets-22 with topic id zFALQC7SRLaENJFixutWYA. (state.change.logger)
[2026-06-16 18:23:43,091] INFO [Broker id=2] Leader __consumer_offsets-22 with topic id Some(zFALQC7SRLaENJFixutWYA) starts at leader epoch 0 from offset 0 with partition epoch 0, high watermark 0, ISR [2], adding replicas [] and removing replicas [] . Previous leader None and previous leader epoch was -1. (state.change.logger)
[2026-06-16 18:23:43,093] INFO [Broker id=2] Creating new partition __consumer_offsets-49 with topic id zFALQC7SRLaENJFixutWYA. (state.change.logger)
[2026-06-16 18:23:43,101] INFO [Broker id=2] Leader __consumer_offsets-49 with topic id Some(zFALQC7SRLaENJFixutWYA) starts at leader epoch 0 from offset 0 with partition epoch 0, high watermark 0, ISR [2], adding replicas [] and removing replicas [] . Previous leader None and previous leader epoch was -1. (state.change.logger)
[2026-06-16 18:23:43,103] INFO [Broker id=2] Creating new partition __consumer_offsets-27 with topic id zFALQC7SRLaENJFixutWYA. (state.change.logger)
[2026-06-16 18:23:43,111] INFO [Broker id=2] Leader __consumer_offsets-27 with topic id Some(zFALQC7SRLaENJFixutWYA) starts at leader epoch 0 from offset 0 with partition epoch 0, high watermark 0, ISR [2], adding replicas [] and removing replicas [] . Previous leader None and previous leader epoch was -1. (state.change.logger)
[2026-06-16 18:23:43,113] INFO [Broker id=2] Creating new partition __consumer_offsets-25 with topic id zFALQC7SRLaENJFixutWYA. (state.change.logger)
[2026-06-16 18:23:43,120] INFO [Broker id=2] Leader __consumer_offsets-25 with topic id Some(zFALQC7SRLaENJFixutWYA) starts at leader epoch 0 from offset 0 with partition epoch 0, high watermark 0, ISR [2], adding replicas [] and removing replicas [] . Previous leader None and previous leader epoch was -1. (state.change.logger)
[2026-06-16 18:23:43,123] INFO [Broker id=2] Creating new partition __consumer_offsets-39 with topic id zFALQC7SRLaENJFixutWYA. (state.change.logger)
[2026-06-16 18:23:43,129] INFO [Broker id=2] Leader __consumer_offsets-39 with topic id Some(zFALQC7SRLaENJFixutWYA) starts at leader epoch 0 from offset 0 with partition epoch 0, high watermark 0, ISR [2], adding replicas [] and removing replicas [] . Previous leader None and previous leader epoch was -1. (state.change.logger)
[2026-06-16 18:23:43,132] INFO [Broker id=2] Creating new partition __consumer_offsets-37 with topic id zFALQC7SRLaENJFixutWYA. (state.change.logger)
[2026-06-16 18:23:43,141] INFO [Broker id=2] Leader __consumer_offsets-37 with topic id Some(zFALQC7SRLaENJFixutWYA) starts at leader epoch 0 from offset 0 with partition epoch 0, high watermark 0, ISR [2], adding replicas [] and removing replicas [] . Previous leader None and previous leader epoch was -1. (state.change.logger)
[2026-06-16 18:23:43,144] INFO [Broker id=2] Creating new partition __consumer_offsets-6 with topic id zFALQC7SRLaENJFixutWYA. (state.change.logger)
[2026-06-16 18:23:43,153] INFO [Broker id=2] Leader __consumer_offsets-6 with topic id Some(zFALQC7SRLaENJFixutWYA) starts at leader epoch 0 from offset 0 with partition epoch 0, high watermark 0, ISR [2], adding replicas [] and removing replicas [] . Previous leader None and previous leader epoch was -1. (state.change.logger)
[2026-06-16 18:23:43,157] INFO [Broker id=2] Creating new partition __consumer_offsets-4 with topic id zFALQC7SRLaENJFixutWYA. (state.change.logger)
[2026-06-16 18:23:43,168] INFO [Broker id=2] Leader __consumer_offsets-4 with topic id Some(zFALQC7SRLaENJFixutWYA) starts at leader epoch 0 from offset 0 with partition epoch 0, high watermark 0, ISR [2], adding replicas [] and removing replicas [] . Previous leader None and previous leader epoch was -1. (state.change.logger)
[2026-06-16 18:26:25,277] INFO [Broker id=3] Transitioning 1 partition(s) to local leaders. (state.change.logger)
[2026-06-16 18:26:25,284] INFO [Broker id=3] Creating new partition deposit-money-topic-0 with topic id BwBoETpoSPOkeVjtsIBGAA. (state.change.logger)
[2026-06-16 18:26:25,336] INFO [Broker id=3] Leader deposit-money-topic-0 with topic id Some(BwBoETpoSPOkeVjtsIBGAA) starts at leader epoch 0 from offset 0 with partition epoch 0, high watermark 0, ISR [3], adding replicas [] and removing replicas [] . Previous leader None and previous leader epoch was -1. (state.change.logger)
[2026-06-16 18:26:30,653] INFO [Broker id=1] Transitioning 1 partition(s) to local leaders. (state.change.logger)
[2026-06-16 18:26:30,653] INFO [Broker id=1] Creating new partition withdraw-money-topic-0 with topic id ZUu8BTBBRTe__p7aiLGIpg. (state.change.logger)
[2026-06-16 18:26:30,665] INFO [Broker id=1] Leader withdraw-money-topic-0 with topic id Some(ZUu8BTBBRTe__p7aiLGIpg) starts at leader epoch 0 from offset 0 with partition epoch 0, high watermark 0, ISR [1], adding replicas [] and removing replicas [] . Previous leader None and previous leader epoch was -1. (state.change.logger)
[2026-06-16 18:28:27,491] INFO [Broker id=1] Transitioning 16 partition(s) to local leaders. (state.change.logger)
[2026-06-16 18:28:27,491] INFO [Broker id=1] Creating new partition __transaction_state-11 with topic id 9lxGrSmtSnughpu9oGEuew. (state.change.logger)
[2026-06-16 18:28:27,505] INFO [Broker id=1] Leader __transaction_state-11 with topic id Some(9lxGrSmtSnughpu9oGEuew) starts at leader epoch 0 from offset 0 with partition epoch 0, high watermark 0, ISR [1], adding replicas [] and removing replicas [] . Previous leader None and previous leader epoch was -1. (state.change.logger)
[2026-06-16 18:28:27,506] INFO [Broker id=1] Creating new partition __transaction_state-44 with topic id 9lxGrSmtSnughpu9oGEuew. (state.change.logger)
[2026-06-16 18:28:27,521] INFO [Broker id=1] Leader __transaction_state-44 with topic id Some(9lxGrSmtSnughpu9oGEuew) starts at leader epoch 0 from offset 0 with partition epoch 0, high watermark 0, ISR [1], adding replicas [] and removing replicas [] . Previous leader None and previous leader epoch was -1. (state.change.logger)
[2026-06-16 18:28:27,525] INFO [Broker id=1] Creating new partition __transaction_state-45 with topic id 9lxGrSmtSnughpu9oGEuew. (state.change.logger)
[2026-06-16 18:28:27,540] INFO [Broker id=1] Leader __transaction_state-45 with topic id Some(9lxGrSmtSnughpu9oGEuew) starts at leader epoch 0 from offset 0 with partition epoch 0, high watermark 0, ISR [1], adding replicas [] and removing replicas [] . Previous leader None and previous leader epoch was -1. (state.change.logger)
[2026-06-16 18:28:27,541] INFO [Broker id=1] Creating new partition __transaction_state-14 with topic id 9lxGrSmtSnughpu9oGEuew. (state.change.logger)
[2026-06-16 18:28:27,557] INFO [Broker id=1] Leader __transaction_state-14 with topic id Some(9lxGrSmtSnughpu9oGEuew) starts at leader epoch 0 from offset 0 with partition epoch 0, high watermark 0, ISR [1], adding replicas [] and removing replicas [] . Previous leader None and previous leader epoch was -1. (state.change.logger)
[2026-06-16 18:28:27,557] INFO [Broker id=1] Creating new partition __transaction_state-17 with topic id 9lxGrSmtSnughpu9oGEuew. (state.change.logger)
[2026-06-16 18:28:27,573] INFO [Broker id=1] Leader __transaction_state-17 with topic id Some(9lxGrSmtSnughpu9oGEuew) starts at leader epoch 0 from offset 0 with partition epoch 0, high watermark 0, ISR [1], adding replicas [] and removing replicas [] . Previous leader None and previous leader epoch was -1. (state.change.logger)
[2026-06-16 18:28:27,587] INFO [Broker id=1] Creating new partition __transaction_state-5 with topic id 9lxGrSmtSnughpu9oGEuew. (state.change.logger)
[2026-06-16 18:28:27,591] INFO [Broker id=1] Leader __transaction_state-5 with topic id Some(9lxGrSmtSnughpu9oGEuew) starts at leader epoch 0 from offset 0 with partition epoch 0, high watermark 0, ISR [1], adding replicas [] and removing replicas [] . Previous leader None and previous leader epoch was -1. (state.change.logger)
[2026-06-16 18:28:27,606] INFO [Broker id=1] Creating new partition __transaction_state-38 with topic id 9lxGrSmtSnughpu9oGEuew. (state.change.logger)
[2026-06-16 18:28:27,606] INFO [Broker id=1] Leader __transaction_state-38 with topic id Some(9lxGrSmtSnughpu9oGEuew) starts at leader epoch 0 from offset 0 with partition epoch 0, high watermark 0, ISR [1], adding replicas [] and removing replicas [] . Previous leader None and previous leader epoch was -1. (state.change.logger)
[2026-06-16 18:28:27,620] INFO [Broker id=1] Creating new partition __transaction_state-39 with topic id 9lxGrSmtSnughpu9oGEuew. (state.change.logger)
[2026-06-16 18:28:27,623] INFO [Broker id=1] Leader __transaction_state-39 with topic id Some(9lxGrSmtSnughpu9oGEuew) starts at leader epoch 0 from offset 0 with partition epoch 0, high watermark 0, ISR [1], adding replicas [] and removing replicas [] . Previous leader None and previous leader epoch was -1. (state.change.logger)
[2026-06-16 18:28:27,637] INFO [Broker id=1] Creating new partition __transaction_state-8 with topic id 9lxGrSmtSnughpu9oGEuew. (state.change.logger)
[2026-06-16 18:28:27,641] INFO [Broker id=1] Leader __transaction_state-8 with topic id Some(9lxGrSmtSnughpu9oGEuew) starts at leader epoch 0 from offset 0 with partition epoch 0, high watermark 0, ISR [1], adding replicas [] and removing replicas [] . Previous leader None and previous leader epoch was -1. (state.change.logger)
[2026-06-16 18:28:27,656] INFO [Broker id=1] Creating new partition __transaction_state-29 with topic id 9lxGrSmtSnughpu9oGEuew. (state.change.logger)
[2026-06-16 18:28:27,669] INFO [Broker id=2] Transitioning 17 partition(s) to local leaders. (state.change.logger)
[2026-06-16 18:28:27,674] INFO [Broker id=3] Transitioning 17 partition(s) to local leaders. (state.change.logger)
[2026-06-16 18:28:27,674] INFO [Broker id=2] Creating new partition __transaction_state-42 with topic id 9lxGrSmtSnughpu9oGEuew. (state.change.logger)
[2026-06-16 18:28:27,674] INFO [Broker id=3] Creating new partition __transaction_state-10 with topic id 9lxGrSmtSnughpu9oGEuew. (state.change.logger)
[2026-06-16 18:28:27,691] INFO [Broker id=1] Leader __transaction_state-29 with topic id Some(9lxGrSmtSnughpu9oGEuew) starts at leader epoch 0 from offset 0 with partition epoch 0, high watermark 0, ISR [1], adding replicas [] and removing replicas [] . Previous leader None and previous leader epoch was -1. (state.change.logger)
[2026-06-16 18:28:27,691] INFO [Broker id=1] Creating new partition __transaction_state-31 with topic id 9lxGrSmtSnughpu9oGEuew. (state.change.logger)
[2026-06-16 18:28:27,708] INFO [Broker id=3] Leader __transaction_state-10 with topic id Some(9lxGrSmtSnughpu9oGEuew) starts at leader epoch 0 from offset 0 with partition epoch 0, high watermark 0, ISR [3], adding replicas [] and removing replicas [] . Previous leader None and previous leader epoch was -1. (state.change.logger)
[2026-06-16 18:28:27,708] INFO [Broker id=3] Creating new partition __transaction_state-43 with topic id 9lxGrSmtSnughpu9oGEuew. (state.change.logger)
[2026-06-16 18:28:27,708] INFO [Broker id=2] Leader __transaction_state-42 with topic id Some(9lxGrSmtSnughpu9oGEuew) starts at leader epoch 0 from offset 0 with partition epoch 0, high watermark 0, ISR [2], adding replicas [] and removing replicas [] . Previous leader None and previous leader epoch was -1. (state.change.logger)
[2026-06-16 18:28:27,721] INFO [Broker id=1] Leader __transaction_state-31 with topic id Some(9lxGrSmtSnughpu9oGEuew) starts at leader epoch 0 from offset 0 with partition epoch 0, high watermark 0, ISR [1], adding replicas [] and removing replicas [] . Previous leader None and previous leader epoch was -1. (state.change.logger)
[2026-06-16 18:28:27,722] INFO [Broker id=2] Creating new partition __transaction_state-12 with topic id 9lxGrSmtSnughpu9oGEuew. (state.change.logger)
[2026-06-16 18:28:27,724] INFO [Broker id=1] Creating new partition __transaction_state-1 with topic id 9lxGrSmtSnughpu9oGEuew. (state.change.logger)
[2026-06-16 18:28:27,737] INFO [Broker id=3] Leader __transaction_state-43 with topic id Some(9lxGrSmtSnughpu9oGEuew) starts at leader epoch 0 from offset 0 with partition epoch 0, high watermark 0, ISR [3], adding replicas [] and removing replicas [] . Previous leader None and previous leader epoch was -1. (state.change.logger)
[2026-06-16 18:28:27,739] INFO [Broker id=2] Leader __transaction_state-12 with topic id Some(9lxGrSmtSnughpu9oGEuew) starts at leader epoch 0 from offset 0 with partition epoch 0, high watermark 0, ISR [2], adding replicas [] and removing replicas [] . Previous leader None and previous leader epoch was -1. (state.change.logger)
[2026-06-16 18:28:27,741] INFO [Broker id=3] Creating new partition __transaction_state-13 with topic id 9lxGrSmtSnughpu9oGEuew. (state.change.logger)
[2026-06-16 18:28:27,741] INFO [Broker id=2] Creating new partition __transaction_state-46 with topic id 9lxGrSmtSnughpu9oGEuew. (state.change.logger)
[2026-06-16 18:28:27,741] INFO [Broker id=1] Leader __transaction_state-1 with topic id Some(9lxGrSmtSnughpu9oGEuew) starts at leader epoch 0 from offset 0 with partition epoch 0, high watermark 0, ISR [1], adding replicas [] and removing replicas [] . Previous leader None and previous leader epoch was -1. (state.change.logger)
[2026-06-16 18:28:27,741] INFO [Broker id=1] Creating new partition __transaction_state-33 with topic id 9lxGrSmtSnughpu9oGEuew. (state.change.logger)
[2026-06-16 18:28:27,758] INFO [Broker id=2] Leader __transaction_state-46 with topic id Some(9lxGrSmtSnughpu9oGEuew) starts at leader epoch 0 from offset 0 with partition epoch 0, high watermark 0, ISR [2], adding replicas [] and removing replicas [] . Previous leader None and previous leader epoch was -1. (state.change.logger)
[2026-06-16 18:28:27,758] INFO [Broker id=3] Leader __transaction_state-13 with topic id Some(9lxGrSmtSnughpu9oGEuew) starts at leader epoch 0 from offset 0 with partition epoch 0, high watermark 0, ISR [3], adding replicas [] and removing replicas [] . Previous leader None and previous leader epoch was -1. (state.change.logger)
[2026-06-16 18:28:27,758] INFO [Broker id=1] Leader __transaction_state-33 with topic id Some(9lxGrSmtSnughpu9oGEuew) starts at leader epoch 0 from offset 0 with partition epoch 0, high watermark 0, ISR [1], adding replicas [] and removing replicas [] . Previous leader None and previous leader epoch was -1. (state.change.logger)
[2026-06-16 18:28:27,758] INFO [Broker id=2] Creating new partition __transaction_state-15 with topic id 9lxGrSmtSnughpu9oGEuew. (state.change.logger)
[2026-06-16 18:28:27,758] INFO [Broker id=3] Creating new partition __transaction_state-47 with topic id 9lxGrSmtSnughpu9oGEuew. (state.change.logger)
[2026-06-16 18:28:27,758] INFO [Broker id=1] Creating new partition __transaction_state-18 with topic id 9lxGrSmtSnughpu9oGEuew. (state.change.logger)
[2026-06-16 18:28:27,775] INFO [Broker id=3] Leader __transaction_state-47 with topic id Some(9lxGrSmtSnughpu9oGEuew) starts at leader epoch 0 from offset 0 with partition epoch 0, high watermark 0, ISR [3], adding replicas [] and removing replicas [] . Previous leader None and previous leader epoch was -1. (state.change.logger)
[2026-06-16 18:28:27,775] INFO [Broker id=2] Leader __transaction_state-15 with topic id Some(9lxGrSmtSnughpu9oGEuew) starts at leader epoch 0 from offset 0 with partition epoch 0, high watermark 0, ISR [2], adding replicas [] and removing replicas [] . Previous leader None and previous leader epoch was -1. (state.change.logger)
[2026-06-16 18:28:27,775] INFO [Broker id=1] Leader __transaction_state-18 with topic id Some(9lxGrSmtSnughpu9oGEuew) starts at leader epoch 0 from offset 0 with partition epoch 0, high watermark 0, ISR [1], adding replicas [] and removing replicas [] . Previous leader None and previous leader epoch was -1. (state.change.logger)
[2026-06-16 18:28:27,787] INFO [Broker id=3] Creating new partition __transaction_state-16 with topic id 9lxGrSmtSnughpu9oGEuew. (state.change.logger)
[2026-06-16 18:28:27,787] INFO [Broker id=2] Creating new partition __transaction_state-48 with topic id 9lxGrSmtSnughpu9oGEuew. (state.change.logger)
[2026-06-16 18:28:27,788] INFO [Broker id=1] Creating new partition __transaction_state-22 with topic id 9lxGrSmtSnughpu9oGEuew. (state.change.logger)
[2026-06-16 18:28:27,804] INFO [Broker id=3] Leader __transaction_state-16 with topic id Some(9lxGrSmtSnughpu9oGEuew) starts at leader epoch 0 from offset 0 with partition epoch 0, high watermark 0, ISR [3], adding replicas [] and removing replicas [] . Previous leader None and previous leader epoch was -1. (state.change.logger)
[2026-06-16 18:28:27,805] INFO [Broker id=1] Leader __transaction_state-22 with topic id Some(9lxGrSmtSnughpu9oGEuew) starts at leader epoch 0 from offset 0 with partition epoch 0, high watermark 0, ISR [1], adding replicas [] and removing replicas [] . Previous leader None and previous leader epoch was -1. (state.change.logger)
[2026-06-16 18:28:27,806] INFO [Broker id=2] Leader __transaction_state-48 with topic id Some(9lxGrSmtSnughpu9oGEuew) starts at leader epoch 0 from offset 0 with partition epoch 0, high watermark 0, ISR [2], adding replicas [] and removing replicas [] . Previous leader None and previous leader epoch was -1. (state.change.logger)
[2026-06-16 18:28:27,808] INFO [Broker id=3] Creating new partition __transaction_state-49 with topic id 9lxGrSmtSnughpu9oGEuew. (state.change.logger)
[2026-06-16 18:28:27,808] INFO [Broker id=1] Creating new partition __transaction_state-24 with topic id 9lxGrSmtSnughpu9oGEuew. (state.change.logger)
[2026-06-16 18:28:27,808] INFO [Broker id=2] Creating new partition __transaction_state-2 with topic id 9lxGrSmtSnughpu9oGEuew. (state.change.logger)
[2026-06-16 18:28:27,826] INFO [Broker id=1] Leader __transaction_state-24 with topic id Some(9lxGrSmtSnughpu9oGEuew) starts at leader epoch 0 from offset 0 with partition epoch 0, high watermark 0, ISR [1], adding replicas [] and removing replicas [] . Previous leader None and previous leader epoch was -1. (state.change.logger)
[2026-06-16 18:28:27,841] INFO [Broker id=3] Leader __transaction_state-49 with topic id Some(9lxGrSmtSnughpu9oGEuew) starts at leader epoch 0 from offset 0 with partition epoch 0, high watermark 0, ISR [3], adding replicas [] and removing replicas [] . Previous leader None and previous leader epoch was -1. (state.change.logger)
[2026-06-16 18:28:27,841] INFO [Broker id=2] Leader __transaction_state-2 with topic id Some(9lxGrSmtSnughpu9oGEuew) starts at leader epoch 0 from offset 0 with partition epoch 0, high watermark 0, ISR [2], adding replicas [] and removing replicas [] . Previous leader None and previous leader epoch was -1. (state.change.logger)
[2026-06-16 18:28:27,841] INFO [Broker id=3] Creating new partition __transaction_state-35 with topic id 9lxGrSmtSnughpu9oGEuew. (state.change.logger)
[2026-06-16 18:28:27,841] INFO [Broker id=2] Creating new partition __transaction_state-34 with topic id 9lxGrSmtSnughpu9oGEuew. (state.change.logger)
[2026-06-16 18:28:27,890] INFO [Broker id=2] Leader __transaction_state-34 with topic id Some(9lxGrSmtSnughpu9oGEuew) starts at leader epoch 0 from offset 0 with partition epoch 0, high watermark 0, ISR [2], adding replicas [] and removing replicas [] . Previous leader None and previous leader epoch was -1. (state.change.logger)
[2026-06-16 18:28:27,890] INFO [Broker id=3] Leader __transaction_state-35 with topic id Some(9lxGrSmtSnughpu9oGEuew) starts at leader epoch 0 from offset 0 with partition epoch 0, high watermark 0, ISR [3], adding replicas [] and removing replicas [] . Previous leader None and previous leader epoch was -1. (state.change.logger)
[2026-06-16 18:28:27,903] INFO [Broker id=2] Creating new partition __transaction_state-3 with topic id 9lxGrSmtSnughpu9oGEuew. (state.change.logger)
[2026-06-16 18:28:27,907] INFO [Broker id=3] Creating new partition __transaction_state-4 with topic id 9lxGrSmtSnughpu9oGEuew. (state.change.logger)
[2026-06-16 18:28:27,923] INFO [Broker id=2] Leader __transaction_state-3 with topic id Some(9lxGrSmtSnughpu9oGEuew) starts at leader epoch 0 from offset 0 with partition epoch 0, high watermark 0, ISR [2], adding replicas [] and removing replicas [] . Previous leader None and previous leader epoch was -1. (state.change.logger)
[2026-06-16 18:28:27,923] INFO [Broker id=2] Creating new partition __transaction_state-37 with topic id 9lxGrSmtSnughpu9oGEuew. (state.change.logger)
[2026-06-16 18:28:27,941] INFO [Broker id=3] Leader __transaction_state-4 with topic id Some(9lxGrSmtSnughpu9oGEuew) starts at leader epoch 0 from offset 0 with partition epoch 0, high watermark 0, ISR [3], adding replicas [] and removing replicas [] . Previous leader None and previous leader epoch was -1. (state.change.logger)
[2026-06-16 18:28:27,941] INFO [Broker id=3] Creating new partition __transaction_state-36 with topic id 9lxGrSmtSnughpu9oGEuew. (state.change.logger)
[2026-06-16 18:28:27,957] INFO [Broker id=2] Leader __transaction_state-37 with topic id Some(9lxGrSmtSnughpu9oGEuew) starts at leader epoch 0 from offset 0 with partition epoch 0, high watermark 0, ISR [2], adding replicas [] and removing replicas [] . Previous leader None and previous leader epoch was -1. (state.change.logger)
[2026-06-16 18:28:27,971] INFO [Broker id=2] Creating new partition __transaction_state-7 with topic id 9lxGrSmtSnughpu9oGEuew. (state.change.logger)
[2026-06-16 18:28:27,974] INFO [Broker id=3] Leader __transaction_state-36 with topic id Some(9lxGrSmtSnughpu9oGEuew) starts at leader epoch 0 from offset 0 with partition epoch 0, high watermark 0, ISR [3], adding replicas [] and removing replicas [] . Previous leader None and previous leader epoch was -1. (state.change.logger)
[2026-06-16 18:28:27,974] INFO [Broker id=3] Creating new partition __transaction_state-6 with topic id 9lxGrSmtSnughpu9oGEuew. (state.change.logger)
[2026-06-16 18:28:27,993] INFO [Broker id=2] Leader __transaction_state-7 with topic id Some(9lxGrSmtSnughpu9oGEuew) starts at leader epoch 0 from offset 0 with partition epoch 0, high watermark 0, ISR [2], adding replicas [] and removing replicas [] . Previous leader None and previous leader epoch was -1. (state.change.logger)
[2026-06-16 18:28:27,993] INFO [Broker id=2] Creating new partition __transaction_state-40 with topic id 9lxGrSmtSnughpu9oGEuew. (state.change.logger)
[2026-06-16 18:28:28,004] INFO [Broker id=3] Leader __transaction_state-6 with topic id Some(9lxGrSmtSnughpu9oGEuew) starts at leader epoch 0 from offset 0 with partition epoch 0, high watermark 0, ISR [3], adding replicas [] and removing replicas [] . Previous leader None and previous leader epoch was -1. (state.change.logger)
[2026-06-16 18:28:28,007] INFO [Broker id=3] Creating new partition __transaction_state-41 with topic id 9lxGrSmtSnughpu9oGEuew. (state.change.logger)
[2026-06-16 18:28:28,007] INFO [Broker id=2] Leader __transaction_state-40 with topic id Some(9lxGrSmtSnughpu9oGEuew) starts at leader epoch 0 from offset 0 with partition epoch 0, high watermark 0, ISR [2], adding replicas [] and removing replicas [] . Previous leader None and previous leader epoch was -1. (state.change.logger)
[2026-06-16 18:28:28,007] INFO [Broker id=2] Creating new partition __transaction_state-9 with topic id 9lxGrSmtSnughpu9oGEuew. (state.change.logger)
[2026-06-16 18:28:28,022] INFO [Broker id=3] Leader __transaction_state-41 with topic id Some(9lxGrSmtSnughpu9oGEuew) starts at leader epoch 0 from offset 0 with partition epoch 0, high watermark 0, ISR [3], adding replicas [] and removing replicas [] . Previous leader None and previous leader epoch was -1. (state.change.logger)
[2026-06-16 18:28:28,024] INFO [Broker id=3] Creating new partition __transaction_state-27 with topic id 9lxGrSmtSnughpu9oGEuew. (state.change.logger)
[2026-06-16 18:28:28,024] INFO [Broker id=2] Leader __transaction_state-9 with topic id Some(9lxGrSmtSnughpu9oGEuew) starts at leader epoch 0 from offset 0 with partition epoch 0, high watermark 0, ISR [2], adding replicas [] and removing replicas [] . Previous leader None and previous leader epoch was -1. (state.change.logger)
[2026-06-16 18:28:28,024] INFO [Broker id=2] Creating new partition __transaction_state-26 with topic id 9lxGrSmtSnughpu9oGEuew. (state.change.logger)
[2026-06-16 18:28:28,037] INFO [Broker id=3] Leader __transaction_state-27 with topic id Some(9lxGrSmtSnughpu9oGEuew) starts at leader epoch 0 from offset 0 with partition epoch 0, high watermark 0, ISR [3], adding replicas [] and removing replicas [] . Previous leader None and previous leader epoch was -1. (state.change.logger)
[2026-06-16 18:28:28,041] INFO [Broker id=3] Creating new partition __transaction_state-30 with topic id 9lxGrSmtSnughpu9oGEuew. (state.change.logger)
[2026-06-16 18:28:28,044] INFO [Broker id=2] Leader __transaction_state-26 with topic id Some(9lxGrSmtSnughpu9oGEuew) starts at leader epoch 0 from offset 0 with partition epoch 0, high watermark 0, ISR [2], adding replicas [] and removing replicas [] . Previous leader None and previous leader epoch was -1. (state.change.logger)
[2026-06-16 18:28:28,048] INFO [Broker id=2] Creating new partition __transaction_state-28 with topic id 9lxGrSmtSnughpu9oGEuew. (state.change.logger)
[2026-06-16 18:28:28,057] INFO [Broker id=3] Leader __transaction_state-30 with topic id Some(9lxGrSmtSnughpu9oGEuew) starts at leader epoch 0 from offset 0 with partition epoch 0, high watermark 0, ISR [3], adding replicas [] and removing replicas [] . Previous leader None and previous leader epoch was -1. (state.change.logger)
[2026-06-16 18:28:28,060] INFO [Broker id=3] Creating new partition __transaction_state-0 with topic id 9lxGrSmtSnughpu9oGEuew. (state.change.logger)
[2026-06-16 18:28:28,064] INFO [Broker id=2] Leader __transaction_state-28 with topic id Some(9lxGrSmtSnughpu9oGEuew) starts at leader epoch 0 from offset 0 with partition epoch 0, high watermark 0, ISR [2], adding replicas [] and removing replicas [] . Previous leader None and previous leader epoch was -1. (state.change.logger)
[2026-06-16 18:28:28,068] INFO [Broker id=2] Creating new partition __transaction_state-32 with topic id 9lxGrSmtSnughpu9oGEuew. (state.change.logger)
[2026-06-16 18:28:28,074] INFO [Broker id=3] Leader __transaction_state-0 with topic id Some(9lxGrSmtSnughpu9oGEuew) starts at leader epoch 0 from offset 0 with partition epoch 0, high watermark 0, ISR [3], adding replicas [] and removing replicas [] . Previous leader None and previous leader epoch was -1. (state.change.logger)
[2026-06-16 18:28:28,074] INFO [Broker id=3] Creating new partition __transaction_state-19 with topic id 9lxGrSmtSnughpu9oGEuew. (state.change.logger)
[2026-06-16 18:28:28,074] INFO [Broker id=2] Leader __transaction_state-32 with topic id Some(9lxGrSmtSnughpu9oGEuew) starts at leader epoch 0 from offset 0 with partition epoch 0, high watermark 0, ISR [2], adding replicas [] and removing replicas [] . Previous leader None and previous leader epoch was -1. (state.change.logger)
[2026-06-16 18:28:28,074] INFO [Broker id=2] Creating new partition __transaction_state-20 with topic id 9lxGrSmtSnughpu9oGEuew. (state.change.logger)
[2026-06-16 18:28:28,089] INFO [Broker id=3] Leader __transaction_state-19 with topic id Some(9lxGrSmtSnughpu9oGEuew) starts at leader epoch 0 from offset 0 with partition epoch 0, high watermark 0, ISR [3], adding replicas [] and removing replicas [] . Previous leader None and previous leader epoch was -1. (state.change.logger)
[2026-06-16 18:28:28,091] INFO [Broker id=3] Creating new partition __transaction_state-21 with topic id 9lxGrSmtSnughpu9oGEuew. (state.change.logger)
[2026-06-16 18:28:28,091] INFO [Broker id=2] Leader __transaction_state-20 with topic id Some(9lxGrSmtSnughpu9oGEuew) starts at leader epoch 0 from offset 0 with partition epoch 0, high watermark 0, ISR [2], adding replicas [] and removing replicas [] . Previous leader None and previous leader epoch was -1. (state.change.logger)
[2026-06-16 18:28:28,091] INFO [Broker id=2] Creating new partition __transaction_state-23 with topic id 9lxGrSmtSnughpu9oGEuew. (state.change.logger)
[2026-06-16 18:28:28,107] INFO [Broker id=3] Leader __transaction_state-21 with topic id Some(9lxGrSmtSnughpu9oGEuew) starts at leader epoch 0 from offset 0 with partition epoch 0, high watermark 0, ISR [3], adding replicas [] and removing replicas [] . Previous leader None and previous leader epoch was -1. (state.change.logger)
[2026-06-16 18:28:28,107] INFO [Broker id=3] Creating new partition __transaction_state-25 with topic id 9lxGrSmtSnughpu9oGEuew. (state.change.logger)
[2026-06-16 18:28:28,107] INFO [Broker id=2] Leader __transaction_state-23 with topic id Some(9lxGrSmtSnughpu9oGEuew) starts at leader epoch 0 from offset 0 with partition epoch 0, high watermark 0, ISR [2], adding replicas [] and removing replicas [] . Previous leader None and previous leader epoch was -1. (state.change.logger)
[2026-06-16 18:28:28,124] INFO [Broker id=3] Leader __transaction_state-25 with topic id Some(9lxGrSmtSnughpu9oGEuew) starts at leader epoch 0 from offset 0 with partition epoch 0, high watermark 0, ISR [3], adding replicas [] and removing replicas [] . Previous leader None and previous leader epoch was -1. (state.change.logger)
